
* Info: Selecting the 'perf-low-ppn' engine for node romeologin1.ro18.urca

* Info: Process launched (host romeologin1.ro18.urca, process 658)                   0;              2764800;            582541814;           0.005
                   1;              2764800;            578401258;           0.005
                   2;              2764800;            578956386;           0.005
                   3;              2764800;            578551410;           0.005
                   4;              2764800;            578743764;           0.005
                   5;              2764800;            578670154;           0.005
                   6;              2764800;            578806382;           0.005
                   7;              2764800;            579011502;           0.005
                   8;              2764800;            578984388;           0.005
                   9;              2764800;            578945236;           0.005
                  10;              2764800;            579121160;           0.005
                  11;              2764800;            579196838;           0.005
                  12;              2764800;            579201766;           0.005
                  13;              2764800;            579381798;           0.005
                  14;              2764800;            579172978;           0.005
                  15;              2764800;            579319216;           0.005
                  16;              2764800;            579320246;           0.005
                  17;              2764800;            579436332;           0.005
                  18;              2764800;            579428572;           0.005
                  19;              2764800;            579566740;           0.005
                  20;              2764800;            579311668;           0.005
                  21;              2764800;            579383602;           0.005
                  22;              2764800;            579308390;           0.005
                  23;              2764800;            579382118;           0.005
                  24;              2764800;            579541538;           0.005
                  25;              2764800;            579373838;           0.005
                  26;              2764800;            579460332;           0.005
                  27;              2764800;            579417096;           0.005
                  28;              2764800;            579343320;           0.005
                  29;              2764800;            579557812;           0.005
                  30;              2764800;            579694634;           0.005
                  31;              2764800;            579544458;           0.005
                  32;              2764800;            579604394;           0.005
                  33;              2764800;            579539314;           0.005
                  34;              2764800;            579580054;           0.005
                  35;              2764800;            579578412;           0.005
                  36;              2764800;            579756448;           0.005
                  37;              2764800;            579723610;           0.005
                  38;              2764800;            579613894;           0.005
                  39;              2764800;            579648608;           0.005
                  40;              2764800;            579677068;           0.005
                  41;              2764800;            580039572;           0.005
                  42;              2764800;            579553270;           0.005
                  43;              2764800;            579609976;           0.005
                  44;              2764800;            579592658;           0.005
                  45;              2764800;            579622706;           0.005
                  46;              2764800;            579660252;           0.005
                  47;              2764800;            579910854;           0.005
                  48;              2764800;            579662914;           0.005
                  49;              2764800;            579681186;           0.005
                  50;              2764800;            579682866;           0.005
                  51;              2764800;            579590220;           0.005
                  52;              2764800;            579657484;           0.005
                  53;              2764800;            579850750;           0.005
                  54;              2764800;            579498884;           0.005
                  55;              2764800;            579499366;           0.005
                  56;              2764800;            579815520;           0.005
                  57;              2764800;            579939172;           0.005
                  58;              2764800;            579778210;           0.005
                  59;              2764800;            579626722;           0.005
                  60;              2764800;            579722504;           0.005
                  61;              2764800;            579553774;           0.005
                  62;              2764800;            579617096;           0.005
                  63;              2764800;            579650774;           0.005
                  64;              2764800;            580025814;           0.005
                  65;              2764800;            579867660;           0.005
                  66;              2764800;            579737610;           0.005
                  67;              2764800;            579555260;           0.005
                  68;              2764800;            579489150;           0.005
                  69;              2764800;            579643184;           0.005
                  70;              2764800;            579616754;           0.005
                  71;              2764800;            579568752;           0.005
                  72;              2764800;            579498886;           0.005
                  73;              2764800;            579525270;           0.005
                  74;              2764800;            579507206;           0.005
                  75;              2764800;            579928098;           0.005
                  76;              2764800;            579408202;           0.005
                  77;              2764800;            579605450;           0.005
                  78;              2764800;            579500944;           0.005
                  79;              2764800;            580594726;           0.005
                  80;              2764800;            580754886;           0.005
                  81;              2764800;            581242674;           0.005
                  82;              2764800;            580831974;           0.005
                  83;              2764800;            580845400;           0.005
                  84;              2764800;            580628850;           0.005
                  85;              2764800;            580705766;           0.005
                  86;              2764800;            580098638;           0.005
                  87;              2764800;            579514370;           0.005
                  88;              2764800;            579442940;           0.005
                  89;              2764800;            579483354;           0.005
                  90;              2764800;            579378210;           0.005
                  91;              2764800;            579447700;           0.005
                  92;              2764800;            579569704;           0.005
                  93;              2764800;            579402366;           0.005
                  94;              2764800;            579450400;           0.005
                  95;              2764800;            579383388;           0.005
                  96;              2764800;            579276614;           0.005
                  97;              2764800;            579557800;           0.005
                  98;              2764800;            579481504;           0.005
                  99;              2764800;            579418052;           0.005
                 100;              2764800;            579316026;           0.005
                 101;              2764800;            579528658;           0.005
                 102;              2764800;            579389646;           0.005
                 103;              2764800;            579511968;           0.005
                 104;              2764800;            579268410;           0.005
                 105;              2764800;            579533360;           0.005
                 106;              2764800;            579374070;           0.005
                 107;              2764800;            579450528;           0.005
                 108;              2764800;            579520318;           0.005
                 109;              2764800;            579546142;           0.005
                 110;              2764800;            579305968;           0.005
                 111;              2764800;            579464316;           0.005
                 112;              2764800;            579330864;           0.005
                 113;              2764800;            579430156;           0.005
                 114;              2764800;            579325108;           0.005
                 115;              2764800;            579435668;           0.005
                 116;              2764800;            579326344;           0.005
                 117;              2764800;            579365598;           0.005
                 118;              2764800;            579274496;           0.005
                 119;              2764800;            579326146;           0.005
                 120;              2764800;            579422738;           0.005
                 121;              2764800;            579400774;           0.005
                 122;              2764800;            579415616;           0.005
                 123;              2764800;            579416106;           0.005
                 124;              2764800;            579384104;           0.005
                 125;              2764800;            579433328;           0.005
                 126;              2764800;            579498970;           0.005
                 127;              2764800;            579251810;           0.005
                 128;              2764800;            579294944;           0.005
                 129;              2764800;            579254258;           0.005
                 130;              2764800;            579278524;           0.005
                 131;              2764800;            579276798;           0.005
                 132;              2764800;            579224590;           0.005
                 133;              2764800;            579283210;           0.005
                 134;              2764800;            579241396;           0.005
                 135;              2764800;            579248978;           0.005
                 136;              2764800;            579253398;           0.005
                 137;              2764800;            579381000;           0.005
                 138;              2764800;            579163188;           0.005
                 139;              2764800;            579222194;           0.005
                 140;              2764800;            579259882;           0.005
                 141;              2764800;            579153582;           0.005
                 142;              2764800;            579248924;           0.005
                 143;              2764800;            579352954;           0.005
                 144;              2764800;            579184514;           0.005
                 145;              2764800;            579213898;           0.005
                 146;              2764800;            579328070;           0.005
                 147;              2764800;            579163534;           0.005
                 148;              2764800;            579336268;           0.005
                 149;              2764800;            579156664;           0.005
                 150;              2764800;            579365198;           0.005
                 151;              2764800;            579139532;           0.005
                 152;              2764800;            579163252;           0.005
                 153;              2764800;            579188044;           0.005
                 154;              2764800;            579313624;           0.005
                 155;              2764800;            579078274;           0.005
                 156;              2764800;            579209334;           0.005
                 157;              2764800;            579296980;           0.005
                 158;              2764800;            579188774;           0.005
                 159;              2764800;            579217582;           0.005
                 160;              2764800;            579260376;           0.005
                 161;              2764800;            579194622;           0.005
                 162;              2764800;            579111566;           0.005
                 163;              2764800;            579235170;           0.005
                 164;              2764800;            579350894;           0.005
                 165;              2764800;            579313506;           0.005
                 166;              2764800;            579190474;           0.005
                 167;              2764800;            579249502;           0.005
                 168;              2764800;            579198350;           0.005
                 169;              2764800;            579243546;           0.005
                 170;              2764800;            579246432;           0.005
                 171;              2764800;            579307834;           0.005
                 172;              2764800;            579131096;           0.005
                 173;              2764800;            579171326;           0.005
                 174;              2764800;            579158468;           0.005
                 175;              2764800;            578692602;           0.005
                 176;              2764800;            578714476;           0.005
                 177;              2764800;            578670962;           0.005
                 178;              2764800;            578744058;           0.005
                 179;              2764800;            578674582;           0.005
                 180;              2764800;            578828640;           0.005
                 181;              2764800;            578906700;           0.005
                 182;              2764800;            578975898;           0.005
                 183;              2764800;            578849512;           0.005
                 184;              2764800;            579010220;           0.005
                 185;              2764800;            579023882;           0.005
                 186;              2764800;            578966860;           0.005
                 187;              2764800;            579055438;           0.005
                 188;              2764800;            579126182;           0.005
                 189;              2764800;            579213192;           0.005
                 190;              2764800;            578971742;           0.005
                 191;              2764800;            579115176;           0.005
                 192;              2764800;            579123700;           0.005
                 193;              2764800;            579101714;           0.005
                 194;              2764800;            579081370;           0.005
                 195;              2764800;            579116416;           0.005
                 196;              2764800;            579101468;           0.005
                 197;              2764800;            579020234;           0.005
                 198;              2764800;            579113184;           0.005
                 199;              2764800;            579150828;           0.005
                 200;              2764800;            579075680;           0.005
                 201;              2764800;            579075374;           0.005
                 202;              2764800;            578994386;           0.005
                 203;              2764800;            579018654;           0.005
                 204;              2764800;            579147046;           0.005
                 205;              2764800;            579155976;           0.005
                 206;              2764800;            579036850;           0.005
                 207;              2764800;            578998744;           0.005
                 208;              2764800;            578943430;           0.005
                 209;              2764800;            579108730;           0.005
                 210;              2764800;            579206554;           0.005
                 211;              2764800;            578954754;           0.005
                 212;              2764800;            579026048;           0.005
                 213;              2764800;            578989968;           0.005
                 214;              2764800;            579052594;           0.005
                 215;              2764800;            578993986;           0.005
                 216;              2764800;            579157316;           0.005
                 217;              2764800;            578904498;           0.005
                 218;              2764800;            578901150;           0.005
                 219;              2764800;            578806446;           0.005
                 220;              2764800;            578886558;           0.005
                 221;              2764800;            578975968;           0.005
                 222;              2764800;            578715364;           0.005
                 223;              2764800;            578786730;           0.005
                 224;              2764800;            578818548;           0.005
                 225;              2764800;            578341630;           0.005
                 226;              2764800;            578724020;           0.005
                 227;              2764800;            578823092;           0.005
                 228;              2764800;            578805354;           0.005
                 229;              2764800;            578875682;           0.005
                 230;              2764800;            578987578;           0.005
                 231;              2764800;            579005830;           0.005
                 232;              2764800;            579285376;           0.005
                 233;              2764800;            579246960;           0.005
                 234;              2764800;            579203644;           0.005
                 235;              2764800;            579331022;           0.005
                 236;              2764800;            579438954;           0.005
                 237;              2764800;            578844652;           0.005
                 238;              2764800;            579099814;           0.005
                 239;              2764800;            579206004;           0.005
                 240;              2764800;            579303444;           0.005
                 241;              2764800;            579245850;           0.005
                 242;              2764800;            579274820;           0.005
                 243;              2764800;            579383308;           0.005
                 244;              2764800;            579494144;           0.005
                 245;              2764800;            579352296;           0.005
                 246;              2764800;            579388566;           0.005
                 247;              2764800;            579456942;           0.005
                 248;              2764800;            579487186;           0.005
                 249;              2764800;            579614638;           0.005
                 250;              2764800;            579463718;           0.005
                 251;              2764800;            579466448;           0.005
                 252;              2764800;            579469470;           0.005
                 253;              2764800;            579487136;           0.005
                 254;              2764800;            579429376;           0.005
                 255;              2764800;            579572104;           0.005
                 256;              2764800;            579538960;           0.005
                 257;              2764800;            579600504;           0.005
                 258;              2764800;            579537668;           0.005
                 259;              2764800;            579746682;           0.005
                 260;              2764800;            579689082;           0.005
                 261;              2764800;            580550952;           0.005
                 262;              2764800;            581010284;           0.005
                 263;              2764800;            580099402;           0.005
                 264;              2764800;            579726740;           0.005
                 265;              2764800;            579527122;           0.005
                 266;              2764800;            579671868;           0.005
                 267;              2764800;            579484564;           0.005
                 268;              2764800;            579563742;           0.005
                 269;              2764800;            579496646;           0.005
                 270;              2764800;            579432976;           0.005
                 271;              2764800;            579448266;           0.005
                 272;              2764800;            579476606;           0.005
                 273;              2764800;            579276642;           0.005
                 274;              2764800;            579435378;           0.005
                 275;              2764800;            579394946;           0.005
                 276;              2764800;            579278554;           0.005
                 277;              2764800;            579311070;           0.005
                 278;              2764800;            579248732;           0.005
                 279;              2764800;            579218222;           0.005
                 280;              2764800;            579224516;           0.005
                 281;              2764800;            579325658;           0.005
                 282;              2764800;            579395152;           0.005
                 283;              2764800;            579376882;           0.005
                 284;              2764800;            579252460;           0.005
                 285;              2764800;            579334600;           0.005
                 286;              2764800;            579249584;           0.005
                 287;              2764800;            579222598;           0.005
                 288;              2764800;            579415658;           0.005
                 289;              2764800;            579474396;           0.005
                 290;              2764800;            579461806;           0.005
                 291;              2764800;            579460182;           0.005
                 292;              2764800;            579373340;           0.005
                 293;              2764800;            579457516;           0.005
                 294;              2764800;            579510862;           0.005
                 295;              2764800;            579509508;           0.005
                 296;              2764800;            579451936;           0.005
                 297;              2764800;            579487908;           0.005
                 298;              2764800;            579374344;           0.005
                 299;              2764800;            579448206;           0.005
                 300;              2764800;            579499100;           0.005
                 301;              2764800;            579429706;           0.005
                 302;              2764800;            579471056;           0.005
                 303;              2764800;            579540532;           0.005
                 304;              2764800;            579529812;           0.005
                 305;              2764800;            579422192;           0.005
                 306;              2764800;            579500230;           0.005
                 307;              2764800;            579379596;           0.005
                 308;              2764800;            579412706;           0.005
                 309;              2764800;            579394912;           0.005
                 310;              2764800;            579496870;           0.005
                 311;              2764800;            579541468;           0.005
                 312;              2764800;            579413674;           0.005
                 313;              2764800;            579381182;           0.005
                 314;              2764800;            579433846;           0.005
                 315;              2764800;            579359002;           0.005
                 316;              2764800;            579477154;           0.005
                 317;              2764800;            579509414;           0.005
                 318;              2764800;            580224754;           0.005
                 319;              2764800;            579729732;           0.005
                 320;              2764800;            579515966;           0.005
                 321;              2764800;            579553170;           0.005
                 322;              2764800;            579529042;           0.005
                 323;              2764800;            579468042;           0.005
                 324;              2764800;            579471602;           0.005
                 325;              2764800;            579434202;           0.005
                 326;              2764800;            579462576;           0.005
                 327;              2764800;            579462698;           0.005
                 328;              2764800;            579543264;           0.005
                 329;              2764800;            579524368;           0.005
                 330;              2764800;            579470890;           0.005
                 331;              2764800;            579397548;           0.005
                 332;              2764800;            578940920;           0.005
                 333;              2764800;            579033816;           0.005
                 334;              2764800;            579250172;           0.005
                 335;              2764800;            579092852;           0.005
                 336;              2764800;            579211994;           0.005
                 337;              2764800;            579224284;           0.005
                 338;              2764800;            579231806;           0.005
                 339;              2764800;            579350260;           0.005
                 340;              2764800;            579311564;           0.005
                 341;              2764800;            579229650;           0.005
                 342;              2764800;            579242844;           0.005
                 343;              2764800;            579213550;           0.005
                 344;              2764800;            579316930;           0.005
                 345;              2764800;            579434438;           0.005
                 346;              2764800;            579268100;           0.005
                 347;              2764800;            579326982;           0.005
                 348;              2764800;            579278394;           0.005
                 349;              2764800;            579390876;           0.005
                 350;              2764800;            579382430;           0.005
                 351;              2764800;            579395718;           0.005
                 352;              2764800;            579249260;           0.005
                 353;              2764800;            579358216;           0.005
                 354;              2764800;            579434540;           0.005
                 355;              2764800;            579398110;           0.005
                 356;              2764800;            579395508;           0.005
                 357;              2764800;            579333430;           0.005
                 358;              2764800;            579400798;           0.005
                 359;              2764800;            579347562;           0.005

* Info: Process finished (host romeologin1.ro18.urca, process 658)
* Info: Dumping samples (host romeologin1.ro18.urca, process 658)
* Info: Dumping source info for callchain nodes (host romeologin1.ro18.urca, process 658)
* Info: Building/writing metadata (host romeologin1.ro18.urca)
* Info: Finished collect step (host romeologin1.ro18.urca, process 658)

Your experiment path is /home/antvidal/AOC/AOC-Computer-vision/maqao/sobel_baseline/tools/lprof_npsu_run_0

To display your profiling results:
#################################################################################################
#    LEVEL    |     REPORT     |                            COMMAND                             #
#################################################################################################
#  Functions  |  Cluster-wide  |  maqao lprof -df xp=/home/antvidal/AOC/AOC-Computer-vision/ma  #
#  Functions  |  Per-node      |  maqao lprof -df -dn xp=/home/antvidal/AOC/AOC-Computer-visio  #
#  Functions  |  Per-process   |  maqao lprof -df -dp xp=/home/antvidal/AOC/AOC-Computer-visio  #
#  Functions  |  Per-thread    |  maqao lprof -df -dt xp=/home/antvidal/AOC/AOC-Computer-visio  #
#  Loops      |  Cluster-wide  |  maqao lprof -dl xp=/home/antvidal/AOC/AOC-Computer-vision/ma  #
#  Loops      |  Per-node      |  maqao lprof -dl -dn xp=/home/antvidal/AOC/AOC-Computer-visio  #
#  Loops      |  Per-process   |  maqao lprof -dl -dp xp=/home/antvidal/AOC/AOC-Computer-visio  #
#  Loops      |  Per-thread    |  maqao lprof -dl -dt xp=/home/antvidal/AOC/AOC-Computer-visio  #
#################################################################################################

