/usr/bin/ld: /tmp/ccZOySi6.o: in function `main':
/home/vidal/Desktop/AOC_oseret/Projet/AOC-Computer-vision/sobel.c:216: undefined reference to `omp_set_num_threads'
/usr/bin/ld: /home/vidal/Desktop/AOC_oseret/Projet/AOC-Computer-vision/sobel.c:217: undefined reference to `omp_get_num_threads'
collect2: error: ld returned 1 exit status
make: *** [Makefile:28: sobel_v3] Error 1
sobel.c: In function ‘sobel_v2’:
sobel.c:180:42: error: ‘threshold’ undeclared (first use in this function)
  180 |       *(oframe + i_W3_j) = (mag_approx > threshold) ? 255 : (mag_approx);
      |                                          ^~~~~~~~~
sobel.c:180:42: note: each undeclared identifier is reported only once for each function it appears in
make: *** [Makefile:22: sobel_v2] Error 1
sobel.c: In function ‘sobel_v2’:
sobel.c:180:42: error: ‘threshold’ undeclared (first use in this function)
  180 |       *(oframe + i_W3_j) = (mag_approx > threshold) ? 255 : (mag_approx);
      |                                          ^~~~~~~~~
sobel.c:180:42: note: each undeclared identifier is reported only once for each function it appears in
make: *** [Makefile:22: sobel_v2] Error 1
sobel.c: In function ‘main’:
sobel.c:257:25: error: expected expression before ‘;’ token
  257 |   for(size_t i = 0; i < ; i++)
      |                         ^
sobel.c:262:32: warning: passing argument 1 of ‘grayscale_weighted’ makes pointer from integer without a cast [-Wint-conversion]
  262 |       grayscale_weighted(cframe[i]);
      |                          ~~~~~~^~~
      |                                |
      |                                u8 {aka unsigned char}
sobel.c:16:29: note: expected ‘u8 *’ {aka ‘unsigned char *’} but argument is of type ‘u8’ {aka ‘unsigned char’}
   16 | void grayscale_weighted(u8 *frame)
      |                         ~~~~^~~~~
sobel.c:270:28: warning: passing argument 1 of ‘sobel_baseline’ makes pointer from integer without a cast [-Wint-conversion]
  270 |       sobel_baseline(cframe[i], oframe[i], 100.0);
      |                      ~~~~~~^~~
      |                            |
      |                            u8 {aka unsigned char}
sobel.c:70:25: note: expected ‘u8 *’ {aka ‘unsigned char *’} but argument is of type ‘u8’ {aka ‘unsigned char’}
   70 | void sobel_baseline(u8 *cframe, u8 *oframe, f32 threshold)
      |                     ~~~~^~~~~~
sobel.c:270:39: warning: passing argument 2 of ‘sobel_baseline’ makes pointer from integer without a cast [-Wint-conversion]
  270 |       sobel_baseline(cframe[i], oframe[i], 100.0);
      |                                 ~~~~~~^~~
      |                                       |
      |                                       u8 {aka unsigned char}
sobel.c:70:37: note: expected ‘u8 *’ {aka ‘unsigned char *’} but argument is of type ‘u8’ {aka ‘unsigned char’}
   70 | void sobel_baseline(u8 *cframe, u8 *oframe, f32 threshold)
      |                                 ~~~~^~~~~~
sobel.c:293:20: warning: passing argument 1 of ‘fwrite’ makes pointer from integer without a cast [-Wint-conversion]
  293 |       fwrite(oframe[i], sizeof(u8), H * W * 3, fpo);
      |              ~~~~~~^~~
      |                    |
      |                    u8 {aka unsigned char}
In file included from sobel.c:5:
/usr/include/stdio.h:652:46: note: expected ‘const void * restrict’ but argument is of type ‘u8’ {aka ‘unsigned char’}
  652 | extern size_t fwrite (const void *__restrict __ptr, size_t __size,
      |                       ~~~~~~~~~~~~~~~~~~~~~~~^~~~~
make: *** [Makefile:13: sob_baseline] Error 1
sobel.c: In function ‘main’:
sobel.c:265:33: error: ‘i’ undeclared (first use in this function); did you mean ‘i8’?
  265 |       grayscale_weighted(cframe[i]);
      |                                 ^
      |                                 i8
sobel.c:265:33: note: each undeclared identifier is reported only once for each function it appears in
sobel.c:277:7: warning: implicit declaration of function ‘sobel_v2’; did you mean ‘sobel_v3’? [-Wimplicit-function-declaration]
  277 |       sobel_v2(cframe[i], oframe[i]);
      |       ^~~~~~~~
      |       sobel_v3
make: *** [Makefile:22: sobel_v2] Error 1
sobel.c: In function ‘main’:
sobel.c:265:33: error: ‘i’ undeclared (first use in this function); did you mean ‘i8’?
  265 |       grayscale_weighted(cframe[i]);
      |                                 ^
      |                                 i8
sobel.c:265:33: note: each undeclared identifier is reported only once for each function it appears in
sobel.c:277:7: warning: implicit declaration of function ‘sobel_v2’; did you mean ‘sobel_v3’? [-Wimplicit-function-declaration]
  277 |       sobel_v2(cframe, oframe);
      |       ^~~~~~~~
      |       sobel_v3
make: *** [Makefile:22: sobel_v2] Error 1
sobel.c: In function ‘main’:
sobel.c:304:3: error: ‘nb_bytes_video’ undeclared (first use in this function)
  304 |   nb_bytes_video = fread(cframe, (u64)video.st_size/NB_FRAMES_VIDEO, NB_FRAMES_VIDEO, fpi);
      |   ^~~~~~~~~~~~~~
sobel.c:304:3: note: each undeclared identifier is reported only once for each function it appears in
make: *** [Makefile:34: sobel_v4] Error 1
sobel.c: In function ‘main’:
sobel.c:395:1: error: expected declaration or statement at end of input
  395 | }
      | ^
make: *** [Makefile:34: sobel_v4] Error 1
sobel.c: In function ‘sobel_v4’:
sobel.c:247:21: error: wrong type argument to unary minus
  247 |       mag_approx += - *(cframe + i_W3_j + 2) + *(cframe + i_W3_j + 6) + 2 * ( *(cframe + i_W3_j + 7) - *(cframe + i_W3_j + 1) );
      |                     ^
sobel.c:250:26: warning: assignment to ‘u8 *’ {aka ‘unsigned char *’} from ‘u32’ {aka ‘unsigned int’} makes pointer from integer without a cast [-Wint-conversion]
  250 |       *(oframe + i_W3_j) = (mag_approx > THRESHOLD) ? 255 : (mag_approx);
      |                          ^
sobel.c: In function ‘main’:
sobel.c:330:22: warning: passing argument 1 of ‘sobel_v4’ makes pointer from integer without a cast [-Wint-conversion]
  330 |       sobel_v4(cframe[i], oframe[i]);
      |                ~~~~~~^~~
      |                      |
      |                      u8 {aka unsigned char}
sobel.c:233:26: note: expected ‘u8 ** const’ {aka ‘unsigned char ** const’} but argument is of type ‘u8’ {aka ‘unsigned char’}
  233 | void sobel_v4(u8** const cframe, u8** restrict oframe)
      |               ~~~~~~~~~~~^~~~~~
sobel.c:330:33: warning: passing argument 2 of ‘sobel_v4’ makes pointer from integer without a cast [-Wint-conversion]
  330 |       sobel_v4(cframe[i], oframe[i]);
      |                           ~~~~~~^~~
      |                                 |
      |                                 u8 {aka unsigned char}
sobel.c:233:48: note: expected ‘u8 ** restrict’ {aka ‘unsigned char ** restrict’} but argument is of type ‘u8’ {aka ‘unsigned char’}
  233 | void sobel_v4(u8** const cframe, u8** restrict oframe)
      |                                  ~~~~~~~~~~~~~~^~~~~~
make: *** [Makefile:34: sobel_v4] Error 1
sobel.c: In function ‘main’:
sobel.c:320:32: warning: passing argument 1 of ‘grayscale_weighted’ makes pointer from integer without a cast [-Wint-conversion]
  320 |       grayscale_weighted(cframe[i * SIZE_FRAME]);
      |                          ~~~~~~^~~~~~~~~~~~~~~~
      |                                |
      |                                u8 {aka unsigned char}
sobel.c:16:29: note: expected ‘u8 *’ {aka ‘unsigned char *’} but argument is of type ‘u8’ {aka ‘unsigned char’}
   16 | void grayscale_weighted(u8 *frame)
      |                         ~~~~^~~~~
sobel.c: In function ‘main’:
sobel.c:320:32: warning: passing argument 1 of ‘grayscale_weighted’ makes pointer from integer without a cast [-Wint-conversion]
  320 |       grayscale_weighted(cframe[i * SIZE_FRAME]);
      |                          ~~~~~~^~~~~~~~~~~~~~~~
      |                                |
      |                                u8 {aka unsigned char}
sobel.c:16:29: note: expected ‘u8 *’ {aka ‘unsigned char *’} but argument is of type ‘u8’ {aka ‘unsigned char’}
   16 | void grayscale_weighted(u8 *frame)
      |                         ~~~~^~~~~
sobel.c:338:22: warning: passing argument 1 of ‘sobel_v4’ makes pointer from integer without a cast [-Wint-conversion]
  338 |       sobel_v4(cframe[i * SIZE_FRAME], oframe[i * SIZE_FRAME]);
      |                ~~~~~~^~~~~~~~~~~~~~~~
      |                      |
      |                      u8 {aka unsigned char}
sobel.c:233:25: note: expected ‘u8 * const’ {aka ‘unsigned char * const’} but argument is of type ‘u8’ {aka ‘unsigned char’}
  233 | void sobel_v4(u8* const cframe, u8* restrict oframe)
      |               ~~~~~~~~~~^~~~~~
sobel.c:338:46: warning: passing argument 2 of ‘sobel_v4’ makes pointer from integer without a cast [-Wint-conversion]
  338 |       sobel_v4(cframe[i * SIZE_FRAME], oframe[i * SIZE_FRAME]);
      |                                        ~~~~~~^~~~~~~~~~~~~~~~
      |                                              |
      |                                              u8 {aka unsigned char}
sobel.c:233:46: note: expected ‘u8 * restrict’ {aka ‘unsigned char * restrict’} but argument is of type ‘u8’ {aka ‘unsigned char’}
  233 | void sobel_v4(u8* const cframe, u8* restrict oframe)
      |                                 ~~~~~~~~~~~~~^~~~~~
sobel.c: In function ‘main’:
sobel.c:357:21: warning: format ‘%d’ expects argument of type ‘int’, but argument 2 has type ‘size_t’ {aka ‘long unsigned int’} [-Wformat=]
  357 |     printf("cycles[%d] = %lu ", i, cycles[i]);
      |                    ~^           ~
      |                     |           |
      |                     int         size_t {aka long unsigned int}
      |                    %ld
sobel.c:357:28: warning: format ‘%lu’ expects argument of type ‘long unsigned int’, but argument 3 has type ‘u64’ {aka ‘long long unsigned int’} [-Wformat=]
  357 |     printf("cycles[%d] = %lu ", i, cycles[i]);
      |                          ~~^       ~~~~~~~~~
      |                            |             |
      |                            |             u64 {aka long long unsigned int}
      |                            long unsigned int
      |                          %llu
sobel.c: In function ‘main’:
sobel.c:357:21: warning: format ‘%d’ expects argument of type ‘int’, but argument 2 has type ‘size_t’ {aka ‘long unsigned int’} [-Wformat=]
  357 |     printf("cycles[%d] = %lu ", i, cycles[i]);
      |                    ~^           ~
      |                     |           |
      |                     int         size_t {aka long unsigned int}
      |                    %ld
sobel.c:357:28: warning: format ‘%lu’ expects argument of type ‘long unsigned int’, but argument 3 has type ‘u64’ {aka ‘long long unsigned int’} [-Wformat=]
  357 |     printf("cycles[%d] = %lu ", i, cycles[i]);
      |                          ~~^       ~~~~~~~~~
      |                            |             |
      |                            |             u64 {aka long long unsigned int}
      |                            long unsigned int
      |                          %llu
sobel.c: In function ‘main’:
sobel.c:357:30: warning: format ‘%d’ expects argument of type ‘int’, but argument 3 has type ‘size_t’ {aka ‘long unsigned int’} [-Wformat=]
  357 |     fprintf(stderr, "cycles[%d] = %lu ", i, cycles[i]);
      |                             ~^           ~
      |                              |           |
      |                              int         size_t {aka long unsigned int}
      |                             %ld
sobel.c:357:37: warning: format ‘%lu’ expects argument of type ‘long unsigned int’, but argument 4 has type ‘u64’ {aka ‘long long unsigned int’} [-Wformat=]
  357 |     fprintf(stderr, "cycles[%d] = %lu ", i, cycles[i]);
      |                                   ~~^       ~~~~~~~~~
      |                                     |             |
      |                                     |             u64 {aka long long unsigned int}
      |                                     long unsigned int
      |                                   %llu
sobel.c: In function ‘main’:
sobel.c:294:20: error: ‘cframe’ undeclared (first use in this function)
  294 |   nb_bytes = fread(cframe, SIZE_FRAME, NB_FRAMES_VIDEO, fpi);
      |                    ^~~~~~
sobel.c:294:20: note: each undeclared identifier is reported only once for each function it appears in
make: *** [Makefile:34: sobel_v4] Error 1
sobel.c: In function ‘main’:
sobel.c:294:20: error: ‘cframe’ undeclared (first use in this function)
  294 |   nb_bytes = fread(cframe, SIZE_FRAME, NB_FRAMES_VIDEO, fpi);
      |                    ^~~~~~
sobel.c:294:20: note: each undeclared identifier is reported only once for each function it appears in
make: *** [Makefile:34: sobel_v4] Error 1
sobel.c: In function ‘main’:
sobel.c:306:35: warning: dereferencing ‘void *’ pointer
  306 |       grayscale_weighted(&p_cframe[i]);
      |                                   ^
sobel.c:322:25: warning: dereferencing ‘void *’ pointer
  322 |       sobel_v4(&p_cframe[i], &p_oframe[i]);
      |                         ^
sobel.c:322:39: warning: dereferencing ‘void *’ pointer
  322 |       sobel_v4(&p_cframe[i], &p_oframe[i]);
      |                                       ^
sobel.c: In function ‘main’:
sobel.c:306:35: warning: dereferencing ‘void *’ pointer
  306 |       grayscale_weighted(&p_cframe[i]);
      |                                   ^
sobel.c:322:25: warning: dereferencing ‘void *’ pointer
  322 |       sobel_v4(&p_cframe[i], &p_oframe[i]);
      |                         ^
sobel.c:322:39: warning: dereferencing ‘void *’ pointer
  322 |       sobel_v4(&p_cframe[i], &p_oframe[i]);
      |                                       ^
make: *** [Makefile:13: sob_baseline] Interrupt
sobel.c: In function ‘main’:
sobel.c:266:32: warning: passing argument 1 of ‘grayscale_weighted’ makes pointer from integer without a cast [-Wint-conversion]
  266 |       grayscale_weighted(cframe[i]);
      |                          ~~~~~~^~~
      |                                |
      |                                u8 {aka unsigned char}
sobel.c:17:29: note: expected ‘u8 *’ {aka ‘unsigned char *’} but argument is of type ‘u8’ {aka ‘unsigned char’}
   17 | void grayscale_weighted(u8 *frame)
      |                         ~~~~^~~~~
sobel.c:280:22: warning: passing argument 1 of ‘sobel_v3’ makes pointer from integer without a cast [-Wint-conversion]
  280 |       sobel_v3(cframe[i], oframe[i]);
      |                ~~~~~~^~~
      |                      |
      |                      u8 {aka unsigned char}
sobel.c:199:41: note: expected ‘u8 * const restrict’ {aka ‘unsigned char * const restrict’} but argument is of type ‘u8’ {aka ‘unsigned char’}
  199 | static void sobel_v3(u8* const restrict cframe, u8* restrict oframe)
      |                      ~~~~~~~~~~~~~~~~~~~^~~~~~
sobel.c:280:33: warning: passing argument 2 of ‘sobel_v3’ makes pointer from integer without a cast [-Wint-conversion]
  280 |       sobel_v3(cframe[i], oframe[i]);
      |                           ~~~~~~^~~
      |                                 |
      |                                 u8 {aka unsigned char}
sobel.c:199:62: note: expected ‘u8 * restrict’ {aka ‘unsigned char * restrict’} but argument is of type ‘u8’ {aka ‘unsigned char’}
  199 | static void sobel_v3(u8* const restrict cframe, u8* restrict oframe)
      |                                                 ~~~~~~~~~~~~~^~~~~~
sobel.c:303:10: error: ‘p_oframe’ undeclared (first use in this function); did you mean ‘oframe’?
  303 |   fwrite(p_oframe, SIZE_FRAME, NB_FRAMES_VIDEO, fpo);
      |          ^~~~~~~~
      |          oframe
sobel.c:303:10: note: each undeclared identifier is reported only once for each function it appears in
make: *** [Makefile:22: sobel_v3] Error 1
sobel.c:328:19: error: expected ‘)’ before ‘sizeof’
  328 |   fwrite(p_oframe, SIZE_FRAME, NB_THREADS*NB_FRAMES_VIDEO, fpo);
      |                   ^
      |                   )
sobel.c:329:3: error: expected identifier or ‘(’ before ‘}’ token
  329 |   }
      |   ^
sobel.c:333:3: warning: data definition has no type or storage class
  333 |   sort(cycles, samples_count);
      |   ^~~~
sobel.c:333:3: warning: type defaults to ‘int’ in declaration of ‘sort’ [-Wimplicit-int]
sobel.c:333:3: warning: parameter names (without types) in function declaration
sobel.c:333:3: error: conflicting types for ‘sort’
In file included from sobel.c:14:
common.h:27:6: note: previous declaration of ‘sort’ was here
   27 | void sort(u64 *a, u64 n);
      |      ^~~~
sobel.c:339:3: warning: data definition has no type or storage class
  339 |   mea = mean(cycles, samples_count);
      |   ^~~
sobel.c:339:3: warning: type defaults to ‘int’ in declaration of ‘mea’ [-Wimplicit-int]
sobel.c:339:3: error: conflicting types for ‘mea’
sobel.c:336:22: note: previous declaration of ‘mea’ was here
  336 |   f64 min, max, avg, mea, dev, bpc;
      |                      ^~~
sobel.c:339:14: error: ‘cycles’ undeclared here (not in a function)
  339 |   mea = mean(cycles, samples_count);
      |              ^~~~~~
sobel.c:339:22: error: ‘samples_count’ undeclared here (not in a function)
  339 |   mea = mean(cycles, samples_count);
      |                      ^~~~~~~~~~~~~
sobel.c:342:3: warning: data definition has no type or storage class
  342 |   dev = stddev(cycles, samples_count);
      |   ^~~
sobel.c:342:3: warning: type defaults to ‘int’ in declaration of ‘dev’ [-Wimplicit-int]
sobel.c:342:3: error: conflicting types for ‘dev’
sobel.c:336:27: note: previous declaration of ‘dev’ was here
  336 |   f64 min, max, avg, mea, dev, bpc;
      |                           ^~~
sobel.c:345:3: warning: data definition has no type or storage class
  345 |   min = cycles[0];
      |   ^~~
sobel.c:345:3: warning: type defaults to ‘int’ in declaration of ‘min’ [-Wimplicit-int]
sobel.c:345:3: error: conflicting types for ‘min’
sobel.c:336:7: note: previous declaration of ‘min’ was here
  336 |   f64 min, max, avg, mea, dev, bpc;
      |       ^~~
sobel.c:346:3: warning: data definition has no type or storage class
  346 |   max = cycles[samples_count - 1];
      |   ^~~
sobel.c:346:3: warning: type defaults to ‘int’ in declaration of ‘max’ [-Wimplicit-int]
sobel.c:346:3: error: conflicting types for ‘max’
sobel.c:336:12: note: previous declaration of ‘max’ was here
  336 |   f64 min, max, avg, mea, dev, bpc;
      |            ^~~
sobel.c:347:3: warning: data definition has no type or storage class
  347 |   avg = (min + max) / 2.0;
      |   ^~~
sobel.c:347:3: warning: type defaults to ‘int’ in declaration of ‘avg’ [-Wimplicit-int]
sobel.c:347:3: error: conflicting types for ‘avg’
sobel.c:336:17: note: previous declaration of ‘avg’ was here
  336 |   f64 min, max, avg, mea, dev, bpc;
      |                 ^~~
sobel.c:347:9: error: initializer element is not constant
  347 |   avg = (min + max) / 2.0;
      |         ^
sobel.c:364:3: warning: data definition has no type or storage class
  364 |   bpc = (SIZE_FRAME << 1) / mea;
      |   ^~~
sobel.c:364:3: warning: type defaults to ‘int’ in declaration of ‘bpc’ [-Wimplicit-int]
sobel.c:364:3: error: conflicting types for ‘bpc’
sobel.c:336:32: note: previous declaration of ‘bpc’ was here
  336 |   f64 min, max, avg, mea, dev, bpc;
      |                                ^~~
sobel.c:364:9: error: initializer element is not constant
  364 |   bpc = (SIZE_FRAME << 1) / mea;
      |         ^
sobel.c:367:18: error: expected ‘)’ before string constant
  367 |   fprintf(stderr, "\n%20lu; %15.3lf; %15.3lf; %15.3lf; %15.3lf; %15.3lf; %15.3lf %%;\n",
      |                  ^~~~~~~~~~~~~~~~~~~~~~~~~~~~~~~~~~~~~~~~~~~~~~~~~~~~~~~~~~~~~~~~~~~~~~
      |                  )
sobel.c:378:3: warning: data definition has no type or storage class
  378 |   _mm_free(cframe);
      |   ^~~~~~~~
sobel.c:378:3: warning: type defaults to ‘int’ in declaration of ‘_mm_free’ [-Wimplicit-int]
sobel.c:378:3: warning: parameter names (without types) in function declaration
sobel.c:378:3: error: conflicting types for ‘_mm_free’
In file included from /usr/lib/gcc/x86_64-linux-gnu/9/include/xmmintrin.h:34,
                 from /usr/lib/gcc/x86_64-linux-gnu/9/include/emmintrin.h:31,
                 from sobel.c:7:
/usr/lib/gcc/x86_64-linux-gnu/9/include/mm_malloc.h:52:1: note: previous definition of ‘_mm_free’ was here
   52 | _mm_free (void *__ptr)
      | ^~~~~~~~
sobel.c:379:3: warning: data definition has no type or storage class
  379 |   _mm_free(oframe);
      |   ^~~~~~~~
sobel.c:379:3: warning: type defaults to ‘int’ in declaration of ‘_mm_free’ [-Wimplicit-int]
sobel.c:379:3: warning: parameter names (without types) in function declaration
sobel.c:382:3: warning: data definition has no type or storage class
  382 |   fclose(fpi);
      |   ^~~~~~
sobel.c:382:3: warning: type defaults to ‘int’ in declaration of ‘fclose’ [-Wimplicit-int]
sobel.c:382:3: warning: parameter names (without types) in function declaration
sobel.c:383:3: warning: data definition has no type or storage class
  383 |   fclose(fpo);
      |   ^~~~~~
sobel.c:383:3: warning: type defaults to ‘int’ in declaration of ‘fclose’ [-Wimplicit-int]
sobel.c:383:3: warning: parameter names (without types) in function declaration
sobel.c:385:3: error: expected identifier or ‘(’ before ‘return’
  385 |   return  0;
      |   ^~~~~~
sobel.c:386:1: error: expected identifier or ‘(’ before ‘}’ token
  386 | }
      | ^
make: *** [Makefile:25: sobel_v3_ss] Error 1
sobel.c:328:19: error: expected ‘)’ before ‘sizeof’
  328 |   fwrite(p_oframe, SIZE_FRAME, NB_THREADS*NB_FRAMES_VIDEO, fpo);
      |                   ^
      |                   )
sobel.c:329:3: error: expected identifier or ‘(’ before ‘}’ token
  329 |   }
      |   ^
sobel.c:333:3: warning: data definition has no type or storage class
  333 |   sort(cycles, samples_count);
      |   ^~~~
sobel.c:333:3: warning: type defaults to ‘int’ in declaration of ‘sort’ [-Wimplicit-int]
sobel.c:333:3: warning: parameter names (without types) in function declaration
sobel.c:333:3: error: conflicting types for ‘sort’
In file included from sobel.c:14:
common.h:27:6: note: previous declaration of ‘sort’ was here
   27 | void sort(u64 *a, u64 n);
      |      ^~~~
sobel.c:339:3: warning: data definition has no type or storage class
  339 |   mea = mean(cycles, samples_count);
      |   ^~~
sobel.c:339:3: warning: type defaults to ‘int’ in declaration of ‘mea’ [-Wimplicit-int]
sobel.c:339:3: error: conflicting types for ‘mea’
sobel.c:336:22: note: previous declaration of ‘mea’ was here
  336 |   f64 min, max, avg, mea, dev, bpc;
      |                      ^~~
sobel.c:339:14: error: ‘cycles’ undeclared here (not in a function)
  339 |   mea = mean(cycles, samples_count);
      |              ^~~~~~
sobel.c:339:22: error: ‘samples_count’ undeclared here (not in a function)
  339 |   mea = mean(cycles, samples_count);
      |                      ^~~~~~~~~~~~~
sobel.c:342:3: warning: data definition has no type or storage class
  342 |   dev = stddev(cycles, samples_count);
      |   ^~~
sobel.c:342:3: warning: type defaults to ‘int’ in declaration of ‘dev’ [-Wimplicit-int]
sobel.c:342:3: error: conflicting types for ‘dev’
sobel.c:336:27: note: previous declaration of ‘dev’ was here
  336 |   f64 min, max, avg, mea, dev, bpc;
      |                           ^~~
sobel.c:345:3: warning: data definition has no type or storage class
  345 |   min = cycles[0];
      |   ^~~
sobel.c:345:3: warning: type defaults to ‘int’ in declaration of ‘min’ [-Wimplicit-int]
sobel.c:345:3: error: conflicting types for ‘min’
sobel.c:336:7: note: previous declaration of ‘min’ was here
  336 |   f64 min, max, avg, mea, dev, bpc;
      |       ^~~
sobel.c:346:3: warning: data definition has no type or storage class
  346 |   max = cycles[samples_count - 1];
      |   ^~~
sobel.c:346:3: warning: type defaults to ‘int’ in declaration of ‘max’ [-Wimplicit-int]
sobel.c:346:3: error: conflicting types for ‘max’
sobel.c:336:12: note: previous declaration of ‘max’ was here
  336 |   f64 min, max, avg, mea, dev, bpc;
      |            ^~~
sobel.c:347:3: warning: data definition has no type or storage class
  347 |   avg = (min + max) / 2.0;
      |   ^~~
sobel.c:347:3: warning: type defaults to ‘int’ in declaration of ‘avg’ [-Wimplicit-int]
sobel.c:347:3: error: conflicting types for ‘avg’
sobel.c:336:17: note: previous declaration of ‘avg’ was here
  336 |   f64 min, max, avg, mea, dev, bpc;
      |                 ^~~
sobel.c:347:9: error: initializer element is not constant
  347 |   avg = (min + max) / 2.0;
      |         ^
sobel.c:364:3: warning: data definition has no type or storage class
  364 |   bpc = (SIZE_FRAME << 1) / mea;
      |   ^~~
sobel.c:364:3: warning: type defaults to ‘int’ in declaration of ‘bpc’ [-Wimplicit-int]
sobel.c:364:3: error: conflicting types for ‘bpc’
sobel.c:336:32: note: previous declaration of ‘bpc’ was here
  336 |   f64 min, max, avg, mea, dev, bpc;
      |                                ^~~
sobel.c:364:9: error: initializer element is not constant
  364 |   bpc = (SIZE_FRAME << 1) / mea;
      |         ^
sobel.c:367:18: error: expected ‘)’ before string constant
  367 |   fprintf(stderr, "\n%20lu; %15.3lf; %15.3lf; %15.3lf; %15.3lf; %15.3lf; %15.3lf %%;\n",
      |                  ^~~~~~~~~~~~~~~~~~~~~~~~~~~~~~~~~~~~~~~~~~~~~~~~~~~~~~~~~~~~~~~~~~~~~~
      |                  )
sobel.c:378:3: warning: data definition has no type or storage class
  378 |   _mm_free(cframe);
      |   ^~~~~~~~
sobel.c:378:3: warning: type defaults to ‘int’ in declaration of ‘_mm_free’ [-Wimplicit-int]
sobel.c:378:3: warning: parameter names (without types) in function declaration
sobel.c:378:3: error: conflicting types for ‘_mm_free’
In file included from /usr/lib/gcc/x86_64-linux-gnu/9/include/xmmintrin.h:34,
                 from /usr/lib/gcc/x86_64-linux-gnu/9/include/emmintrin.h:31,
                 from sobel.c:7:
/usr/lib/gcc/x86_64-linux-gnu/9/include/mm_malloc.h:52:1: note: previous definition of ‘_mm_free’ was here
   52 | _mm_free (void *__ptr)
      | ^~~~~~~~
sobel.c:379:3: warning: data definition has no type or storage class
  379 |   _mm_free(oframe);
      |   ^~~~~~~~
sobel.c:379:3: warning: type defaults to ‘int’ in declaration of ‘_mm_free’ [-Wimplicit-int]
sobel.c:379:3: warning: parameter names (without types) in function declaration
sobel.c:382:3: warning: data definition has no type or storage class
  382 |   fclose(fpi);
      |   ^~~~~~
sobel.c:382:3: warning: type defaults to ‘int’ in declaration of ‘fclose’ [-Wimplicit-int]
sobel.c:382:3: warning: parameter names (without types) in function declaration
sobel.c:383:3: warning: data definition has no type or storage class
  383 |   fclose(fpo);
      |   ^~~~~~
sobel.c:383:3: warning: type defaults to ‘int’ in declaration of ‘fclose’ [-Wimplicit-int]
sobel.c:383:3: warning: parameter names (without types) in function declaration
sobel.c:385:3: error: expected identifier or ‘(’ before ‘return’
  385 |   return  0;
      |   ^~~~~~
sobel.c:386:1: error: expected identifier or ‘(’ before ‘}’ token
  386 | }
      | ^
make: *** [Makefile:25: sobel_v3_ss] Error 1
make: Warning: File 'Makefile' has modification time 155 s in the future
make: warning:  Clock skew detected.  Your build may be incomplete.
make: *** No rule to make target 'sobel_v3_ss'.  Stop.
sobel.c:325:19: error: expected ‘)’ before ‘sizeof’
  325 |   fwrite(p_oframe, SIZE_FRAME, NB_THREADS*NB_FRAMES_VIDEO, fpo);
      |                   ^
      |                   )
sobel.c:329:3: warning: data definition has no type or storage class
  329 |   sort(cycles, samples_count);
      |   ^~~~
sobel.c:329:3: warning: type defaults to ‘int’ in declaration of ‘sort’ [-Wimplicit-int]
sobel.c:329:3: warning: parameter names (without types) in function declaration
sobel.c:329:3: error: conflicting types for ‘sort’
In file included from sobel.c:14:
common.h:27:6: note: previous declaration of ‘sort’ was here
   27 | void sort(u64 *a, u64 n);
      |      ^~~~
sobel.c:335:3: warning: data definition has no type or storage class
  335 |   mea = mean(cycles, samples_count);
      |   ^~~
sobel.c:335:3: warning: type defaults to ‘int’ in declaration of ‘mea’ [-Wimplicit-int]
sobel.c:335:3: error: conflicting types for ‘mea’
sobel.c:332:22: note: previous declaration of ‘mea’ was here
  332 |   f64 min, max, avg, mea, dev, bpc;
      |                      ^~~
sobel.c:335:14: error: ‘cycles’ undeclared here (not in a function)
  335 |   mea = mean(cycles, samples_count);
      |              ^~~~~~
sobel.c:335:22: error: ‘samples_count’ undeclared here (not in a function)
  335 |   mea = mean(cycles, samples_count);
      |                      ^~~~~~~~~~~~~
sobel.c:338:3: warning: data definition has no type or storage class
  338 |   dev = stddev(cycles, samples_count);
      |   ^~~
sobel.c:338:3: warning: type defaults to ‘int’ in declaration of ‘dev’ [-Wimplicit-int]
sobel.c:338:3: error: conflicting types for ‘dev’
sobel.c:332:27: note: previous declaration of ‘dev’ was here
  332 |   f64 min, max, avg, mea, dev, bpc;
      |                           ^~~
sobel.c:341:3: warning: data definition has no type or storage class
  341 |   min = cycles[0];
      |   ^~~
sobel.c:341:3: warning: type defaults to ‘int’ in declaration of ‘min’ [-Wimplicit-int]
sobel.c:341:3: error: conflicting types for ‘min’
sobel.c:332:7: note: previous declaration of ‘min’ was here
  332 |   f64 min, max, avg, mea, dev, bpc;
      |       ^~~
sobel.c:342:3: warning: data definition has no type or storage class
  342 |   max = cycles[samples_count - 1];
      |   ^~~
sobel.c:342:3: warning: type defaults to ‘int’ in declaration of ‘max’ [-Wimplicit-int]
sobel.c:342:3: error: conflicting types for ‘max’
sobel.c:332:12: note: previous declaration of ‘max’ was here
  332 |   f64 min, max, avg, mea, dev, bpc;
      |            ^~~
sobel.c:343:3: warning: data definition has no type or storage class
  343 |   avg = (min + max) / 2.0;
      |   ^~~
sobel.c:343:3: warning: type defaults to ‘int’ in declaration of ‘avg’ [-Wimplicit-int]
sobel.c:343:3: error: conflicting types for ‘avg’
sobel.c:332:17: note: previous declaration of ‘avg’ was here
  332 |   f64 min, max, avg, mea, dev, bpc;
      |                 ^~~
sobel.c:343:9: error: initializer element is not constant
  343 |   avg = (min + max) / 2.0;
      |         ^
sobel.c:374:3: warning: data definition has no type or storage class
  374 |   _mm_free(cframe);
      |   ^~~~~~~~
sobel.c:374:3: warning: type defaults to ‘int’ in declaration of ‘_mm_free’ [-Wimplicit-int]
sobel.c:374:3: warning: parameter names (without types) in function declaration
sobel.c:374:3: error: conflicting types for ‘_mm_free’
In file included from /usr/lib/gcc/x86_64-linux-gnu/9/include/xmmintrin.h:34,
                 from /usr/lib/gcc/x86_64-linux-gnu/9/include/emmintrin.h:31,
                 from sobel.c:7:
/usr/lib/gcc/x86_64-linux-gnu/9/include/mm_malloc.h:52:1: note: previous definition of ‘_mm_free’ was here
   52 | _mm_free (void *__ptr)
      | ^~~~~~~~
sobel.c:375:3: warning: data definition has no type or storage class
  375 |   _mm_free(oframe);
      |   ^~~~~~~~
sobel.c:375:3: warning: type defaults to ‘int’ in declaration of ‘_mm_free’ [-Wimplicit-int]
sobel.c:375:3: warning: parameter names (without types) in function declaration
sobel.c:378:3: warning: data definition has no type or storage class
  378 |   fclose(fpi);
      |   ^~~~~~
sobel.c:378:3: warning: type defaults to ‘int’ in declaration of ‘fclose’ [-Wimplicit-int]
sobel.c:378:3: warning: parameter names (without types) in function declaration
sobel.c:379:3: warning: data definition has no type or storage class
  379 |   fclose(fpo);
      |   ^~~~~~
sobel.c:379:3: warning: type defaults to ‘int’ in declaration of ‘fclose’ [-Wimplicit-int]
sobel.c:379:3: warning: parameter names (without types) in function declaration
sobel.c:381:3: error: expected identifier or ‘(’ before ‘return’
  381 |   return  0;
      |   ^~~~~~
sobel.c:382:1: error: expected identifier or ‘(’ before ‘}’ token
  382 | }
      | ^
make: *** [Makefile:25: sobel_v3_ws] Error 1
sobel.c: In function ‘main’:
sobel.c:385: error: unterminated #elif
  385 | #if V1 || V2
      | 
sobel.c:368:4: error: expected declaration or statement at end of input
  368 |    (dev * 100.0 / mea));
      |    ^
make: *** [Makefile:13: sob_baseline] Error 1
sobel.c: In function ‘main’:
sobel.c:272:27: error: ‘size’ undeclared (first use in this function); did you mean ‘size_t’?
  272 |   u8 *cframe = _mm_malloc(size, 64);
      |                           ^~~~
      |                           size_t
sobel.c:272:27: note: each undeclared identifier is reported only once for each function it appears in
make: *** [Makefile:22: sobel_v3] Error 1
sobel.c: In function ‘main’:
sobel.c:272:27: error: ‘size’ undeclared (first use in this function); did you mean ‘size_t’?
  272 |   u8 *cframe = _mm_malloc(size, 64);
      |                           ^~~~
      |                           size_t
sobel.c:272:27: note: each undeclared identifier is reported only once for each function it appears in
make: *** [Makefile:22: sobel_v3] Error 1
