gcc -DBASELINE=1 -g3 sobel.c common.c -o sobel -lm
gcc -DBASELINE=1 -g3 sobel.c common.c -o sobel -lm
gcc -DBASELINE=1 -g3 sobel.c common.c -o sobel -lm
gcc -DBASELINE=1 -g3 sobel.c common.c -o sobel -lm
gcc -DBASELINE=1 -g3 sobel.c common.c -o sobel -lm
gcc -DBASELINE=1 -g3 sobel.c common.c -o sobel -lm
gcc -DBASELINE=1 -g3 sobel.c common.c -o sobel -lm
gcc -DBASELINE=1 -g3 sobel.c common.c -o sobel -lm
gcc -DBASELINE=1 -g3 sobel.c common.c -o sobel -lm
gcc -DBASELINE=1 -g3 sobel.c common.c -o sobel -lm
gcc -DBASELINE=1 -g3 sobel.c common.c -o sobel -lm
gcc -DBASELINE=1 -g3 sobel.c common.c -o sobel -lm
gcc -DBASELINE=1 -g3 sobel.c common.c -o sobel -lm
gcc -DBASELINE=1 -g3 sobel.c common.c -o sobel -lm
gcc -DBASELINE=1 -g3 sobel.c common.c -o sobel -lm
gcc -DBASELINE=1 -g3 sobel.c common.c -o sobel -lm
gcc -DBASELINE=1 -g3 sobel.c common.c -o sobel -lm
gcc -DBASELINE=1 -g3 sobel.c common.c -o sobel -lm
gcc -DBASELINE=1 -g3 sobel.c common.c -o sobel -lm
gcc -DBASELINE=1 -g3 sobel.c common.c -o sobel -lm
gcc -DBASELINE=1 -g3 sobel.c common.c -o sobel -lm
gcc -DBASELINE=1 -g3 sobel.c common.c -o sobel -lm
gcc -DBASELINE=1 -g3 sobel.c common.c -o sobel -lm
gcc -DBASELINE=1 -g3 sobel.c common.c -o sobel -lm
gcc -DBASELINE=1 -g3 sobel.c common.c -o sobel -lm
gcc -DBASELINE=1 -g3 sobel.c common.c -o sobel -lm
gcc -DBASELINE=1 -g3 sobel.c common.c -o sobel -lm
gcc -DBASELINE=1 -g3 sobel.c common.c -o sobel -lm
gcc -DBASELINE=1 -g3 sobel.c common.c -o sobel -lm
gcc -DBASELINE=1 -g3 sobel.c common.c -o sobel -lm
gcc -DBASELINE=1 -g3 sobel.c common.c -o sobel -lm
gcc -DBASELINE=1 -g3 sobel.c common.c -o sobel -lm
gcc -DBASELINE=1 -g3 sobel.c common.c -o sobel -lm
gcc -DBASELINE=1 -g3 sobel.c common.c -o sobel -lm
gcc -DBASELINE=1 -g3 sobel.c common.c -o sobel -lm
gcc -DV1=1 -g3 -march=native -funroll-loops sobel.c common.c -o sobel -lm
gcc -DV1=1 -g3 -march=native -funroll-loops sobel.c common.c -o sobel -lm
gcc -DV1=1 -g3 -march=native -funroll-loops sobel.c common.c -o sobel -lm
gcc -DV1=1 -g3 -march=native -funroll-loops sobel.c common.c -o sobel -lm
gcc -DV1=1 -g3 -march=native -funroll-loops sobel.c common.c -o sobel -lm
gcc -DV1=1 -g3 -march=native -funroll-loops sobel.c common.c -o sobel -lm
gcc -DV1=1 -g3 -march=native -funroll-loops sobel.c common.c -o sobel -lm
gcc -DV1=1 -g3 -march=native -funroll-loops sobel.c common.c -o sobel -lm
gcc -DV1=1 -g3 -march=native -funroll-loops sobel.c common.c -o sobel -lm
gcc -DV1=1 -g3 -march=native -funroll-loops sobel.c common.c -o sobel -lm
gcc -DV1=1 -g3 -march=native -funroll-loops sobel.c common.c -o sobel -lm
gcc -DV1=1 -g3 -march=native -funroll-loops sobel.c common.c -o sobel -lm
gcc -DBASELINE=1 -g3 sobel.c common.c -o sobel -lm
gcc -DV1=1 -g3 -march=native -funroll-loops sobel.c common.c -o sobel -lm
gcc -DBASELINE=1 -g3 sobel.c common.c -o sobel -lm
gcc -DV1=1 -g3 -march=native -funroll-loops sobel.c common.c -o sobel -lm
gcc -DBASELINE=1 -g3 sobel.c common.c -o sobel -lm
gcc -DV1=1 -g3 -march=native -funroll-loops sobel.c common.c -o sobel -lm
gcc -DBASELINE=1 -g3 sobel.c common.c -o sobel -lm
gcc -DV1=1 -g3 -march=native -funroll-loops sobel.c common.c -o sobel -lm
gcc -DBASELINE=1 -g3 sobel.c common.c -o sobel -lm
gcc -DV1=1 -g3 -march=native -funroll-loops sobel.c common.c -o sobel -lm
gcc -DBASELINE=1 -g3 sobel.c common.c -o sobel -lm
gcc -DV1=1 -g3 -march=native -funroll-loops sobel.c common.c -o sobel -lm
gcc -DBASELINE=1 -g3 sobel.c common.c -o sobel -lm
gcc -DV1=1 -g3 -march=native -funroll-loops sobel.c common.c -o sobel -lm
gcc -DBASELINE=1 -g3 sobel.c common.c -o sobel -lm
gcc -DBASELINE=1 -g3 sobel.c common.c -o sobel -lm
gcc -DV1=1 -g3 -march=native -funroll-loops sobel.c common.c -o sobel -lm
gcc -DBASELINE=1 -g3 sobel.c common.c -o sobel -lm
gcc -DV1=1 -g3 -march=native -funroll-loops sobel.c common.c -o sobel -lm
gcc -DBASELINE=1 -g3 sobel.c common.c -o sobel -lm
gcc -DV1=1 -g3 -march=native -funroll-loops sobel.c common.c -o sobel -lm
gcc -DBASELINE=1 -g3 sobel.c common.c -o sobel -lm
gcc -DV1=1 -g3 -march=native -funroll-loops sobel.c common.c -o sobel -lm
gcc -DV2=1 -g3 -march=native -funroll-loops sobel.c common.c -o sobel -lm
gcc -DV2=1 -g3 -march=native -funroll-loops sobel.c common.c -o sobel -lm
gcc -DV2=1 -g3 -march=native -funroll-loops sobel.c common.c -o sobel -lm
gcc -DV2=1 -g3 -march=native -funroll-loops sobel.c common.c -o sobel -lm
gcc -DV2=1 -g3 -march=native -funroll-loops sobel.c common.c -o sobel -lm
gcc -DV2=1 -g3 -march=native -funroll-loops sobel.c common.c -o sobel -lm
gcc -DV2=1 -g3 -march=native -funroll-loops sobel.c common.c -o sobel -lm
gcc -DV2=1 -g3 -march=native -funroll-loops sobel.c common.c -o sobel -lm
gcc -DV2=1 -g3 -march=native -funroll-loops sobel.c common.c -o sobel -lm
gcc -DV2=1 -g3 -march=native -funroll-loops sobel.c common.c -o sobel -lm
gcc -DV2=1 -g3 -march=native -funroll-loops sobel.c common.c -o sobel -lm
gcc -DV2=1 -g3 -march=native -funroll-loops sobel.c common.c -o sobel -lm
gcc -DV2=1 -g3 -march=native -funroll-loops sobel.c common.c -o sobel -lm
gcc -DV2=1 -g3 -march=native -funroll-loops sobel.c common.c -o sobel -lm
gcc -DV2=1 -g3 -march=native -funroll-loops sobel.c common.c -o sobel -lm
gcc -DV2=1 -g3 -march=native -funroll-loops sobel.c common.c -o sobel -lm
gcc -DV2=1 -g3 -march=native -funroll-loops sobel.c common.c -o sobel -lm
gcc -DV2=1 -g3 -march=native -funroll-loops sobel.c common.c -o sobel -lm
gcc -DV1=1 -g3 -march=native -funroll-loops sobel.c common.c -o sobel -lm
gcc -DV2=1 -g3 -march=native -funroll-loops sobel.c common.c -o sobel -lm
gcc -DV2=1 -g3 -march=native -funroll-loops sobel.c common.c -o sobel -lm
gcc -DV2=1 -g3 -march=native -funroll-loops sobel.c common.c -o sobel -lm
gcc -DV3=1 -g3 -march=native -funroll-loops sobel.c common.c -o sobel -lm
gcc -DV3=1 -g3 -march=native -funroll-loops sobel.c common.c -o sobel -lm
gcc -DV3=1 -g3 -march=native -funroll-loops sobel.c common.c -o sobel -lm -fopenmp
gcc -DV3=1 -g3 -march=native -funroll-loops sobel.c common.c -o sobel -lm -fopenmp
gcc -DV3=1 -g3 -march=native -funroll-loops sobel.c common.c -o sobel -lm -fopenmp
gcc -DV2=1 -g3 -march=native -funroll-loops sobel.c common.c -o sobel -lm
gcc -DV3=1 -g3 -march=native -funroll-loops sobel.c common.c -o sobel -lm -fopenmp
gcc -DV2=1 -g3 -march=native -funroll-loops sobel.c common.c -o sobel -lm
gcc -DV2=1 -g3 -march=native -funroll-loops sobel.c common.c -o sobel -lm
gcc -DV2=1 -g3 -march=native -funroll-loops sobel.c common.c -o sobel -lm
gcc -DV2=1 -g3 -march=native -funroll-loops sobel.c common.c -o sobel -lm
gcc -DV2=1 -g3 -march=native -funroll-loops sobel.c common.c -o sobel -lm
gcc -DV2=1 -g3 -march=native -funroll-loops sobel.c common.c -o sobel -lm
gcc -DV2=1 -g3 -march=native -funroll-loops sobel.c common.c -o sobel -lm
gcc -DV2=1 -g3 -march=native -funroll-loops sobel.c common.c -o sobel -lm
gcc -DV2=1 -g3 -march=native -funroll-loops sobel.c common.c -o sobel -lm
gcc -DV2=1 -g3 -march=native -funroll-loops sobel.c common.c -o sobel -lm
gcc -DV3=1 -g3 -march=native -funroll-loops sobel.c common.c -o sobel -lm -fopenmp
gcc -DV2=1 -g3 -march=native -funroll-loops sobel.c common.c -o sobel -lm
gcc -DV3=1 -g3 -march=native -funroll-loops sobel.c common.c -o sobel -lm -fopenmp
gcc -DV2=1 -g3 -march=native -funroll-loops sobel.c common.c -o sobel -lm
gcc -DV2=1 -g3 -march=native -funroll-loops sobel.c common.c -o sobel -lm
gcc -DV3=1 -g3 -march=native -funroll-loops sobel.c common.c -o sobel -lm -fopenmp
gcc -DV2=1 -g3 -march=native -funroll-loops sobel.c common.c -o sobel -lm
gcc -DV3=1 -g3 -march=native -funroll-loops sobel.c common.c -o sobel -lm -fopenmp
gcc -DV2=1 -g3 -march=native -funroll-loops sobel.c common.c -o sobel -lm
gcc -DV3=1 -g3 -march=native -funroll-loops sobel.c common.c -o sobel -lm -fopenmp
gcc -DV2=1 -g3 -march=native -funroll-loops sobel.c common.c -o sobel -lm
gcc -DV3=1 -g3 -march=native -funroll-loops sobel.c common.c -o sobel -lm -fopenmp
gcc -DV2=1 -g3 -march=native -funroll-loops sobel.c common.c -o sobel -lm
gcc -DV3=1 -g3 -march=native -funroll-loops sobel.c common.c -o sobel -lm -fopenmp
gcc -DBASELINE=1 -g3 sobel.c common.c -o sobel -lm
gcc -DBASELINE=1 -g3 sobel.c common.c -o sobel -lm
gcc -DV2=1 -g3 -march=native -funroll-loops sobel.c common.c -o sobel -lm
gcc -DV2=1 -g3 -march=native -funroll-loops sobel.c common.c -o sobel -lm
gcc -DV4=1 -g3 -march=native -funroll-loops sobel.c common.c -o sobel -lm -fopenmp
gcc -DV4=1 -g3 -march=native -funroll-loops sobel.c common.c -o sobel -lm -fopenmp
gcc -DV1=1 -g3 -march=native -funroll-loops sobel.c common.c -o sobel -lm
gcc -DV4=1 -g3 -march=native -funroll-loops sobel.c common.c -o sobel -lm -fopenmp
gcc -DV4=1 -g3 -march=native -funroll-loops sobel.c common.c -o sobel -lm -fopenmp
gcc -DV4=1 -g3 -march=native -funroll-loops sobel.c common.c -o sobel -lm -fopenmp
gcc -DV4=1 -g3 -march=native -funroll-loops sobel.c common.c -o sobel -lm -fopenmp
gcc -DV2=1 -g3 -march=native -funroll-loops sobel.c common.c -o sobel -lm
gcc -DV4=1 -g3 -march=native -funroll-loops sobel.c common.c -o sobel -lm -fopenmp
gcc -DV4=1 -g3 -march=native -funroll-loops sobel.c common.c -o sobel -lm -fopenmp
gcc -DV4=1 -g3 -march=native -funroll-loops sobel.c common.c -o sobel -lm -fopenmp
gcc -DV4=1 -g3 -march=native -funroll-loops sobel.c common.c -o sobel -lm -fopenmp
gcc -DV4=1 -g3 -march=native -funroll-loops sobel.c common.c -o sobel -lm -fopenmp
gcc -DV4=1 -g3 -march=native -funroll-loops sobel.c common.c -o sobel -lm -fopenmp
gcc -DV4=1 -g3 -march=native -funroll-loops sobel.c common.c -o sobel -lm -fopenmp
gcc -DV4=1 -g3 -march=native -funroll-loops sobel.c common.c -o sobel -lm -fopenmp
gcc -DV4=1 -g3 -march=native -funroll-loops sobel.c common.c -o sobel -lm -fopenmp
gcc -DV4=1 -g3 -march=native -funroll-loops sobel.c common.c -o sobel -lm -fopenmp
gcc -DV4=1 -g3 -march=native -funroll-loops sobel.c common.c -o sobel -lm -fopenmp
gcc -DV4=1 -g3 -march=native -funroll-loops sobel.c common.c -o sobel -lm -fopenmp
gcc -DV4=1 -g3 -march=native -funroll-loops sobel.c common.c -o sobel -lm -fopenmp
gcc -DV4=1 -g3 -march=native -funroll-loops sobel.c common.c -o sobel -lm -fopenmp
gcc -DV4=1 -g3 -march=native -funroll-loops sobel.c common.c -o sobel -lm -fopenmp
gcc -DV4=1 -g3 -march=native -funroll-loops sobel.c common.c -o sobel -lm -fopenmp
gcc -DV4=1 -g3 -march=native -funroll-loops sobel.c common.c -o sobel -lm -fopenmp
gcc -DV4=1 -g3 -march=native -funroll-loops sobel.c common.c -o sobel -lm -fopenmp
gcc -DV4=1 -g3 -march=native -funroll-loops sobel.c common.c -o sobel -lm -fopenmp
gcc -DV4=1 -g3 -march=native -funroll-loops sobel.c common.c -o sobel -lm -fopenmp
gcc -DV4=1 -g3 -march=native -funroll-loops sobel.c common.c -o sobel -lm -fopenmp
gcc -DV4=1 -g3 -march=native -funroll-loops sobel.c common.c -o sobel -lm -fopenmp
gcc -DV4=1 -g3 -march=native -funroll-loops sobel.c common.c -o sobel -lm -fopenmp
gcc -DV4=1 -g3 -march=native -funroll-loops sobel.c common.c -o sobel -lm -fopenmp
gcc -DV4=1 -g3 -march=native -funroll-loops sobel.c common.c -o sobel -lm -fopenmp
gcc -DBASELINE=1 -g3 sobel.c common.c -o sobel -lm
gcc -DV4=1 -g3 -march=native -funroll-loops sobel.c common.c -o sobel -lm -fopenmp
gcc -DV4=1 -g3 -march=native -funroll-loops sobel.c common.c -o sobel -lm -fopenmp
gcc -DV4=1 -g3 -march=native -funroll-loops sobel.c common.c -o sobel -lm -fopenmp
gcc -DBASELINE=1 -g3 sobel.c common.c -o sobel -lm
gcc -DV1=1 -g3 -march=native -funroll-loops sobel.c common.c -o sobel -lm
gcc -DV2=1 -g3 -march=native -funroll-loops sobel.c common.c -o sobel -lm
gcc -DV3=1 -g3 -march=native -funroll-loops sobel.c common.c -o sobel -lm -fopenmp
gcc -DV4=1 -g3 -march=native -funroll-loops sobel.c common.c -o sobel -lm -fopenmp
gcc -DBASELINE=1 -g3 sobel.c common.c -o sobel -lm
gcc -DV1=1 -g3 -march=native -funroll-loops sobel.c common.c -o sobel -lm
gcc -DV2=1 -g3 -march=native -funroll-loops sobel.c common.c -o sobel -lm
gcc -DV3=1 -g3 -march=native -funroll-loops sobel.c common.c -o sobel -lm -fopenmp
gcc -DV4=1 -g3 -march=native -funroll-loops sobel.c common.c -o sobel -lm -fopenmp
gcc -DBASELINE=1 -g3 sobel.c common.c -o sobel -lm
gcc -DV1=1 -g3 -march=native -funroll-loops sobel.c common.c -o sobel -lm
gcc -DV2=1 -g3 -march=native -funroll-loops sobel.c common.c -o sobel -lm
gcc -DV3=1 -g3 -march=native -funroll-loops sobel.c common.c -o sobel -lm -fopenmp
gcc -DV4=1 -g3 -march=native -funroll-loops sobel.c common.c -o sobel -lm -fopenmp
gcc -DBASELINE=1 -g3 sobel.c common.c -o sobel -lm
gcc -DV1=1 -g3 -march=native -funroll-loops sobel.c common.c -o sobel -lm
gcc -DV2=1 -g3 -march=native -funroll-loops sobel.c common.c -o sobel -lm
gcc -DV3=1 -g3 -march=native -funroll-loops sobel.c common.c -o sobel -lm -fopenmp
gcc -DV4=1 -g3 -march=native -funroll-loops sobel.c common.c -o sobel -lm -fopenmp
gcc -DBASELINE=1 -g3 sobel.c common.c -o sobel -lm
gcc -DV4=1 -g3 -march=native -funroll-loops sobel.c common.c -o sobel -lm -fopenmp
gcc -DV4=1 -g3 -march=native -funroll-loops sobel.c common.c -o sobel -lm -fopenmp
gcc -DV4=1 -g3 -march=native -funroll-loops sobel.c common.c -o sobel -lm -fopenmp
gcc -DV4=1 -g3 -march=native -funroll-loops sobel.c common.c -o sobel -lm -fopenmp
gcc -DV4=1 -g3 -march=native -funroll-loops sobel.c common.c -o sobel -lm -fopenmp
gcc -DBASELINE=1 -g3 sobel.c common.c -o sobel -lm
gcc -DV1=1 -g3 -march=native -funroll-loops sobel.c common.c -o sobel -lm
gcc -DV2=1 -g3 -march=native -funroll-loops sobel.c common.c -o sobel -lm
gcc -DV3=1 -g3 -march=native -funroll-loops sobel.c common.c -o sobel -lm -fopenmp
gcc -DV4=1 -g3 -march=native -funroll-loops sobel.c common.c -o sobel -lm -fopenmp
gcc -DBASELINE=1 -g3 sobel.c common.c -o sobel -lm
gcc -DV1=1 -g3 -march=native -funroll-loops sobel.c common.c -o sobel -lm
gcc -DV2=1 -g3 -march=native -funroll-loops sobel.c common.c -o sobel -lm
gcc -DV3=1 -g3 -march=native -funroll-loops sobel.c common.c -o sobel -lm -fopenmp
gcc -DV4=1 -g3 -march=native -funroll-loops sobel.c common.c -o sobel -lm -fopenmp
gcc -DBASELINE=1 -g3 sobel.c common.c -o sobel -lm
gcc -DV1=1 -g3 -march=native -funroll-loops sobel.c common.c -o sobel -lm
gcc -DV2=1 -g3 -march=native -funroll-loops sobel.c common.c -o sobel -lm
gcc -DV3=1 -g3 -march=native -funroll-loops sobel.c common.c -o sobel -lm -fopenmp
gcc -DV4=1 -g3 -march=native -funroll-loops sobel.c common.c -o sobel -lm -fopenmp
gcc -DBASELINE=1 -g3 sobel.c common.c -o sobel -lm
gcc -DV1=1 -g3 -march=native -funroll-loops sobel.c common.c -o sobel -lm
gcc -DV2=1 -g3 -march=native -funroll-loops sobel.c common.c -o sobel -lm
gcc -DV3=1 -g3 -march=native -funroll-loops sobel.c common.c -o sobel -lm -fopenmp
gcc -DV4=1 -g3 -march=native -funroll-loops sobel.c common.c -o sobel -lm -fopenmp
gcc -DV4=1 -g3 -march=native -funroll-loops sobel.c common.c -o sobel -lm -fopenmp
gcc -DV4=1 -g3 -march=native -funroll-loops sobel.c common.c -o sobel -lm -fopenmp
gcc -DBASELINE=1 -g3 sobel.c common.c -o sobel -lm
gcc -DBASELINE=1 -g3 sobel.c common.c -o sobel -lm
gcc -DV4=1 -g3 -march=native -funroll-loops -Ofast sobel.c common.c -o sobel -lm -fopenmp
gcc -DV2=1 -g3 -march=native -funroll-loops -Ofast sobel.c common.c -o sobel -lm
gcc -DV4=1 -g3 -march=native -funroll-loops -Ofast sobel.c common.c -o sobel -lm -fopenmp
gcc -DV4=1 -g3 -march=native -funroll-loops -Ofast sobel.c common.c -o sobel -lm -fopenmp
gcc -DV2=1 -g3 -march=native -funroll-loops -Ofast sobel.c common.c -o sobel -lm
gcc -DV2=1 -g3 -march=native -funroll-loops -Ofast sobel.c common.c -o sobel -lm
gcc -DV2=1 -g3 -march=native -funroll-loops -Ofast sobel.c common.c -o sobel -lm
gcc -DV2=1 -g3 -march=native -funroll-loops -Ofast sobel.c common.c -o sobel -lm
gcc -DV2=1 -g3 -march=native -funroll-loops -Ofast sobel.c common.c -o sobel -lm
gcc -DV2=1 -g3 -march=native -funroll-loops -Ofast sobel.c common.c -o sobel -lm
gcc -DV2=1 -g3 -march=native -funroll-loops -Ofast sobel.c common.c -o sobel -lm
gcc -DV2=1 -g3 -march=native -funroll-loops -Ofast sobel.c common.c -o sobel -lm
gcc -DV2=1 -g3 -march=native -funroll-loops -Ofast sobel.c common.c -o sobel -lm
gcc -DV2=1 -g3 -march=native -funroll-loops -Ofast sobel.c common.c -o sobel -lm
gcc -DV2=1 -g3 -march=native -funroll-loops -Ofast sobel.c common.c -o sobel -lm
gcc -DV2=1 -g3 -march=native -funroll-loops -Ofast sobel.c common.c -o sobel -lm
gcc -DV2=1 -g3 -march=native -funroll-loops -Ofast sobel.c common.c -o sobel -lm
gcc -DV2=1 -g3 -march=native -funroll-loops -Ofast sobel.c common.c -o sobel -lm
gcc -DBASELINE=1 -g3 sobel.c common.c -o sobel -lm
gcc -DV2=1 -g3 -march=native -funroll-loops -Ofast sobel.c common.c -o sobel -lm
gcc -DV2=1 -g3 -march=native -funroll-loops -Ofast sobel.c common.c -o sobel -lm
gcc -DV2=1 -g3 -march=native -funroll-loops -Ofast sobel.c common.c -o sobel -lm
gcc -DV2=1 -g3 -march=native -funroll-loops -Ofast sobel.c common.c -o sobel -lm
gcc -DV3=1 -g3 -march=native -funroll-loops -Ofast sobel.c common.c -o sobel -lm -fopenmp
gcc -DV3=1 -g3 -march=native -funroll-loops -Ofast sobel.c common.c -o sobel -lm -fopenmp
gcc -DV3=1 -g3 -march=native -funroll-loops -Ofast sobel.c common.c -o sobel -lm -fopenmp
gcc -DV3=1 -DWEAK_SCALING=1 -g3 -march=native -funroll-loops -Ofast sobel.c common.c -o sobel -lm -fopenmp
gcc -DV3=1 -DWEAK_SCALING=1 -g3 -march=native -funroll-loops -Ofast sobel.c common.c -o sobel -lm -fopenmp
gcc -DV3=1 -DWS=1 -g3 -march=native -funroll-loops -Ofast sobel.c common.c -o sobel -lm -fopenmp
gcc -DV3_WS=1 -g3 -march=native -funroll-loops -Ofast sobel.c common.c -o sobel -lm -fopenmp
gcc -DV3_WS=1 -g3 -march=native -funroll-loops -Ofast sobel.c common.c -o sobel -lm -fopenmp
gcc -DV3_WS=1 -g3 -march=native -funroll-loops -Ofast sobel.c common.c -o sobel -lm -fopenmp
gcc -DV3_WS=1 -g3 -march=native -funroll-loops -Ofast sobel.c common.c -o sobel -lm -fopenmp
gcc -DV3_WS=1 -g3 -march=native -funroll-loops -Ofast sobel.c common.c -o sobel -lm -fopenmp
gcc -DV3_SS=1 -g3 -march=native -funroll-loops -Ofast sobel.c common.c -o sobel -lm -fopenmp
gcc -DV3_WS=1 -g3 -march=native -funroll-loops -Ofast sobel.c common.c -o sobel -lm -fopenmp
gcc -DV3_WS=1 -g3 -march=native -funroll-loops -Ofast sobel.c common.c -o sobel -lm -fopenmp
gcc -DV3_SS=1 -g3 -march=native -funroll-loops -Ofast sobel.c common.c -o sobel -lm -fopenmp
gcc -DV3_WS=1 -g3 -march=native -funroll-loops -Ofast sobel.c common.c -o sobel -lm -fopenmp
gcc -DV3_SS=1 -g3 -march=native -funroll-loops -Ofast sobel.c common.c -o sobel -lm -fopenmp
gcc -DV3_SS=1 -g3 -march=native -funroll-loops -Ofast sobel.c common.c -o sobel -lm -fopenmp
gcc -DBASELINE=1 -g3 sobel.c common.c -o sobel -lm
gcc -DV1=1 -g3 -march=native -funroll-loops -Ofast sobel.c common.c -o sobel -lm
gcc -DV2=1 -g3 -march=native -funroll-loops -Ofast sobel.c common.c -o sobel -lm
gcc -DV3_SS=1 -g3 -march=native -funroll-loops -Ofast sobel.c common.c -o sobel -lm -fopenmp
gcc -DBASELINE=1 -g3 sobel.c common.c -o sobel -lm
gcc -DBASELINE=1 -g3 sobel.c common.c -o sobel -lm
gcc -DBASELINE=1 -g3 sobel.c common.c -o sobel -lm
gcc -DBASELINE=1 -g3 sobel.c common.c -o sobel -lm
gcc -DBASELINE=1 -g3 sobel.c common.c -o sobel -lm
gcc -DBASELINE=1 -g3 sobel.c common.c -o sobel -lm
gcc -DV1=1 -g3 -march=native -funroll-loops -Ofast sobel.c common.c -o sobel -lm
gcc -DV2=1 -g3 -march=native -funroll-loops -Ofast sobel.c common.c -o sobel -lm
gcc -DV3_SS=1 -g3 -march=native -funroll-loops -Ofast sobel.c common.c -o sobel -lm -fopenmp
gcc -DBASELINE=1 -g3 sobel.c common.c -o sobel -lm
gcc -DV1=1 -g3 -march=native -funroll-loops -Ofast sobel.c common.c -o sobel -lm
gcc -DV2=1 -g3 -march=native -funroll-loops -Ofast sobel.c common.c -o sobel -lm
gcc -DV3_SS=1 -g3 -march=native -funroll-loops -Ofast sobel.c common.c -o sobel -lm -fopenmp
gcc -DBASELINE=1 -g3 sobel.c common.c -o sobel -lm
gcc -DV3_SS=1 -g3 -march=native -funroll-loops -Ofast sobel.c common.c -o sobel -lm -fopenmp
gcc -DV3_SS=1 -g3 -march=native -funroll-loops -Ofast sobel.c common.c -o sobel -lm -fopenmp
gcc -DV3_SS=1 -g3 -march=native -funroll-loops -Ofast sobel.c common.c -o sobel -lm -fopenmp
gcc -DV3_SS=1 -g3 -march=native -funroll-loops -Ofast sobel.c common.c -o sobel -lm -fopenmp
gcc -DV3_SS=1 -g3 -march=native -funroll-loops -Ofast sobel.c common.c -o sobel -lm -fopenmp
gcc -DV3_SS=1 -g3 -march=native -funroll-loops -Ofast sobel.c common.c -o sobel -lm -fopenmp
gcc -DV3_SS=1 -g3 -march=native -funroll-loops -Ofast sobel.c common.c -o sobel -lm -fopenmp
gcc -DV3_SS=1 -g3 -march=native -funroll-loops -Ofast sobel.c common.c -o sobel -lm -fopenmp
gcc -DV3_SS=1 -g3 -march=native -funroll-loops -Ofast sobel.c common.c -o sobel -lm -fopenmp
gcc -DV3_SS=1 -g3 -march=native -funroll-loops -Ofast sobel.c common.c -o sobel -lm -fopenmp
gcc -DV3_SS=1 -g3 -march=native -funroll-loops -Ofast sobel.c common.c -o sobel -lm -fopenmp
gcc -DV3_SS=1 -g3 -march=native -funroll-loops -Ofast sobel.c common.c -o sobel -lm -fopenmp
gcc -DV3_SS=1 -g3 -march=native -funroll-loops -Ofast sobel.c common.c -o sobel -lm -fopenmp
gcc -DV3_SS=1 -g3 -march=native -funroll-loops -Ofast sobel.c common.c -o sobel -lm -fopenmp
gcc -DBASELINE=1 -g3 sobel.c common.c -o sobel -lm
gcc -DV1=1 -g3 -march=native -funroll-loops -Ofast sobel.c common.c -o sobel -lm
gcc -DV2=1 -g3 -march=native -funroll-loops -Ofast sobel.c common.c -o sobel -lm
gcc -DV3_SS=1 -g3 -march=native -funroll-loops -Ofast sobel.c common.c -o sobel -lm -fopenmp
gcc -DBASELINE=1 -g3 sobel.c common.c -o sobel -lm
gcc -DV1=1 -g3 -march=native -funroll-loops -Ofast sobel.c common.c -o sobel -lm
gcc -DV2=1 -g3 -march=native -funroll-loops -Ofast sobel.c common.c -o sobel -lm
gcc -DV3_SS=1 -g3 -march=native -funroll-loops -Ofast sobel.c common.c -o sobel -lm -fopenmp
gcc -DBASELINE=1 -g3 sobel.c common.c -o sobel -lm
gcc -DV1=1 -g3 -march=native -funroll-loops -Ofast sobel.c common.c -o sobel -lm
gcc -DV2=1 -g3 -march=native -funroll-loops -Ofast sobel.c common.c -o sobel -lm
gcc -DV3_SS=1 -g3 -march=native -funroll-loops -Ofast sobel.c common.c -o sobel -lm -fopenmp
gcc -DBASELINE=1 -g3 sobel.c common.c -o sobel -lm
gcc -DV1=1 -g3 -march=native -funroll-loops -Ofast sobel.c common.c -o sobel -lm
gcc -DV2=1 -g3 -march=native -funroll-loops -Ofast sobel.c common.c -o sobel -lm
gcc -DV3_SS=1 -g3 -march=native -funroll-loops -Ofast sobel.c common.c -o sobel -lm -fopenmp
gcc -DBASELINE=1 -g3 sobel.c common.c -o sobel -lm
gcc -DV1=1 -g3 -march=native -funroll-loops -Ofast sobel.c common.c -o sobel -lm
gcc -DV2=1 -g3 -march=native -funroll-loops -Ofast sobel.c common.c -o sobel -lm
gcc -DV3_SS=1 -g3 -march=native -funroll-loops -Ofast sobel.c common.c -o sobel -lm -fopenmp
gcc -DBASELINE=1 -g3 sobel.c common.c -o sobel -lm
gcc -DV1=1 -g3 -march=native -funroll-loops -Ofast sobel.c common.c -o sobel -lm
gcc -DV2=1 -g3 -march=native -funroll-loops -Ofast sobel.c common.c -o sobel -lm
gcc -DV3_SS=1 -g3 -march=native -funroll-loops -Ofast sobel.c common.c -o sobel -lm -fopenmp
gcc -DBASELINE=1 -g3 sobel.c common.c -o sobel -lm
gcc -DV1=1 -g3 -march=native -funroll-loops -Ofast sobel.c common.c -o sobel -lm
gcc -DV2=1 -g3 -march=native -funroll-loops -Ofast sobel.c common.c -o sobel -lm
gcc -DV3_SS=1 -g3 -march=native -funroll-loops -Ofast sobel.c common.c -o sobel -lm -fopenmp
gcc -DBASELINE=1 -g3 sobel.c common.c -o sobel -lm
gcc -DV1=1 -g3 -march=native -funroll-loops -Ofast sobel.c common.c -o sobel -lm
gcc -DV2=1 -g3 -march=native -funroll-loops -Ofast sobel.c common.c -o sobel -lm
gcc -DV3_SS=1 -g3 -march=native -funroll-loops -Ofast sobel.c common.c -o sobel -lm -fopenmp
gcc -DBASELINE=1 -g3 sobel.c common.c -o sobel -lm
gcc -DV1=1 -g3 -march=native -funroll-loops -Ofast sobel.c common.c -o sobel -lm
gcc -DV2=1 -g3 -march=native -funroll-loops -Ofast sobel.c common.c -o sobel -lm
gcc -DV3_SS=1 -g3 -march=native -funroll-loops -Ofast sobel.c common.c -o sobel -lm -fopenmp
gcc -DBASELINE=1 -g3 sobel.c common.c -o sobel -lm
gcc -DV1=1 -g3 -march=native -funroll-loops -Ofast sobel.c common.c -o sobel -lm
gcc -DV2=1 -g3 -march=native -funroll-loops -Ofast sobel.c common.c -o sobel -lm
gcc -DV3_SS=1 -g3 -march=native -funroll-loops -Ofast sobel.c common.c -o sobel -lm -fopenmp
gcc -DBASELINE=1 -g3 sobel.c common.c -o sobel -lm
gcc -DV1=1 -g3 -march=native -funroll-loops -Ofast sobel.c common.c -o sobel -lm
gcc -DV2=1 -g3 -march=native -funroll-loops -Ofast sobel.c common.c -o sobel -lm
gcc -DV3_SS=1 -g3 -march=native -funroll-loops -Ofast sobel.c common.c -o sobel -lm -fopenmp
gcc -DBASELINE=1 -g3 sobel.c common.c -o sobel -lm
gcc -DV1=1 -g3 -march=native -funroll-loops -Ofast sobel.c common.c -o sobel -lm
gcc -DV2=1 -g3 -march=native -funroll-loops -Ofast sobel.c common.c -o sobel -lm
gcc -DV3_SS=1 -g3 -march=native -funroll-loops -Ofast sobel.c common.c -o sobel -lm -fopenmp
gcc -DBASELINE=1 -g3 sobel.c common.c -o sobel -lm
gcc -DV1=1 -g3 -march=native -funroll-loops -Ofast sobel.c common.c -o sobel -lm
gcc -DV2=1 -g3 -march=native -funroll-loops -Ofast sobel.c common.c -o sobel -lm
gcc -DV3_SS=1 -g3 -march=native -funroll-loops -Ofast sobel.c common.c -o sobel -lm -fopenmp
gcc -DBASELINE=1 -g3 sobel.c common.c -o sobel -lm
gcc -DV1=1 -g3 -march=native -funroll-loops -Ofast sobel.c common.c -o sobel -lm
gcc -DV2=1 -g3 -march=native -funroll-loops -Ofast sobel.c common.c -o sobel -lm
gcc -DV3_SS=1 -g3 -march=native -funroll-loops -Ofast sobel.c common.c -o sobel -lm -fopenmp
gcc -DBASELINE=1 -g3 sobel.c common.c -o sobel -lm
gcc -DV1=1 -g3 -march=native -funroll-loops -Ofast sobel.c common.c -o sobel -lm
gcc -DV2=1 -g3 -march=native -funroll-loops -Ofast sobel.c common.c -o sobel -lm
gcc -DV3_SS=1 -g3 -march=native -funroll-loops -Ofast sobel.c common.c -o sobel -lm -fopenmp
gcc -DBASELINE=1 -g3 sobel.c common.c -o sobel -lm
gcc -DV1=1 -g3 -march=native -funroll-loops -Ofast sobel.c common.c -o sobel -lm
gcc -DV2=1 -g3 -march=native -funroll-loops -Ofast sobel.c common.c -o sobel -lm
gcc -DV3_SS=1 -g3 -march=native -funroll-loops -Ofast sobel.c common.c -o sobel -lm -fopenmp
gcc -DBASELINE=1 -g3 -O1 sobel.c common.c -o sobel -lm
gcc -DV1=1 -g3 -march=native -funroll-loops -Ofast -O1 sobel.c common.c -o sobel -lm
gcc -DV2=1 -g3 -march=native -funroll-loops -Ofast -O1 sobel.c common.c -o sobel -lm
gcc -DV3_SS=1 -g3 -march=native -funroll-loops -Ofast -O1 sobel.c common.c -o sobel -lm -fopenmp
gcc -DBASELINE=1 -g3 -O2 sobel.c common.c -o sobel -lm
gcc -DV1=1 -g3 -march=native -funroll-loops -Ofast -O2 sobel.c common.c -o sobel -lm
gcc -DV2=1 -g3 -march=native -funroll-loops -Ofast -O2 sobel.c common.c -o sobel -lm
gcc -DV3_SS=1 -g3 -march=native -funroll-loops -Ofast -O2 sobel.c common.c -o sobel -lm -fopenmp
gcc -DBASELINE=1 -g3 -O3 sobel.c common.c -o sobel -lm
gcc -DV1=1 -g3 -march=native -funroll-loops -Ofast -O3 sobel.c common.c -o sobel -lm
gcc -DV2=1 -g3 -march=native -funroll-loops -Ofast -O3 sobel.c common.c -o sobel -lm
gcc -DV3_SS=1 -g3 -march=native -funroll-loops -Ofast -O3 sobel.c common.c -o sobel -lm -fopenmp
gcc -DBASELINE=1 -g3 -Ofast sobel.c common.c -o sobel -lm
gcc -DV1=1 -g3 -march=native -funroll-loops -Ofast -Ofast sobel.c common.c -o sobel -lm
gcc -DV2=1 -g3 -march=native -funroll-loops -Ofast -Ofast sobel.c common.c -o sobel -lm
gcc -DV3_SS=1 -g3 -march=native -funroll-loops -Ofast -Ofast sobel.c common.c -o sobel -lm -fopenmp
gcc -DBASELINE=1 -g3 -O1 sobel.c common.c -o sobel -lm
gcc -DV1=1 -g3 -march=native -funroll-loops -Ofast -O1 sobel.c common.c -o sobel -lm
gcc -DV2=1 -g3 -march=native -funroll-loops -Ofast -O1 sobel.c common.c -o sobel -lm
gcc -DV3_SS=1 -g3 -march=native -funroll-loops -Ofast -O1 sobel.c common.c -o sobel -lm -fopenmp
gcc -DBASELINE=1 -g3 -O2 sobel.c common.c -o sobel -lm
gcc -DBASELINE=1 -g3 -O1 sobel.c common.c -o sobel -lm
gcc -DV1=1 -g3 -march=native -funroll-loops -Ofast -O1 sobel.c common.c -o sobel -lm
gcc -DV2=1 -g3 -march=native -funroll-loops -Ofast -O1 sobel.c common.c -o sobel -lm
gcc -DV3_SS=1 -g3 -march=native -funroll-loops -Ofast -O1 sobel.c common.c -o sobel -lm -fopenmp
gcc -DBASELINE=1 -g3 -O2 sobel.c common.c -o sobel -lm
gcc -DV1=1 -g3 -march=native -funroll-loops -Ofast -O2 sobel.c common.c -o sobel -lm
gcc -DV2=1 -g3 -march=native -funroll-loops -Ofast -O2 sobel.c common.c -o sobel -lm
gcc -DV3_SS=1 -g3 -march=native -funroll-loops -Ofast -O2 sobel.c common.c -o sobel -lm -fopenmp
gcc -DBASELINE=1 -g3 -O3 sobel.c common.c -o sobel -lm
gcc -DV1=1 -g3 -march=native -funroll-loops -Ofast -O3 sobel.c common.c -o sobel -lm
gcc -DV2=1 -g3 -march=native -funroll-loops -Ofast -O3 sobel.c common.c -o sobel -lm
gcc -DV3_SS=1 -g3 -march=native -funroll-loops -Ofast -O3 sobel.c common.c -o sobel -lm -fopenmp
gcc -DBASELINE=1 -g3 -Ofast sobel.c common.c -o sobel -lm
gcc -DV1=1 -g3 -march=native -funroll-loops -Ofast -Ofast sobel.c common.c -o sobel -lm
gcc -DV2=1 -g3 -march=native -funroll-loops -Ofast -Ofast sobel.c common.c -o sobel -lm
gcc -DV3_SS=1 -g3 -march=native -funroll-loops -Ofast -Ofast sobel.c common.c -o sobel -lm -fopenmp
