
* Info: Selecting the 'perf-low-ppn' engine for node knl07

* Info: Process launched (host knl07, process 389634)                   0;                  360;             24359398;           0.000
                   1;                  360;             25360888;           0.000
                   2;                  360;             24531738;           0.000
                   3;                  360;             24608234;           0.000
                   4;                  360;             24788680;           0.000
                   5;                  360;             24733576;           0.000
                   6;                  360;             24760876;           0.000
                   7;                  360;             24685318;           0.000
                   8;                  360;             24450328;           0.000
                   9;                  360;             24486196;           0.000
                  10;                  360;             24537730;           0.000
                  11;                  360;             24545486;           0.000
                  12;                  360;             24579044;           0.000
                  13;                  360;             24624404;           0.000
                  14;                  360;             24583090;           0.000
                  15;                  360;             24768366;           0.000
                  16;                  360;             24351516;           0.000
                  17;                  360;             24415062;           0.000
                  18;                  360;             24443664;           0.000
                  19;                  360;             24491628;           0.000
                  20;                  360;             24548762;           0.000
                  21;                  360;             24557512;           0.000
                  22;                  360;             24563602;           0.000
                  23;                  360;             24852856;           0.000
                  24;                  360;             24127656;           0.000
                  25;                  360;             24172540;           0.000
                  26;                  360;             24177426;           0.000
                  27;                  360;             24215268;           0.000
                  28;                  360;             24276140;           0.000
                  29;                  360;             24352272;           0.000
                  30;                  360;             24412206;           0.000
                  31;                  360;             24764544;           0.000
                  32;                  360;             24033870;           0.000
                  33;                  360;             24072636;           0.000
                  34;                  360;             24088148;           0.000
                  35;                  360;             24111920;           0.000
                  36;                  360;             24136952;           0.000
                  37;                  360;             24163104;           0.000
                  38;                  360;             24310482;           0.000
                  39;                  360;             24669162;           0.000
                  40;                  360;             24167430;           0.000
                  41;                  360;             24189228;           0.000
                  42;                  360;             24190698;           0.000
                  43;                  360;             24248616;           0.000
                  44;                  360;             24184608;           0.000
                  45;                  360;             24196508;           0.000
                  46;                  360;             24416168;           0.000
                  47;                  360;             24785068;           0.000
                  48;                  360;             24075016;           0.000
                  49;                  360;             24113460;           0.000
                  50;                  360;             24084956;           0.000
                  51;                  360;             24181318;           0.000
                  52;                  360;             24187184;           0.000
                  53;                  360;             24209164;           0.000
                  54;                  360;             24339000;           0.000
                  55;                  360;             24697778;           0.000
                  56;                  360;             24035928;           0.000
                  57;                  360;             24058650;           0.000
                  58;                  360;             24101154;           0.000
                  59;                  360;             24120026;           0.000
                  60;                  360;             24128902;           0.000
                  61;                  360;             24199714;           0.000
                  62;                  360;             24312904;           0.000
                  63;                  360;             24653720;           0.000
                  64;                  360;             24248546;           0.000
                  65;                  360;             24252704;           0.000
                  66;                  360;             24284358;           0.000
                  67;                  360;             24338874;           0.000
                  68;                  360;             24281866;           0.000
                  69;                  360;             24329004;           0.000
                  70;                  360;             24468416;           0.000
                  71;                  360;             24775772;           0.000
                  72;                  360;             24219860;           0.000
                  73;                  360;             24227042;           0.000
                  74;                  360;             24244332;           0.000
                  75;                  360;             24223976;           0.000
                  76;                  360;             24333120;           0.000
                  77;                  360;             24363724;           0.000
                  78;                  360;             24410540;           0.000
                  79;                  360;             24700424;           0.000
                  80;                  360;             24209024;           0.000
                  81;                  360;             24222982;           0.000
                  82;                  360;             24215086;           0.000
                  83;                  360;             24268650;           0.000
                  84;                  360;             24330936;           0.000
                  85;                  360;             24381910;           0.000
                  86;                  360;             24323166;           0.000
                  87;                  360;             24623802;           0.000
                  88;                  360;             24365250;           0.000
                  89;                  360;             24421698;           0.000
                  90;                  360;             24460170;           0.000
                  91;                  360;             24485944;           0.000
                  92;                  360;             24501134;           0.000
                  93;                  360;             24528980;           0.000
                  94;                  360;             24469396;           0.000
                  95;                  360;             24730832;           0.000
                  96;                  360;             24325728;           0.000
                  97;                  360;             24360252;           0.000
                  98;                  360;             24423658;           0.000
                  99;                  360;             24491334;           0.000
                 100;                  360;             24625580;           0.000
                 101;                  360;             24526782;           0.000
                 102;                  360;             24532004;           0.000
                 103;                  360;             24557246;           0.000
                 104;                  360;             24204600;           0.000
                 105;                  360;             24274502;           0.000
                 106;                  360;             24275986;           0.000
                 107;                  360;             24455984;           0.000
                 108;                  360;             24538836;           0.000
                 109;                  360;             24583104;           0.000
                 110;                  360;             24679732;           0.000
                 111;                  360;             24691828;           0.000
                 112;                  360;             24242596;           0.000
                 113;                  360;             24265486;           0.000
                 114;                  360;             24268734;           0.000
                 115;                  360;             24381280;           0.000
                 116;                  360;             24545374;           0.000
                 117;                  360;             24565114;           0.000
                 118;                  360;             24708166;           0.000
                 119;                  360;             24731938;           0.000
                 120;                  360;             24218124;           0.000
                 121;                  360;             24231466;           0.000
                 122;                  360;             24260250;           0.000
                 123;                  360;             24262882;           0.000
                 124;                  360;             24477796;           0.000
                 125;                  360;             24504956;           0.000
                 126;                  360;             24590650;           0.000
                 127;                  360;             24700200;           0.000
                 128;                  360;             24079804;           0.000
                 129;                  360;             24145310;           0.000
                 130;                  360;             24162040;           0.000
                 131;                  360;             24207974;           0.000
                 132;                  360;             24331818;           0.000
                 133;                  360;             24422580;           0.000
                 134;                  360;             24497214;           0.000
                 135;                  360;             24614394;           0.000
                 136;                  360;             24112676;           0.000
                 137;                  360;             24156398;           0.000
                 138;                  360;             24178798;           0.000
                 139;                  360;             24161592;           0.000
                 140;                  360;             24392676;           0.000
                 141;                  360;             24492930;           0.000
                 142;                  360;             24567102;           0.000
                 143;                  360;             24752672;           0.000
                 144;                  360;             24145128;           0.000
                 145;                  360;             24162096;           0.000
                 146;                  360;             24163902;           0.000
                 147;                  360;             24253404;           0.000
                 148;                  360;             24334240;           0.000
                 149;                  360;             24398962;           0.000
                 150;                  360;             24522484;           0.000
                 151;                  360;             24678010;           0.000
                 152;                  360;             24088666;           0.000
                 153;                  360;             24097122;           0.000
                 154;                  360;             24115112;           0.000
                 155;                  360;             24157686;           0.000
                 156;                  360;             24235400;           0.000
                 157;                  360;             24281460;           0.000
                 158;                  360;             24409532;           0.000
                 159;                  360;             24612532;           0.000
                 160;                  360;             24052966;           0.000
                 161;                  360;             24093748;           0.000
                 162;                  360;             24162712;           0.000
                 163;                  360;             24190096;           0.000
                 164;                  360;             24219678;           0.000
                 165;                  360;             24242638;           0.000
                 166;                  360;             24398850;           0.000
                 167;                  360;             24680432;           0.000
                 168;                  360;             24134180;           0.000
                 169;                  360;             24175256;           0.000
                 170;                  360;             24229744;           0.000
                 171;                  360;             24302978;           0.000
                 172;                  360;             24302880;           0.000
                 173;                  360;             24306954;           0.000
                 174;                  360;             24491922;           0.000
                 175;                  360;             24685038;           0.000
                 176;                  360;             24050040;           0.000
                 177;                  360;             24105928;           0.000
                 178;                  360;             24168858;           0.000
                 179;                  360;             24180744;           0.000
                 180;                  360;             24251864;           0.000
                 181;                  360;             24311910;           0.000
                 182;                  360;             24441102;           0.000
                 183;                  360;             24649828;           0.000
                 184;                  360;             24061814;           0.000
                 185;                  360;             24199140;           0.000
                 186;                  360;             24207498;           0.000
                 187;                  360;             24208282;           0.000
                 188;                  360;             24244962;           0.000
                 189;                  360;             24290742;           0.000
                 190;                  360;             24399158;           0.000
                 191;                  360;             24646370;           0.000
                 192;                  360;             24151638;           0.000
                 193;                  360;             24165218;           0.000
                 194;                  360;             24234098;           0.000
                 195;                  360;             24312498;           0.000
                 196;                  360;             24341940;           0.000
                 197;                  360;             24396316;           0.000
                 198;                  360;             24477446;           0.000
                 199;                  360;             24726548;           0.000
                 200;                  360;             23917292;           0.000
                 201;                  360;             23975980;           0.000
                 202;                  360;             23994124;           0.000
                 203;                  360;             24078894;           0.000
                 204;                  360;             24146948;           0.000
                 205;                  360;             24176474;           0.000
                 206;                  360;             24228554;           0.000
                 207;                  360;             24616620;           0.000
                 208;                  360;             23884518;           0.000
                 209;                  360;             23924586;           0.000
                 210;                  360;             23981314;           0.000
                 211;                  360;             24051020;           0.000
                 212;                  360;             24095008;           0.000
                 213;                  360;             24150560;           0.000
                 214;                  360;             24206868;           0.000
                 215;                  360;             24643696;           0.000
                 216;                  360;             23985864;           0.000
                 217;                  360;             24012380;           0.000
                 218;                  360;             24003336;           0.000
                 219;                  360;             24095876;           0.000
                 220;                  360;             24139052;           0.000
                 221;                  360;             24213868;           0.000
                 222;                  360;             24316740;           0.000
                 223;                  360;             24705520;           0.000
                 224;                  360;             23928996;           0.000
                 225;                  360;             23940644;           0.000
                 226;                  360;             23950206;           0.000
                 227;                  360;             24033478;           0.000
                 228;                  360;             24061170;           0.000
                 229;                  360;             24135748;           0.000
                 230;                  360;             24284512;           0.000
                 231;                  360;             24642142;           0.000
                 232;                  360;             23900184;           0.000
                 233;                  360;             24072594;           0.000
                 234;                  360;             24084004;           0.000
                 235;                  360;             24137190;           0.000
                 236;                  360;             24139122;           0.000
                 237;                  360;             24250086;           0.000
                 238;                  360;             24448270;           0.000
                 239;                  360;             24702818;           0.000
                 240;                  360;             18492376;           0.000
                 241;                  360;             18788490;           0.000
                 242;                  360;             18821782;           0.000
                 243;                  360;             18852862;           0.000
                 244;                  360;             18967564;           0.000
                 245;                  360;             19178572;           0.000
                 246;                  360;             19417972;           0.000
                 247;                  360;             24568922;           0.000
                 248;                  360;             18586316;           0.000
                 249;                  360;             18901190;           0.000
                 250;                  360;             18922372;           0.000
                 251;                  360;             18952024;           0.000
                 252;                  360;             19014478;           0.000
                 253;                  360;             19238520;           0.000
                 254;                  360;             19525912;           0.000
                 255;                  360;             24576860;           0.000
                 256;                  360;             18683896;           0.000
                 257;                  360;             18986338;           0.000
                 258;                  360;             19018244;           0.000
                 259;                  360;             19034526;           0.000
                 260;                  360;             19147296;           0.000
                 261;                  360;             19289340;           0.000
                 262;                  360;             19646886;           0.000
                 263;                  360;             24483144;           0.000
                 264;                  360;             18817568;           0.000
                 265;                  360;             19228776;           0.000
                 266;                  360;             19238436;           0.000
                 267;                  360;             19234642;           0.000
                 268;                  360;             19372738;           0.000
                 269;                  360;             19495280;           0.000
                 270;                  360;             19934362;           0.000
                 271;                  360;             24602900;           0.000
                 272;                  360;             18934874;           0.000
                 273;                  360;             19320630;           0.000
                 274;                  360;             19321288;           0.000
                 275;                  360;             19361678;           0.000
                 276;                  360;             19453952;           0.000
                 277;                  360;             19671036;           0.000
                 278;                  360;             20019118;           0.000
                 279;                  360;             24598532;           0.000
                 280;                  360;             18788854;           0.000
                 281;                  360;             19224226;           0.000
                 282;                  360;             19311068;           0.000
                 283;                  360;             19379360;           0.000
                 284;                  360;             19469212;           0.000
                 285;                  360;             19539506;           0.000
                 286;                  360;             19914314;           0.000
                 287;                  360;             24519488;           0.000
                 288;                  360;             18823196;           0.000
                 289;                  360;             19477710;           0.000
                 290;                  360;             19504100;           0.000
                 291;                  360;             19590662;           0.000
                 292;                  360;             19599188;           0.000
                 293;                  360;             19701402;           0.000
                 294;                  360;             20013686;           0.000
                 295;                  360;             24524710;           0.000
                 296;                  360;             18969342;           0.000
                 297;                  360;             19579966;           0.000
                 298;                  360;             19603192;           0.000
                 299;                  360;             19688060;           0.000
                 300;                  360;             19705910;           0.000
                 301;                  360;             19804386;           0.000
                 302;                  360;             20127016;           0.000
                 303;                  360;             24577168;           0.000
                 304;                  360;             18920734;           0.000
                 305;                  360;             19649140;           0.000
                 306;                  360;             19666486;           0.000
                 307;                  360;             19850768;           0.000
                 308;                  360;             19884158;           0.000
                 309;                  360;             19927810;           0.000
                 310;                  360;             20174896;           0.000
                 311;                  360;             24463810;           0.000
                 312;                  360;             19054336;           0.000
                 313;                  360;             19735632;           0.000
                 314;                  360;             19773754;           0.000
                 315;                  360;             19971434;           0.000
                 316;                  360;             20040706;           0.000
                 317;                  360;             20042764;           0.000
                 318;                  360;             20431922;           0.000
                 319;                  360;             24448312;           0.000
                 320;                  360;             19203814;           0.000
                 321;                  360;             19955670;           0.000
                 322;                  360;             19985686;           0.000
                 323;                  360;             20201930;           0.000
                 324;                  360;             20265938;           0.000
                 325;                  360;             20321126;           0.000
                 326;                  360;             20616498;           0.000
                 327;                  360;             24542350;           0.000
                 328;                  360;             19293414;           0.000
                 329;                  360;             20086192;           0.000
                 330;                  360;             20095460;           0.000
                 331;                  360;             20282948;           0.000
                 332;                  360;             20367116;           0.000
                 333;                  360;             20430340;           0.000
                 334;                  360;             20733076;           0.000
                 335;                  360;             24508344;           0.000
                 336;                  360;             19281108;           0.000
                 337;                  360;             20137670;           0.000
                 338;                  360;             20206228;           0.000
                 339;                  360;             20401136;           0.000
                 340;                  360;             20416326;           0.000
                 341;                  360;             20503798;           0.000
                 342;                  360;             20862716;           0.000
                 343;                  360;             24477488;           0.000
                 344;                  360;             19340622;           0.000
                 345;                  360;             20294246;           0.000
                 346;                  360;             20381046;           0.000
                 347;                  360;             20573350;           0.000
                 348;                  360;             20587280;           0.000
                 349;                  360;             20631786;           0.000
                 350;                  360;             21094486;           0.000
                 351;                  360;             24457020;           0.000
                 352;                  360;             19446574;           0.000
                 353;                  360;             20339018;           0.000
                 354;                  360;             20392498;           0.000
                 355;                  360;             20574022;           0.000
                 356;                  360;             20665554;           0.000
                 357;                  360;             20684020;           0.000
                 358;                  360;             21258342;           0.000
                 359;                  360;             24467058;           0.000

* Info: Process finished (host knl07, process 389634)
* Info: Dumping samples (host knl07, process 389634)
* Info: Dumping source info for callchain nodes (host knl07, process 389634)
* Info: Building/writing metadata (host knl07)
* Info: Finished collect step (host knl07, process 389634)

Your experiment path is /scratch/chps/users/user22024/Projet/AOC-Computer-vision/maqao/sobel_v3/tools/lprof_npsu_run_3

To display your profiling results:
##########################################################################################################################################################
#    LEVEL    |     REPORT     |                                                         COMMAND                                                         #
##########################################################################################################################################################
#  Functions  |  Cluster-wide  |  maqao lprof -df xp=/scratch/chps/users/user22024/Projet/AOC-Computer-vision/maqao/sobel_v3/tools/lprof_npsu_run_3      #
#  Functions  |  Per-node      |  maqao lprof -df -dn xp=/scratch/chps/users/user22024/Projet/AOC-Computer-vision/maqao/sobel_v3/tools/lprof_npsu_run_3  #
#  Functions  |  Per-process   |  maqao lprof -df -dp xp=/scratch/chps/users/user22024/Projet/AOC-Computer-vision/maqao/sobel_v3/tools/lprof_npsu_run_3  #
#  Functions  |  Per-thread    |  maqao lprof -df -dt xp=/scratch/chps/users/user22024/Projet/AOC-Computer-vision/maqao/sobel_v3/tools/lprof_npsu_run_3  #
#  Loops      |  Cluster-wide  |  maqao lprof -dl xp=/scratch/chps/users/user22024/Projet/AOC-Computer-vision/maqao/sobel_v3/tools/lprof_npsu_run_3      #
#  Loops      |  Per-node      |  maqao lprof -dl -dn xp=/scratch/chps/users/user22024/Projet/AOC-Computer-vision/maqao/sobel_v3/tools/lprof_npsu_run_3  #
#  Loops      |  Per-process   |  maqao lprof -dl -dp xp=/scratch/chps/users/user22024/Projet/AOC-Computer-vision/maqao/sobel_v3/tools/lprof_npsu_run_3  #
#  Loops      |  Per-thread    |  maqao lprof -dl -dt xp=/scratch/chps/users/user22024/Projet/AOC-Computer-vision/maqao/sobel_v3/tools/lprof_npsu_run_3  #
##########################################################################################################################################################

