
* Info: Selecting the 'perf-low-ppn' engine for node knl07

* Info: Process launched (host knl07, process 384766)                   0;                  360;             24923500;           0.000
                   1;                  360;             25662630;           0.000
                   2;                  360;             24840634;           0.000
                   3;                  360;             25349464;           0.000
                   4;                  360;             24330824;           0.000
                   5;                  360;             25305630;           0.000
                   6;                  360;             23680678;           0.000
                   7;                  360;             25401502;           0.000
                   8;                  360;             23563456;           0.000
                   9;                  360;             25291448;           0.000
                  10;                  360;             23310042;           0.000
                  11;                  360;             25212488;           0.000
                  12;                  360;             23131178;           0.000
                  13;                  360;             25273626;           0.000
                  14;                  360;             23085650;           0.000
                  15;                  360;             25167212;           0.000
                  16;                  360;             23126992;           0.000
                  17;                  360;             25391310;           0.000
                  18;                  360;             23061794;           0.000
                  19;                  360;             25208708;           0.000
                  20;                  360;             23178050;           0.000
                  21;                  360;             25295998;           0.000
                  22;                  360;             23348346;           0.000
                  23;                  360;             25273374;           0.000
                  24;                  360;             23420418;           0.000
                  25;                  360;             25242098;           0.000
                  26;                  360;             23668890;           0.000
                  27;                  360;             25333364;           0.000
                  28;                  360;             23852346;           0.000
                  29;                  360;             25136076;           0.000
                  30;                  360;             24203368;           0.000
                  31;                  360;             25238850;           0.000
                  32;                  360;             24379264;           0.000
                  33;                  360;             25289852;           0.000
                  34;                  360;             24430546;           0.000
                  35;                  360;             25926656;           0.000
                  36;                  360;             24018218;           0.000
                  37;                  360;             25166582;           0.000
                  38;                  360;             24215240;           0.000
                  39;                  360;             25382546;           0.000
                  40;                  360;             24225642;           0.000
                  41;                  360;             25295550;           0.000
                  42;                  360;             24283070;           0.000
                  43;                  360;             25242182;           0.000
                  44;                  360;             24577924;           0.000
                  45;                  360;             25306218;           0.000
                  46;                  360;             24690414;           0.000
                  47;                  360;             25263210;           0.000
                  48;                  360;             24967754;           0.000
                  49;                  360;             25300240;           0.000
                  50;                  360;             25122132;           0.000
                  51;                  360;             25265660;           0.000
                  52;                  360;             25351998;           0.000
                  53;                  360;             25485880;           0.000
                  54;                  360;             25048506;           0.000
                  55;                  360;             25243722;           0.000
                  56;                  360;             25174422;           0.000
                  57;                  360;             25316900;           0.000
                  58;                  360;             25246564;           0.000
                  59;                  360;             29275848;           0.000
                  60;                  360;             21171556;           0.000
                  61;                  360;             25206678;           0.000
                  62;                  360;             21213514;           0.000
                  63;                  360;             25325818;           0.000
                  64;                  360;             21262150;           0.000
                  65;                  360;             25452728;           0.000
                  66;                  360;             21166880;           0.000
                  67;                  360;             25380250;           0.000
                  68;                  360;             20954864;           0.000
                  69;                  360;             25235462;           0.000
                  70;                  360;             20956432;           0.000
                  71;                  360;             25213230;           0.000
                  72;                  360;             20910988;           0.000
                  73;                  360;             25299876;           0.000
                  74;                  360;             20907152;           0.000
                  75;                  360;             25288746;           0.000
                  76;                  360;             20768356;           0.000
                  77;                  360;             25330172;           0.000
                  78;                  360;             20596968;           0.000
                  79;                  360;             25213454;           0.000
                  80;                  360;             20606992;           0.000
                  81;                  360;             25325104;           0.000
                  82;                  360;             20424208;           0.000
                  83;                  360;             25199132;           0.000
                  84;                  360;             20488328;           0.000
                  85;                  360;             25328394;           0.000
                  86;                  360;             20332298;           0.000
                  87;                  360;             25286240;           0.000
                  88;                  360;             20319642;           0.000
                  89;                  360;             25330886;           0.000
                  90;                  360;             19831630;           0.000
                  91;                  360;             25214042;           0.000
                  92;                  360;             18856348;           0.000
                  93;                  360;             25143902;           0.000
                  94;                  360;             18123434;           0.000
                  95;                  360;             25331600;           0.000
                  96;                  360;             17089072;           0.000
                  97;                  360;             25158728;           0.000
                  98;                  360;             16187668;           0.000
                  99;                  360;             25216156;           0.000
                 100;                  360;             14939078;           0.000
                 101;                  360;             25130462;           0.000
                 102;                  360;             14185248;           0.000
                 103;                  360;             25114320;           0.000
                 104;                  360;             13410726;           0.000
                 105;                  360;             25215960;           0.000
                 106;                  360;             12575024;           0.000
                 107;                  360;             25054526;           0.000
                 108;                  360;             11735024;           0.000
                 109;                  360;             25121530;           0.000
                 110;                  360;             10918740;           0.000
                 111;                  360;             25069478;           0.000
                 112;                  360;             10324636;           0.000
                 113;                  360;             25217738;           0.000
                 114;                  360;              9607122;           0.000
                 115;                  360;             24965360;           0.000
                 116;                  360;              9523836;           0.000
                 117;                  360;             25022480;           0.000
                 118;                  360;              9079322;           0.000
                 119;                  360;             26612670;           0.000
                 120;                  360;              7165004;           0.000
                 121;                  360;             25161528;           0.000
                 122;                  360;              6753740;           0.000
                 123;                  360;             25165266;           0.000
                 124;                  360;              6076224;           0.000
                 125;                  360;             25067196;           0.000
                 126;                  360;              5783890;           0.000
                 127;                  360;             25060084;           0.000
                 128;                  360;              5595170;           0.000
                 129;                  360;             24930962;           0.000
                 130;                  360;              5550104;           0.000
                 131;                  360;             25132268;           0.000
                 132;                  360;              5470626;           0.000
                 133;                  360;             25031006;           0.000
                 134;                  360;              5289438;           0.000
                 135;                  360;             24978730;           0.000
                 136;                  360;              5036080;           0.000
                 137;                  360;             25045048;           0.000
                 138;                  360;              4897830;           0.000
                 139;                  360;             24812438;           0.000
                 140;                  360;              4851532;           0.000
                 141;                  360;             24984582;           0.000
                 142;                  360;              4596676;           0.000
                 143;                  360;             24920266;           0.000
                 144;                  360;              4538730;           0.000
                 145;                  360;             24904642;           0.000
                 146;                  360;              4380292;           0.000
                 147;                  360;             24992828;           0.000
                 148;                  360;              4147920;           0.000
                 149;                  360;             24868074;           0.000
                 150;                  360;              4168472;           0.000
                 151;                  360;             25010510;           0.000
                 152;                  360;              3980228;           0.000
                 153;                  360;             24942092;           0.000
                 154;                  360;              3776598;           0.000
                 155;                  360;             24864966;           0.000
                 156;                  360;              3748738;           0.000
                 157;                  360;             24944906;           0.000
                 158;                  360;              3474856;           0.000
                 159;                  360;             24811500;           0.000
                 160;                  360;              3401566;           0.000
                 161;                  360;             24876334;           0.000
                 162;                  360;              3263442;           0.000
                 163;                  360;             24968132;           0.000
                 164;                  360;              2892176;           0.000
                 165;                  360;                80122;           0.004
                 166;                  360;              2617930;           0.000
                 167;                  360;               453712;           0.001
                 168;                  360;              2504096;           0.000
                 169;                  360;               543340;           0.001
                 170;                  360;              2242296;           0.000
                 171;                  360;               858732;           0.000
                 172;                  360;              2004002;           0.000
                 173;                  360;              1147748;           0.000
                 174;                  360;              1651524;           0.000
                 175;                  360;              1252594;           0.000
                 176;                  360;              1442826;           0.000
                 177;                  360;              1413104;           0.000
                 178;                  360;              1491238;           0.000
                 179;                  360;             10530534;           0.000
                 180;                  360;             24901870;           0.000
                 181;                  360;             10666292;           0.000
                 182;                  360;             24770592;           0.000
                 183;                  360;             10930542;           0.000
                 184;                  360;             24780266;           0.000
                 185;                  360;             11265464;           0.000
                 186;                  360;             24821104;           0.000
                 187;                  360;             11482730;           0.000
                 188;                  360;             24808490;           0.000
                 189;                  360;             11596984;           0.000
                 190;                  360;             24845604;           0.000
                 191;                  360;             11858294;           0.000
                 192;                  360;             24786496;           0.000
                 193;                  360;             12169108;           0.000
                 194;                  360;             24753092;           0.000
                 195;                  360;             12560030;           0.000
                 196;                  360;             24986738;           0.000
                 197;                  360;             12650652;           0.000
                 198;                  360;             24820124;           0.000
                 199;                  360;             12871852;           0.000
                 200;                  360;             24799418;           0.000
                 201;                  360;             13344744;           0.000
                 202;                  360;             24839486;           0.000
                 203;                  360;             13542032;           0.000
                 204;                  360;             24744202;           0.000
                 205;                  360;             13942992;           0.000
                 206;                  360;             24895920;           0.000
                 207;                  360;             14053816;           0.000
                 208;                  360;             24787014;           0.000
                 209;                  360;             14260176;           0.000
                 210;                  360;             24694404;           0.000
                 211;                  360;             14632506;           0.000
                 212;                  360;             24876222;           0.000
                 213;                  360;             14822626;           0.000
                 214;                  360;             24733744;           0.000
                 215;                  360;             15165318;           0.000
                 216;                  360;             24723076;           0.000
                 217;                  360;             15437772;           0.000
                 218;                  360;             24857294;           0.000
                 219;                  360;             15467452;           0.000
                 220;                  360;             24705688;           0.000
                 221;                  360;             15859480;           0.000
                 222;                  360;             24828944;           0.000
                 223;                  360;             16106734;           0.000
                 224;                  360;             24905174;           0.000
                 225;                  360;             16318288;           0.000
                 226;                  360;             24779510;           0.000
                 227;                  360;             16609278;           0.000
                 228;                  360;             24888486;           0.000
                 229;                  360;             16894444;           0.000
                 230;                  360;             24897264;           0.000
                 231;                  360;             17186974;           0.000
                 232;                  360;             24786524;           0.000
                 233;                  360;             17523870;           0.000
                 234;                  360;             24874878;           0.000
                 235;                  360;             17822294;           0.000
                 236;                  360;             24792754;           0.000
                 237;                  360;             18145022;           0.000
                 238;                  360;             24710672;           0.000
                 239;                  360;             18674208;           0.000
                 240;                  360;             24832920;           0.000
                 241;                  360;             14921354;           0.000
                 242;                  360;             24715250;           0.000
                 243;                  360;             15283184;           0.000
                 244;                  360;             24562202;           0.000
                 245;                  360;             15955562;           0.000
                 246;                  360;             24607016;           0.000
                 247;                  360;             16477370;           0.000
                 248;                  360;             24888864;           0.000
                 249;                  360;             16709014;           0.000
                 250;                  360;             24603222;           0.000
                 251;                  360;             17165386;           0.000
                 252;                  360;             24622822;           0.000
                 253;                  360;              8661758;           0.000
                 254;                  360;             24574900;           0.000
                 255;                  360;              9188592;           0.000
                 256;                  360;             24710238;           0.000
                 257;                  360;              9397654;           0.000
                 258;                  360;             24612784;           0.000
                 259;                  360;              9929192;           0.000
                 260;                  360;             24544268;           0.000
                 261;                  360;             10378676;           0.000
                 262;                  360;             24710462;           0.000
                 263;                  360;             10670184;           0.000
                 264;                  360;             24600450;           0.000
                 265;                  360;             11121670;           0.000
                 266;                  360;             24640854;           0.000
                 267;                  360;             11486314;           0.000
                 268;                  360;             24640826;           0.000
                 269;                  360;             11919432;           0.000
                 270;                  360;             24647182;           0.000
                 271;                  360;             12262572;           0.000
                 272;                  360;             24600968;           0.000
                 273;                  360;             26236056;           0.000
                 274;                  360;             18331796;           0.000
                 275;                  360;             25268530;           0.000
                 276;                  360;             12333916;           0.000
                 277;                  360;             24440976;           0.000
                 278;                  360;             26273786;           0.000
                 279;                  360;              8877904;           0.000
                 280;                  360;             25785704;           0.000
                 281;                  360;             21417438;           0.000
                 282;                  360;             24521182;           0.000
                 283;                  360;              2562028;           0.000
                 284;                  360;             24380986;           0.000
                 285;                  360;             26287730;           0.000
                 286;                  360;             18778872;           0.000
                 287;                  360;             25230170;           0.000
                 288;                  360;             11755450;           0.000
                 289;                  360;              8421378;           0.000
                 290;                  360;             25887022;           0.000
                 291;                  360;             22339534;           0.000
                 292;                  360;             24669974;           0.000
                 293;                  360;              3276154;           0.000
                 294;                  360;             24347974;           0.000
                 295;                  360;             26206040;           0.000
                 296;                  360;             18310964;           0.000
                 297;                  360;             25154458;           0.000
                 298;                  360;             12386220;           0.000
                 299;                  360;             24345006;           0.000
                 300;                  360;             14877660;           0.000
                 301;                  360;             26074440;           0.000
                 302;                  360;             15404228;           0.000
                 303;                  360;             25129034;           0.000
                 304;                  360;             17149944;           0.000
                 305;                  360;             25020380;           0.000
                 306;                  360;             19021016;           0.000
                 307;                  360;             24952396;           0.000
                 308;                  360;             20885536;           0.000
                 309;                  360;             24849650;           0.000
                 310;                  360;             22786904;           0.000
                 311;                  360;             24733002;           0.000
                 312;                  360;             24688860;           0.000
                 313;                  360;             24836154;           0.000
                 314;                  360;             23467332;           0.000
                 315;                  360;             25453092;           0.000
                 316;                  360;             21949102;           0.000
                 317;                  360;             25504682;           0.000
                 318;                  360;             21101752;           0.000
                 319;                  360;             25503632;           0.000
                 320;                  360;             19535446;           0.000
                 321;                  360;             25646278;           0.000
                 322;                  360;             17910662;           0.000
                 323;                  360;             25790590;           0.000
                 324;                  360;             16207786;           0.000
                 325;                  360;             25716390;           0.000
                 326;                  360;             14623168;           0.000
                 327;                  360;             25916128;           0.000
                 328;                  360;             12640880;           0.000
                 329;                  360;             25950764;           0.000
                 330;                  360;             11360468;           0.000
                 331;                  360;             26033210;           0.000
                 332;                  360;              9788590;           0.000
                 333;                  360;             26106318;           0.000
                 334;                  360;              7756644;           0.000
                 335;                  360;             26170424;           0.000
                 336;                  360;              5693450;           0.000
                 337;                  360;             26253738;           0.000
                 338;                  360;              4014178;           0.000
                 339;                  360;             26342330;           0.000
                 340;                  360;              2537906;           0.000
                 341;                  360;             26362980;           0.000
                 342;                  360;               863058;           0.000
                 343;                  360;             26407822;           0.000
                 344;                  360;             25831092;           0.000
                 345;                  360;             26455072;           0.000
                 346;                  360;             25949770;           0.000
                 347;                  360;             26524470;           0.000
                 348;                  360;             25914294;           0.000
                 349;                  360;             26385926;           0.000
                 350;                  360;             25790520;           0.000
                 351;                  360;             26494090;           0.000
                 352;                  360;             25893714;           0.000
                 353;                  360;             26482708;           0.000
                 354;                  360;             25791794;           0.000
                 355;                  360;             26418546;           0.000
                 356;                  360;             24751972;           0.000
                 357;                  360;             24198048;           0.000
                 358;                  360;             24187156;           0.000
                 359;                  360;             24144288;           0.000

* Info: Process finished (host knl07, process 384766)
* Info: Dumping samples (host knl07, process 384766)
* Info: Dumping source info for callchain nodes (host knl07, process 384766)
* Info: Building/writing metadata (host knl07)
* Info: Finished collect step (host knl07, process 384766)

Your experiment path is /scratch/chps/users/user22024/Projet/AOC-Computer-vision/maqao/sobel_v3/tools/lprof_npsu_run_1

To display your profiling results:
##########################################################################################################################################################
#    LEVEL    |     REPORT     |                                                         COMMAND                                                         #
##########################################################################################################################################################
#  Functions  |  Cluster-wide  |  maqao lprof -df xp=/scratch/chps/users/user22024/Projet/AOC-Computer-vision/maqao/sobel_v3/tools/lprof_npsu_run_1      #
#  Functions  |  Per-node      |  maqao lprof -df -dn xp=/scratch/chps/users/user22024/Projet/AOC-Computer-vision/maqao/sobel_v3/tools/lprof_npsu_run_1  #
#  Functions  |  Per-process   |  maqao lprof -df -dp xp=/scratch/chps/users/user22024/Projet/AOC-Computer-vision/maqao/sobel_v3/tools/lprof_npsu_run_1  #
#  Functions  |  Per-thread    |  maqao lprof -df -dt xp=/scratch/chps/users/user22024/Projet/AOC-Computer-vision/maqao/sobel_v3/tools/lprof_npsu_run_1  #
#  Loops      |  Cluster-wide  |  maqao lprof -dl xp=/scratch/chps/users/user22024/Projet/AOC-Computer-vision/maqao/sobel_v3/tools/lprof_npsu_run_1      #
#  Loops      |  Per-node      |  maqao lprof -dl -dn xp=/scratch/chps/users/user22024/Projet/AOC-Computer-vision/maqao/sobel_v3/tools/lprof_npsu_run_1  #
#  Loops      |  Per-process   |  maqao lprof -dl -dp xp=/scratch/chps/users/user22024/Projet/AOC-Computer-vision/maqao/sobel_v3/tools/lprof_npsu_run_1  #
#  Loops      |  Per-thread    |  maqao lprof -dl -dt xp=/scratch/chps/users/user22024/Projet/AOC-Computer-vision/maqao/sobel_v3/tools/lprof_npsu_run_1  #
##########################################################################################################################################################

