
* Info: Selecting the 'perf-low-ppn' engine for node vidal-NBLK-WAX9X

* Info: "ref-cycles" not supported on vidal-NBLK-WAX9X: fallback to "cpu-clock"
* Info: Process launched (host vidal-NBLK-WAX9X, process 7204)                   0;              2764800;             13697586;           0.202
                   1;              2764800;             11835369;           0.234
                   2;              2764800;             11793873;           0.234
                   3;              2764800;             11794503;           0.234
                   4;              2764800;             11853009;           0.233
                   5;              2764800;             11848809;           0.233
                   6;              2764800;             11881443;           0.233
                   7;              2764800;             12537420;           0.221
                   8;              2764800;             11931213;           0.232
                   9;              2764800;             11940600;           0.232
                  10;              2764800;             11974641;           0.231
                  11;              2764800;             11977014;           0.231
                  12;              2764800;             11982768;           0.231
                  13;              2764800;             11986107;           0.231
                  14;              2764800;             12004524;           0.230
                  15;              2764800;             12007737;           0.230
                  16;              2764800;             12015675;           0.230
                  17;              2764800;             12043794;           0.230
                  18;              2764800;             12040140;           0.230
                  19;              2764800;             12043332;           0.230
                  20;              2764800;             12046209;           0.230
                  21;              2764800;             12045726;           0.230
                  22;              2764800;             12037389;           0.230
                  23;              2764800;             12065886;           0.229
                  24;              2764800;             12054630;           0.229
                  25;              2764800;             12063303;           0.229
                  26;              2764800;             12074349;           0.229
                  27;              2764800;             12074622;           0.229
                  28;              2764800;             12059019;           0.229
                  29;              2764800;             12061056;           0.229
                  30;              2764800;             12072144;           0.229
                  31;              2764800;             12087999;           0.229
                  32;              2764800;             12067020;           0.229
                  33;              2764800;             12099087;           0.229
                  34;              2764800;             12072438;           0.229
                  35;              2764800;             12107823;           0.228
                  36;              2764800;             12081825;           0.229
                  37;              2764800;             12082812;           0.229
                  38;              2764800;             12077982;           0.229
                  39;              2764800;             12104148;           0.228
                  40;              2764800;             12091800;           0.229
                  41;              2764800;             12104148;           0.228
                  42;              2764800;             12086235;           0.229
                  43;              2764800;             12104379;           0.228
                  44;              2764800;             12094740;           0.229
                  45;              2764800;             12118092;           0.228
                  46;              2764800;             12101796;           0.228
                  47;              2764800;             12124329;           0.228
                  48;              2764800;             12091611;           0.229
                  49;              2764800;             12098604;           0.229
                  50;              2764800;             12099192;           0.229
                  51;              2764800;             12112338;           0.228
                  52;              2764800;             12116160;           0.228
                  53;              2764800;             12108495;           0.228
                  54;              2764800;             12089994;           0.229
                  55;              2764800;             12101439;           0.228
                  56;              2764800;             12106206;           0.228
                  57;              2764800;             12110742;           0.228
                  58;              2764800;             12127290;           0.228
                  59;              2764800;             12124077;           0.228
                  60;              2764800;             12122334;           0.228
                  61;              2764800;             12215364;           0.226
                  62;              2764800;             12119709;           0.228
                  63;              2764800;             12118659;           0.228
                  64;              2764800;             12133737;           0.228
                  65;              2764800;             12118785;           0.228
                  66;              2764800;             12116391;           0.228
                  67;              2764800;             12125799;           0.228
                  68;              2764800;             12127752;           0.228
                  69;              2764800;             12120465;           0.228
                  70;              2764800;             12117798;           0.228
                  71;              2764800;             12121998;           0.228
                  72;              2764800;             12104946;           0.228
                  73;              2764800;             12121368;           0.228
                  74;              2764800;             12104946;           0.228
                  75;              2764800;             12135249;           0.228
                  76;              2764800;             12116139;           0.228
                  77;              2764800;             12126933;           0.228
                  78;              2764800;             12104043;           0.228
                  79;              2764800;             12116832;           0.228
                  80;              2764800;             12106584;           0.228
                  81;              2764800;             12131259;           0.228
                  82;              2764800;             12106689;           0.228
                  83;              2764800;             12106647;           0.228
                  84;              2764800;             12128382;           0.228
                  85;              2764800;             12100284;           0.228
                  86;              2764800;             12114648;           0.228
                  87;              2764800;             12122397;           0.228
                  88;              2764800;             12761847;           0.217
                  89;              2764800;             12110385;           0.228
                  90;              2764800;             12105156;           0.228
                  91;              2764800;             12108033;           0.228
                  92;              2764800;             12102720;           0.228
                  93;              2764800;             12118512;           0.228
                  94;              2764800;             12096084;           0.229
                  95;              2764800;             12108390;           0.228
                  96;              2764800;             12092514;           0.229
                  97;              2764800;             12100410;           0.228
                  98;              2764800;             12093627;           0.229
                  99;              2764800;             12117777;           0.228
                 100;              2764800;             12116790;           0.228
                 101;              2764800;             12283908;           0.225
                 102;              2764800;             12146925;           0.228
                 103;              2764800;             12116643;           0.228
                 104;              2764800;             12088545;           0.229
                 105;              2764800;             12129558;           0.228
                 106;              2764800;             12650400;           0.219
                 107;              2764800;             12104568;           0.228
                 108;              2764800;             12099192;           0.229
                 109;              2764800;             12115341;           0.228
                 110;              2764800;             12110406;           0.228
                 111;              2764800;             12112422;           0.228
                 112;              2764800;             12100683;           0.228
                 113;              2764800;             12104064;           0.228
                 114;              2764800;             12085521;           0.229
                 115;              2764800;             13065003;           0.212
                 116;              2764800;             12113472;           0.228
                 117;              2764800;             12109965;           0.228
                 118;              2764800;             12100116;           0.228
                 119;              2764800;             12099360;           0.229
                 120;              2764800;             12187938;           0.227
                 121;              2764800;             12111645;           0.228
                 122;              2764800;             12100515;           0.228
                 123;              2764800;             12103266;           0.228
                 124;              2764800;             12069078;           0.229
                 125;              2764800;             12087810;           0.229
                 126;              2764800;             12104736;           0.228
                 127;              2764800;             12099948;           0.228
                 128;              2764800;             12099717;           0.229
                 129;              2764800;             12068385;           0.229
                 130;              2764800;             12081972;           0.229
                 131;              2764800;             12094320;           0.229
                 132;              2764800;             12147513;           0.228
                 133;              2764800;             12089847;           0.229
                 134;              2764800;             12071955;           0.229
                 135;              2764800;             12088314;           0.229
                 136;              2764800;             12077247;           0.229
                 137;              2764800;             12112611;           0.228
                 138;              2764800;             12083064;           0.229
                 139;              2764800;             12080208;           0.229
                 140;              2764800;             12088839;           0.229
                 141;              2764800;             12077562;           0.229
                 142;              2764800;             12091653;           0.229
                 143;              2764800;             12102699;           0.228
                 144;              2764800;             12081237;           0.229
                 145;              2764800;             12076365;           0.229
                 146;              2764800;             12086508;           0.229
                 147;              2764800;             12075420;           0.229
                 148;              2764800;             12111183;           0.228
                 149;              2764800;             12081762;           0.229
                 150;              2764800;             12085752;           0.229
                 151;              2764800;             12062883;           0.229
                 152;              2764800;             12073635;           0.229
                 153;              2764800;             12079851;           0.229
                 154;              2764800;             12088881;           0.229
                 155;              2764800;             12075651;           0.229
                 156;              2764800;             12073005;           0.229
                 157;              2764800;             12092262;           0.229
                 158;              2764800;             12065697;           0.229
                 159;              2764800;             12083715;           0.229
                 160;              2764800;             12097029;           0.229
                 161;              2764800;             12073887;           0.229
                 162;              2764800;             12084219;           0.229
                 163;              2764800;             12095559;           0.229
                 164;              2764800;             12088188;           0.229
                 165;              2764800;             12085647;           0.229
                 166;              2764800;             12081258;           0.229
                 167;              2764800;             12080649;           0.229
                 168;              2764800;             12081195;           0.229
                 169;              2764800;             12108537;           0.228
                 170;              2764800;             12078843;           0.229
                 171;              2764800;             12103098;           0.228
                 172;              2764800;             12066012;           0.229
                 173;              2764800;             12077058;           0.229
                 174;              2764800;             12074097;           0.229
                 175;              2764800;             11832387;           0.234
                 176;              2764800;             11882913;           0.233
                 177;              2764800;             11899818;           0.232
                 178;              2764800;             11904879;           0.232
                 179;              2764800;             11898453;           0.232
                 180;              2764800;             11993919;           0.231
                 181;              2764800;             11956434;           0.231
                 182;              2764800;             11967543;           0.231
                 183;              2764800;             11974284;           0.231
                 184;              2764800;             11987892;           0.231
                 185;              2764800;             12019728;           0.230
                 186;              2764800;             11990265;           0.231
                 187;              2764800;             11996775;           0.230
                 188;              2764800;             12003537;           0.230
                 189;              2764800;             12022038;           0.230
                 190;              2764800;             12020694;           0.230
                 191;              2764800;             12006288;           0.230
                 192;              2764800;             12012273;           0.230
                 193;              2764800;             12014646;           0.230
                 194;              2764800;             12057360;           0.229
                 195;              2764800;             12027330;           0.230
                 196;              2764800;             12039930;           0.230
                 197;              2764800;             12937344;           0.214
                 198;              2764800;             12031887;           0.230
                 199;              2764800;             12036486;           0.230
                 200;              2764800;             12040245;           0.230
                 201;              2764800;             12077877;           0.229
                 202;              2764800;             12032664;           0.230
                 203;              2764800;             12063282;           0.229
                 204;              2764800;             12107802;           0.228
                 205;              2764800;             12076995;           0.229
                 206;              2764800;             12106563;           0.228
                 207;              2764800;             12065802;           0.229
                 208;              2764800;             12059901;           0.229
                 209;              2764800;             12088335;           0.229
                 210;              2764800;             12045285;           0.230
                 211;              2764800;             12041778;           0.230
                 212;              2764800;             12046797;           0.230
                 213;              2764800;             12023424;           0.230
                 214;              2764800;             12046230;           0.230
                 215;              2764800;             12084030;           0.229
                 216;              2764800;             12028737;           0.230
                 217;              2764800;             12030627;           0.230
                 218;              2764800;             12025692;           0.230
                 219;              2764800;             12016641;           0.230
                 220;              2764800;             12025545;           0.230
                 221;              2764800;             12005826;           0.230
                 222;              2764800;             12006708;           0.230
                 223;              2764800;             12008598;           0.230
                 224;              2764800;             12020820;           0.230
                 225;              2764800;             11843475;           0.233
                 226;              2764800;             11907105;           0.232
                 227;              2764800;             11914371;           0.232
                 228;              2764800;             11974410;           0.231
                 229;              2764800;             11974137;           0.231
                 230;              2764800;             11998644;           0.230
                 231;              2764800;             11998140;           0.230
                 232;              2764800;             12015570;           0.230
                 233;              2764800;             12929826;           0.214
                 234;              2764800;             12030312;           0.230
                 235;              2764800;             12033504;           0.230
                 236;              2764800;             12046293;           0.230
                 237;              2764800;             11869011;           0.233
                 238;              2764800;             11953851;           0.231
                 239;              2764800;             11986737;           0.231
                 240;              2764800;             12009207;           0.230
                 241;              2764800;             12010005;           0.230
                 242;              2764800;             12091926;           0.229
                 243;              2764800;             12028527;           0.230
                 244;              2764800;             12032202;           0.230
                 245;              2764800;             12027036;           0.230
                 246;              2764800;             12036150;           0.230
                 247;              2764800;             12053559;           0.229
                 248;              2764800;             12248523;           0.226
                 249;              2764800;             12050220;           0.229
                 250;              2764800;             12042660;           0.230
                 251;              2764800;             12059376;           0.229
                 252;              2764800;             12057717;           0.229
                 253;              2764800;             12071682;           0.229
                 254;              2764800;             12066222;           0.229
                 255;              2764800;             12078423;           0.229
                 256;              2764800;             12228846;           0.226
                 257;              2764800;             12140520;           0.228
                 258;              2764800;             12086172;           0.229
                 259;              2764800;             12069120;           0.229
                 260;              2764800;             12084849;           0.229
                 261;              2764800;             12077835;           0.229
                 262;              2764800;             12090603;           0.229
                 263;              2764800;             12065340;           0.229
                 264;              2764800;             12077583;           0.229
                 265;              2764800;             12084597;           0.229
                 266;              2764800;             12093459;           0.229
                 267;              2764800;             12074706;           0.229
                 268;              2764800;             12233991;           0.226
                 269;              2764800;             12138210;           0.228
                 270;              2764800;             12180777;           0.227
                 271;              2764800;             12052110;           0.229
                 272;              2764800;             12062337;           0.229
                 273;              2764800;             12119940;           0.228
                 274;              2764800;             12097869;           0.229
                 275;              2764800;             12493425;           0.221
                 276;              2764800;             12035646;           0.230
                 277;              2764800;             12035142;           0.230
                 278;              2764800;             12041631;           0.230
                 279;              2764800;             12006288;           0.230
                 280;              2764800;             12013197;           0.230
                 281;              2764800;             12097890;           0.229
                 282;              2764800;             12041022;           0.230
                 283;              2764800;             12031551;           0.230
                 284;              2764800;             12036003;           0.230
                 285;              2764800;             12036780;           0.230
                 286;              2764800;             12156165;           0.227
                 287;              2764800;             12048561;           0.229
                 288;              2764800;             12048939;           0.229
                 289;              2764800;             12120318;           0.228
                 290;              2764800;             12078171;           0.229
                 291;              2764800;             12088104;           0.229
                 292;              2764800;             12067314;           0.229
                 293;              2764800;             12104421;           0.228
                 294;              2764800;             12077772;           0.229
                 295;              2764800;             12081762;           0.229
                 296;              2764800;             12132855;           0.228
                 297;              2764800;             12059313;           0.229
                 298;              2764800;             12078024;           0.229
                 299;              2764800;             12084093;           0.229
                 300;              2764800;             12082518;           0.229
                 301;              2764800;             12072648;           0.229
                 302;              2764800;             12076764;           0.229
                 303;              2764800;             12209211;           0.226
                 304;              2764800;             12090225;           0.229
                 305;              2764800;             12089490;           0.229
                 306;              2764800;             12091695;           0.229
                 307;              2764800;             12147639;           0.228
                 308;              2764800;             12085374;           0.229
                 309;              2764800;             12089847;           0.229
                 310;              2764800;             12167694;           0.227
                 311;              2764800;             12071178;           0.229
                 312;              2764800;             12084660;           0.229
                 313;              2764800;             12075315;           0.229
                 314;              2764800;             12099339;           0.229
                 315;              2764800;             12083106;           0.229
                 316;              2764800;             12083631;           0.229
                 317;              2764800;             12088629;           0.229
                 318;              2764800;             12085647;           0.229
                 319;              2764800;             12097386;           0.229
                 320;              2764800;             12170025;           0.227
                 321;              2764800;             12086151;           0.229
                 322;              2764800;             12091044;           0.229
                 323;              2764800;             12082728;           0.229
                 324;              2764800;             12100200;           0.228
                 325;              2764800;             12083925;           0.229
                 326;              2764800;             12132855;           0.228
                 327;              2764800;             12082812;           0.229
                 328;              2764800;             12094194;           0.229
                 329;              2764800;             12158055;           0.227
                 330;              2764800;             12070254;           0.229
                 331;              2764800;             12075672;           0.229
                 332;              2764800;             11889843;           0.233
                 333;              2764800;             11928567;           0.232
                 334;              2764800;             12012903;           0.230
                 335;              2764800;             11959899;           0.231
                 336;              2764800;             11979408;           0.231
                 337;              2764800;             12003159;           0.230
                 338;              2764800;             11998707;           0.230
                 339;              2764800;             12041862;           0.230
                 340;              2764800;             12000492;           0.230
                 341;              2764800;             12001164;           0.230
                 342;              2764800;             12055239;           0.229
                 343;              2764800;             12021492;           0.230
                 344;              2764800;             12013533;           0.230
                 345;              2764800;             12030291;           0.230
                 346;              2764800;             12069561;           0.229
                 347;              2764800;             12041652;           0.230
                 348;              2764800;             12035835;           0.230
                 349;              2764800;             12042996;           0.230
                 350;              2764800;             12031677;           0.230
                 351;              2764800;             12105282;           0.228
                 352;              2764800;             12042702;           0.230
                 353;              2764800;             12037956;           0.230
                 354;              2764800;             12034449;           0.230
                 355;              2764800;             12045012;           0.230
                 356;              2764800;             12054063;           0.229
                 357;              2764800;             12043710;           0.230
                 358;              2764800;             12179412;           0.227
                 359;              2764800;             12116076;           0.228

* Info: Process finished (host vidal-NBLK-WAX9X, process 7204)
* Info: Dumping samples (host vidal-NBLK-WAX9X, process 7204)
* Info: Dumping source info for callchain nodes (host vidal-NBLK-WAX9X, process 7204)
* Info: Building/writing metadata (host vidal-NBLK-WAX9X)
* Info: Finished collect step (host vidal-NBLK-WAX9X, process 7204)

Your experiment path is /home/vidal/Desktop/AOC_oseret/Projet/AOC-Computer-vision/maqao_local/sobel_v1/tools/lprof_npsu_run_0

To display your profiling results:
#################################################################################################################################################################
#    LEVEL    |     REPORT     |                                                            COMMAND                                                             #
#################################################################################################################################################################
#  Functions  |  Cluster-wide  |  maqao lprof -df xp=/home/vidal/Desktop/AOC_oseret/Projet/AOC-Computer-vision/maqao_local/sobel_v1/tools/lprof_npsu_run_0      #
#  Functions  |  Per-node      |  maqao lprof -df -dn xp=/home/vidal/Desktop/AOC_oseret/Projet/AOC-Computer-vision/maqao_local/sobel_v1/tools/lprof_npsu_run_0  #
#  Functions  |  Per-process   |  maqao lprof -df -dp xp=/home/vidal/Desktop/AOC_oseret/Projet/AOC-Computer-vision/maqao_local/sobel_v1/tools/lprof_npsu_run_0  #
#  Functions  |  Per-thread    |  maqao lprof -df -dt xp=/home/vidal/Desktop/AOC_oseret/Projet/AOC-Computer-vision/maqao_local/sobel_v1/tools/lprof_npsu_run_0  #
#  Loops      |  Cluster-wide  |  maqao lprof -dl xp=/home/vidal/Desktop/AOC_oseret/Projet/AOC-Computer-vision/maqao_local/sobel_v1/tools/lprof_npsu_run_0      #
#  Loops      |  Per-node      |  maqao lprof -dl -dn xp=/home/vidal/Desktop/AOC_oseret/Projet/AOC-Computer-vision/maqao_local/sobel_v1/tools/lprof_npsu_run_0  #
#  Loops      |  Per-process   |  maqao lprof -dl -dp xp=/home/vidal/Desktop/AOC_oseret/Projet/AOC-Computer-vision/maqao_local/sobel_v1/tools/lprof_npsu_run_0  #
#  Loops      |  Per-thread    |  maqao lprof -dl -dt xp=/home/vidal/Desktop/AOC_oseret/Projet/AOC-Computer-vision/maqao_local/sobel_v1/tools/lprof_npsu_run_0  #
#################################################################################################################################################################

