
* Info: Selecting the 'perf-low-ppn' engine for node knl07

* Info: Process launched (host knl07, process 385069)                   0;                  360;             24653762;           0.000
                   1;                  360;             25600414;           0.000
                   2;                  360;             24851092;           0.000
                   3;                  360;             24676330;           0.000
                   4;                  360;             24910256;           0.000
                   5;                  360;             24919440;           0.000
                   6;                  360;             25009572;           0.000
                   7;                  360;             25484872;           0.000
                   8;                  360;             24396974;           0.000
                   9;                  360;             24440836;           0.000
                  10;                  360;             24549854;           0.000
                  11;                  360;             25390316;           0.000
                  12;                  360;             24011400;           0.000
                  13;                  360;             24051468;           0.000
                  14;                  360;             24259102;           0.000
                  15;                  360;             25343710;           0.000
                  16;                  360;             23759372;           0.000
                  17;                  360;             23775332;           0.000
                  18;                  360;             24128370;           0.000
                  19;                  360;             25499068;           0.000
                  20;                  360;             23491356;           0.000
                  21;                  360;             23553222;           0.000
                  22;                  360;             23922304;           0.000
                  23;                  360;             25364402;           0.000
                  24;                  360;             23289280;           0.000
                  25;                  360;             23410254;           0.000
                  26;                  360;             23805796;           0.000
                  27;                  360;             25469248;           0.000
                  28;                  360;             23309328;           0.000
                  29;                  360;             23472680;           0.000
                  30;                  360;             23838052;           0.000
                  31;                  360;             25509162;           0.000
                  32;                  360;             23167088;           0.000
                  33;                  360;             23407342;           0.000
                  34;                  360;             23691528;           0.000
                  35;                  360;             25354350;           0.000
                  36;                  360;             23376192;           0.000
                  37;                  360;             23525166;           0.000
                  38;                  360;             23814574;           0.000
                  39;                  360;             25461464;           0.000
                  40;                  360;             23419144;           0.000
                  41;                  360;             23431086;           0.000
                  42;                  360;             23808288;           0.000
                  43;                  360;             25312546;           0.000
                  44;                  360;             23506924;           0.000
                  45;                  360;             23631300;           0.000
                  46;                  360;             24071208;           0.000
                  47;                  360;             25402636;           0.000
                  48;                  360;             23642752;           0.000
                  49;                  360;             23747318;           0.000
                  50;                  360;             24044020;           0.000
                  51;                  360;             25278680;           0.000
                  52;                  360;             23866024;           0.000
                  53;                  360;             24039414;           0.000
                  54;                  360;             24412066;           0.000
                  55;                  360;             25416986;           0.000
                  56;                  360;             23988146;           0.000
                  57;                  360;             24277456;           0.000
                  58;                  360;             24475066;           0.000
                  59;                  360;             25325454;           0.000
                  60;                  360;             24120880;           0.000
                  61;                  360;             24601528;           0.000
                  62;                  360;             24800916;           0.000
                  63;                  360;             25416524;           0.000
                  64;                  360;             24263764;           0.000
                  65;                  360;             24878532;           0.000
                  66;                  360;             24960054;           0.000
                  67;                  360;             25417210;           0.000
                  68;                  360;             24429356;           0.000
                  69;                  360;             25199370;           0.000
                  70;                  360;             25283692;           0.000
                  71;                  360;             25566506;           0.000
                  72;                  360;             24660664;           0.000
                  73;                  360;             25312462;           0.000
                  74;                  360;             25378416;           0.000
                  75;                  360;             25466812;           0.000
                  76;                  360;             24599680;           0.000
                  77;                  360;             25291336;           0.000
                  78;                  360;             25361560;           0.000
                  79;                  360;             25467064;           0.000
                  80;                  360;             24688160;           0.000
                  81;                  360;             25363128;           0.000
                  82;                  360;             25456550;           0.000
                  83;                  360;             25557770;           0.000
                  84;                  360;             24645614;           0.000
                  85;                  360;             25079390;           0.000
                  86;                  360;             25324166;           0.000
                  87;                  360;             25557896;           0.000
                  88;                  360;             24873310;           0.000
                  89;                  360;             25053518;           0.000
                  90;                  360;             25494224;           0.000
                  91;                  360;             25536896;           0.000
                  92;                  360;             24818738;           0.000
                  93;                  360;             24873380;           0.000
                  94;                  360;             25416328;           0.000
                  95;                  360;             25431770;           0.000
                  96;                  360;             24681146;           0.000
                  97;                  360;             25026134;           0.000
                  98;                  360;             25511486;           0.000
                  99;                  360;             25533802;           0.000
                 100;                  360;             24277876;           0.000
                 101;                  360;             24810254;           0.000
                 102;                  360;             25347798;           0.000
                 103;                  360;             25570160;           0.000
                 104;                  360;             24153766;           0.000
                 105;                  360;             24808196;           0.000
                 106;                  360;             25249420;           0.000
                 107;                  360;             25463704;           0.000
                 108;                  360;             23975420;           0.000
                 109;                  360;             24750432;           0.000
                 110;                  360;             25160926;           0.000
                 111;                  360;             25340322;           0.000
                 112;                  360;             23916774;           0.000
                 113;                  360;             24823344;           0.000
                 114;                  360;             25224010;           0.000
                 115;                  360;             25404204;           0.000
                 116;                  360;             23985654;           0.000
                 117;                  360;             25335212;           0.000
                 118;                  360;             25524184;           0.000
                 119;                  360;             28587076;           0.000
                 120;                  360;             20668074;           0.000
                 121;                  360;             22146740;           0.000
                 122;                  360;             22320284;           0.000
                 123;                  360;             25154990;           0.000
                 124;                  360;             20658526;           0.000
                 125;                  360;             22281616;           0.000
                 126;                  360;             22456784;           0.000
                 127;                  360;             25332370;           0.000
                 128;                  360;             20421142;           0.000
                 129;                  360;             22393770;           0.000
                 130;                  360;             22531110;           0.000
                 131;                  360;             25244604;           0.000
                 132;                  360;             20358268;           0.000
                 133;                  360;             22492904;           0.000
                 134;                  360;             22643922;           0.000
                 135;                  360;             25300254;           0.000
                 136;                  360;             20244714;           0.000
                 137;                  360;             22534498;           0.000
                 138;                  360;             22775536;           0.000
                 139;                  360;             25242490;           0.000
                 140;                  360;             20277124;           0.000
                 141;                  360;             22623916;           0.000
                 142;                  360;             22821330;           0.000
                 143;                  360;             25352502;           0.000
                 144;                  360;             20177990;           0.000
                 145;                  360;             22693398;           0.000
                 146;                  360;             22805160;           0.000
                 147;                  360;             25206160;           0.000
                 148;                  360;             20300084;           0.000
                 149;                  360;             22748026;           0.000
                 150;                  360;             22898190;           0.000
                 151;                  360;             25362806;           0.000
                 152;                  360;             20191136;           0.000
                 153;                  360;             22866998;           0.000
                 154;                  360;             23075472;           0.000
                 155;                  360;             25264960;           0.000
                 156;                  360;             20125896;           0.000
                 157;                  360;             22891792;           0.000
                 158;                  360;             23068962;           0.000
                 159;                  360;             25247880;           0.000
                 160;                  360;             20057548;           0.000
                 161;                  360;             22863036;           0.000
                 162;                  360;             22979320;           0.000
                 163;                  360;             25267466;           0.000
                 164;                  360;             19953150;           0.000
                 165;                  360;             23018590;           0.000
                 166;                  360;             23112446;           0.000
                 167;                  360;             25178202;           0.000
                 168;                  360;             20286336;           0.000
                 169;                  360;             23134244;           0.000
                 170;                  360;             23280026;           0.000
                 171;                  360;             25310572;           0.000
                 172;                  360;             20115858;           0.000
                 173;                  360;             23234358;           0.000
                 174;                  360;             23302804;           0.000
                 175;                  360;             25213342;           0.000
                 176;                  360;             20084204;           0.000
                 177;                  360;             23312058;           0.000
                 178;                  360;             23361646;           0.000
                 179;                  360;             25318020;           0.000
                 180;                  360;             19833338;           0.000
                 181;                  360;             23382576;           0.000
                 182;                  360;             23399376;           0.000
                 183;                  360;             25356324;           0.000
                 184;                  360;             19553366;           0.000
                 185;                  360;             23290904;           0.000
                 186;                  360;             23300564;           0.000
                 187;                  360;             25317908;           0.000
                 188;                  360;             19592622;           0.000
                 189;                  360;             23412690;           0.000
                 190;                  360;             23468340;           0.000
                 191;                  360;             25496744;           0.000
                 192;                  360;             19567464;           0.000
                 193;                  360;             23280054;           0.000
                 194;                  360;             23295916;           0.000
                 195;                  360;             25258338;           0.000
                 196;                  360;             19626110;           0.000
                 197;                  360;             23365874;           0.000
                 198;                  360;             23461438;           0.000
                 199;                  360;             25293394;           0.000
                 200;                  360;             19174862;           0.000
                 201;                  360;             23142518;           0.000
                 202;                  360;             23430624;           0.000
                 203;                  360;             25282698;           0.000
                 204;                  360;             19033000;           0.000
                 205;                  360;             23228730;           0.000
                 206;                  360;             23640764;           0.000
                 207;                  360;             25335366;           0.000
                 208;                  360;             18838778;           0.000
                 209;                  360;             23229346;           0.000
                 210;                  360;             23678410;           0.000
                 211;                  360;             25338026;           0.000
                 212;                  360;             18698386;           0.000
                 213;                  360;             23199064;           0.000
                 214;                  360;             23659118;           0.000
                 215;                  360;             25393326;           0.000
                 216;                  360;             18475534;           0.000
                 217;                  360;             23164918;           0.000
                 218;                  360;             23697716;           0.000
                 219;                  360;             25258898;           0.000
                 220;                  360;             18351592;           0.000
                 221;                  360;             23180178;           0.000
                 222;                  360;             23780120;           0.000
                 223;                  360;             25280038;           0.000
                 224;                  360;             18226684;           0.000
                 225;                  360;             23212266;           0.000
                 226;                  360;             23811858;           0.000
                 227;                  360;             25204522;           0.000
                 228;                  360;             18223394;           0.000
                 229;                  360;             23340352;           0.000
                 230;                  360;             23896558;           0.000
                 231;                  360;             25212866;           0.000
                 232;                  360;             18217668;           0.000
                 233;                  360;             23597294;           0.000
                 234;                  360;             24108224;           0.000
                 235;                  360;             25231990;           0.000
                 236;                  360;             12538274;           0.000
                 237;                  360;             18590642;           0.000
                 238;                  360;             19696334;           0.000
                 239;                  360;             25095182;           0.000
                 240;                  360;             12459062;           0.000
                 241;                  360;             18852036;           0.000
                 242;                  360;             19983488;           0.000
                 243;                  360;             25177124;           0.000
                 244;                  360;             12433232;           0.000
                 245;                  360;             19008080;           0.000
                 246;                  360;             20086948;           0.000
                 247;                  360;             25140836;           0.000
                 248;                  360;             12318810;           0.000
                 249;                  360;             19139470;           0.000
                 250;                  360;             20296598;           0.000
                 251;                  360;             25163292;           0.000
                 252;                  360;             12322338;           0.000
                 253;                  360;             19323640;           0.000
                 254;                  360;             20499444;           0.000
                 255;                  360;             25196388;           0.000
                 256;                  360;             12205830;           0.000
                 257;                  360;             19390518;           0.000
                 258;                  360;             20623358;           0.000
                 259;                  360;             25132464;           0.000
                 260;                  360;             12257980;           0.000
                 261;                  360;             19615078;           0.000
                 262;                  360;             20762588;           0.000
                 263;                  360;             25312392;           0.000
                 264;                  360;             12144594;           0.000
                 265;                  360;             19653956;           0.000
                 266;                  360;             20861582;           0.000
                 267;                  360;             25190886;           0.000
                 268;                  360;             12022458;           0.000
                 269;                  360;             19795398;           0.000
                 270;                  360;             20996738;           0.000
                 271;                  360;             25288424;           0.000
                 272;                  360;             11913062;           0.000
                 273;                  360;             19810406;           0.000
                 274;                  360;             20960800;           0.000
                 275;                  360;             25197816;           0.000
                 276;                  360;             11607190;           0.000
                 277;                  360;             19856494;           0.000
                 278;                  360;             20955732;           0.000
                 279;                  360;             25300786;           0.000
                 280;                  360;             11505662;           0.000
                 281;                  360;             19854632;           0.000
                 282;                  360;             20932338;           0.000
                 283;                  360;             25190298;           0.000
                 284;                  360;             11362694;           0.000
                 285;                  360;             20038046;           0.000
                 286;                  360;             21127946;           0.000
                 287;                  360;             25210178;           0.000
                 288;                  360;             11345138;           0.000
                 289;                  360;             20298600;           0.000
                 290;                  360;             21399994;           0.000
                 291;                  360;             25304510;           0.000
                 292;                  360;             11293968;           0.000
                 293;                  360;             20363224;           0.000
                 294;                  360;             21442498;           0.000
                 295;                  360;             25189920;           0.000
                 296;                  360;             11207210;           0.000
                 297;                  360;             20555556;           0.000
                 298;                  360;             21596554;           0.000
                 299;                  360;             25335002;           0.000
                 300;                  360;             10901072;           0.000
                 301;                  360;             20415864;           0.000
                 302;                  360;             21462630;           0.000
                 303;                  360;             25229848;           0.000
                 304;                  360;             10775856;           0.000
                 305;                  360;             20604010;           0.000
                 306;                  360;             21586670;           0.000
                 307;                  360;             25209926;           0.000
                 308;                  360;             10655386;           0.000
                 309;                  360;             20689396;           0.000
                 310;                  360;             21807674;           0.000
                 311;                  360;             25196458;           0.000
                 312;                  360;             10598238;           0.000
                 313;                  360;             20878718;           0.000
                 314;                  360;             21874972;           0.000
                 315;                  360;             25202898;           0.000
                 316;                  360;             10384542;           0.000
                 317;                  360;             21062482;           0.000
                 318;                  360;             21865032;           0.000
                 319;                  360;             25178244;           0.000
                 320;                  360;             10163468;           0.000
                 321;                  360;             21151648;           0.000
                 322;                  360;             21934192;           0.000
                 323;                  360;             25172840;           0.000
                 324;                  360;              9835616;           0.000
                 325;                  360;             21148232;           0.000
                 326;                  360;             22015336;           0.000
                 327;                  360;             25184082;           0.000
                 328;                  360;              9449958;           0.000
                 329;                  360;             21129836;           0.000
                 330;                  360;             22080464;           0.000
                 331;                  360;             25115944;           0.000
                 332;                  360;              9211090;           0.000
                 333;                  360;             21251804;           0.000
                 334;                  360;             22133328;           0.000
                 335;                  360;             25115874;           0.000
                 336;                  360;              8929886;           0.000
                 337;                  360;             21240534;           0.000
                 338;                  360;             22221374;           0.000
                 339;                  360;             25063570;           0.000
                 340;                  360;              8781864;           0.000
                 341;                  360;             21317982;           0.000
                 342;                  360;             22277640;           0.000
                 343;                  360;             25036172;           0.000
                 344;                  360;              8618176;           0.000
                 345;                  360;             21430500;           0.000
                 346;                  360;             22355592;           0.000
                 347;                  360;             25126360;           0.000
                 348;                  360;              8178072;           0.000
                 349;                  360;             21531580;           0.000
                 350;                  360;             22454614;           0.000
                 351;                  360;             25027576;           0.000
                 352;                  360;              8083838;           0.000
                 353;                  360;             22456042;           0.000
                 354;                  360;             25124400;           0.000
                 355;                  360;              2089108;           0.000
                 356;                  360;               830214;           0.000
                 357;                  360;             15668156;           0.000
                 358;                  360;             18229834;           0.000
                 359;                  360;             24864322;           0.000

* Info: Process finished (host knl07, process 385069)
* Info: Dumping samples (host knl07, process 385069)
* Info: Dumping source info for callchain nodes (host knl07, process 385069)
* Info: Building/writing metadata (host knl07)
* Info: Finished collect step (host knl07, process 385069)

Your experiment path is /scratch/chps/users/user22024/Projet/AOC-Computer-vision/maqao/sobel_v3/tools/lprof_npsu_run_2

To display your profiling results:
##########################################################################################################################################################
#    LEVEL    |     REPORT     |                                                         COMMAND                                                         #
##########################################################################################################################################################
#  Functions  |  Cluster-wide  |  maqao lprof -df xp=/scratch/chps/users/user22024/Projet/AOC-Computer-vision/maqao/sobel_v3/tools/lprof_npsu_run_2      #
#  Functions  |  Per-node      |  maqao lprof -df -dn xp=/scratch/chps/users/user22024/Projet/AOC-Computer-vision/maqao/sobel_v3/tools/lprof_npsu_run_2  #
#  Functions  |  Per-process   |  maqao lprof -df -dp xp=/scratch/chps/users/user22024/Projet/AOC-Computer-vision/maqao/sobel_v3/tools/lprof_npsu_run_2  #
#  Functions  |  Per-thread    |  maqao lprof -df -dt xp=/scratch/chps/users/user22024/Projet/AOC-Computer-vision/maqao/sobel_v3/tools/lprof_npsu_run_2  #
#  Loops      |  Cluster-wide  |  maqao lprof -dl xp=/scratch/chps/users/user22024/Projet/AOC-Computer-vision/maqao/sobel_v3/tools/lprof_npsu_run_2      #
#  Loops      |  Per-node      |  maqao lprof -dl -dn xp=/scratch/chps/users/user22024/Projet/AOC-Computer-vision/maqao/sobel_v3/tools/lprof_npsu_run_2  #
#  Loops      |  Per-process   |  maqao lprof -dl -dp xp=/scratch/chps/users/user22024/Projet/AOC-Computer-vision/maqao/sobel_v3/tools/lprof_npsu_run_2  #
#  Loops      |  Per-thread    |  maqao lprof -dl -dt xp=/scratch/chps/users/user22024/Projet/AOC-Computer-vision/maqao/sobel_v3/tools/lprof_npsu_run_2  #
##########################################################################################################################################################

