
* Info: Selecting the 'perf-low-ppn' engine for node romeologin1.ro18.urca

* Info: Process launched (host romeologin1.ro18.urca, process 42810)                   0;              2764800;            584000612;           0.005
                   1;              2764800;            578169396;           0.005
                   2;              2764800;            578481168;           0.005
                   3;              2764800;            578410352;           0.005
                   4;              2764800;            578746966;           0.005
                   5;              2764800;            578578334;           0.005
                   6;              2764800;            578713070;           0.005
                   7;              2764800;            578717744;           0.005
                   8;              2764800;            578803760;           0.005
                   9;              2764800;            578934978;           0.005
                  10;              2764800;            578996642;           0.005
                  11;              2764800;            579030774;           0.005
                  12;              2764800;            578991702;           0.005
                  13;              2764800;            579176758;           0.005
                  14;              2764800;            579128372;           0.005
                  15;              2764800;            579117026;           0.005
                  16;              2764800;            579171920;           0.005
                  17;              2764800;            579195390;           0.005
                  18;              2764800;            579130658;           0.005
                  19;              2764800;            579279844;           0.005
                  20;              2764800;            579184328;           0.005
                  21;              2764800;            579261818;           0.005
                  22;              2764800;            579167070;           0.005
                  23;              2764800;            579303310;           0.005
                  24;              2764800;            579253248;           0.005
                  25;              2764800;            579214812;           0.005
                  26;              2764800;            579219004;           0.005
                  27;              2764800;            579255132;           0.005
                  28;              2764800;            579278160;           0.005
                  29;              2764800;            579239328;           0.005
                  30;              2764800;            579382888;           0.005
                  31;              2764800;            579353302;           0.005
                  32;              2764800;            579261610;           0.005
                  33;              2764800;            579317278;           0.005
                  34;              2764800;            579288518;           0.005
                  35;              2764800;            579323744;           0.005
                  36;              2764800;            579310774;           0.005
                  37;              2764800;            579401696;           0.005
                  38;              2764800;            579311948;           0.005
                  39;              2764800;            579399018;           0.005
                  40;              2764800;            579318452;           0.005
                  41;              2764800;            579449184;           0.005
                  42;              2764800;            579327932;           0.005
                  43;              2764800;            579415802;           0.005
                  44;              2764800;            579390626;           0.005
                  45;              2764800;            579447772;           0.005
                  46;              2764800;            579300128;           0.005
                  47;              2764800;            579376488;           0.005
                  48;              2764800;            579336488;           0.005
                  49;              2764800;            579357378;           0.005
                  50;              2764800;            579275740;           0.005
                  51;              2764800;            579419454;           0.005
                  52;              2764800;            579266822;           0.005
                  53;              2764800;            579295554;           0.005
                  54;              2764800;            579285756;           0.005
                  55;              2764800;            579347172;           0.005
                  56;              2764800;            579322848;           0.005
                  57;              2764800;            579431628;           0.005
                  58;              2764800;            579430860;           0.005
                  59;              2764800;            579424450;           0.005
                  60;              2764800;            579458164;           0.005
                  61;              2764800;            579337768;           0.005
                  62;              2764800;            579430450;           0.005
                  63;              2764800;            579388130;           0.005
                  64;              2764800;            579407760;           0.005
                  65;              2764800;            579350732;           0.005
                  66;              2764800;            579367236;           0.005
                  67;              2764800;            579357926;           0.005
                  68;              2764800;            579331346;           0.005
                  69;              2764800;            579326320;           0.005
                  70;              2764800;            579278924;           0.005
                  71;              2764800;            579307784;           0.005
                  72;              2764800;            579275852;           0.005
                  73;              2764800;            579400286;           0.005
                  74;              2764800;            579230042;           0.005
                  75;              2764800;            579289190;           0.005
                  76;              2764800;            579383074;           0.005
                  77;              2764800;            579269924;           0.005
                  78;              2764800;            579194496;           0.005
                  79;              2764800;            579338724;           0.005
                  80;              2764800;            579216126;           0.005
                  81;              2764800;            579217404;           0.005
                  82;              2764800;            579162462;           0.005
                  83;              2764800;            579282014;           0.005
                  84;              2764800;            579343432;           0.005
                  85;              2764800;            579135202;           0.005
                  86;              2764800;            579317692;           0.005
                  87;              2764800;            579274222;           0.005
                  88;              2764800;            579161292;           0.005
                  89;              2764800;            579219186;           0.005
                  90;              2764800;            579286126;           0.005
                  91;              2764800;            579178566;           0.005
                  92;              2764800;            579136452;           0.005
                  93;              2764800;            579253072;           0.005
                  94;              2764800;            579164198;           0.005
                  95;              2764800;            579164862;           0.005
                  96;              2764800;            579240592;           0.005
                  97;              2764800;            579261644;           0.005
                  98;              2764800;            579133098;           0.005
                  99;              2764800;            579414612;           0.005
                 100;              2764800;            579223230;           0.005
                 101;              2764800;            579236992;           0.005
                 102;              2764800;            579185358;           0.005
                 103;              2764800;            579117506;           0.005
                 104;              2764800;            579118026;           0.005
                 105;              2764800;            579138254;           0.005
                 106;              2764800;            579134340;           0.005
                 107;              2764800;            579326492;           0.005
                 108;              2764800;            579173650;           0.005
                 109;              2764800;            579277196;           0.005
                 110;              2764800;            579243202;           0.005
                 111;              2764800;            579243914;           0.005
                 112;              2764800;            579054710;           0.005
                 113;              2764800;            579394442;           0.005
                 114;              2764800;            579124098;           0.005
                 115;              2764800;            579177864;           0.005
                 116;              2764800;            579217642;           0.005
                 117;              2764800;            579106536;           0.005
                 118;              2764800;            579105972;           0.005
                 119;              2764800;            579117316;           0.005
                 120;              2764800;            579057168;           0.005
                 121;              2764800;            579161236;           0.005
                 122;              2764800;            579171340;           0.005
                 123;              2764800;            579057878;           0.005
                 124;              2764800;            579049322;           0.005
                 125;              2764800;            579045786;           0.005
                 126;              2764800;            579911594;           0.005
                 127;              2764800;            579337244;           0.005
                 128;              2764800;            579184740;           0.005
                 129;              2764800;            579094498;           0.005
                 130;              2764800;            578995326;           0.005
                 131;              2764800;            579109052;           0.005
                 132;              2764800;            579072928;           0.005
                 133;              2764800;            579169820;           0.005
                 134;              2764800;            578975248;           0.005
                 135;              2764800;            579142698;           0.005
                 136;              2764800;            578997690;           0.005
                 137;              2764800;            578995758;           0.005
                 138;              2764800;            578971240;           0.005
                 139;              2764800;            579045286;           0.005
                 140;              2764800;            579033472;           0.005
                 141;              2764800;            578998300;           0.005
                 142;              2764800;            579030372;           0.005
                 143;              2764800;            579141646;           0.005
                 144;              2764800;            579104128;           0.005
                 145;              2764800;            579028838;           0.005
                 146;              2764800;            579095916;           0.005
                 147;              2764800;            578988650;           0.005
                 148;              2764800;            578967366;           0.005
                 149;              2764800;            579018680;           0.005
                 150;              2764800;            579121232;           0.005
                 151;              2764800;            579827576;           0.005
                 152;              2764800;            579693122;           0.005
                 153;              2764800;            579574604;           0.005
                 154;              2764800;            579300710;           0.005
                 155;              2764800;            578957180;           0.005
                 156;              2764800;            579175388;           0.005
                 157;              2764800;            579477986;           0.005
                 158;              2764800;            579640566;           0.005
                 159;              2764800;            579512100;           0.005
                 160;              2764800;            579722650;           0.005
                 161;              2764800;            579098588;           0.005
                 162;              2764800;            579010120;           0.005
                 163;              2764800;            579499462;           0.005
                 164;              2764800;            578946558;           0.005
                 165;              2764800;            578958902;           0.005
                 166;              2764800;            579025526;           0.005
                 167;              2764800;            579033098;           0.005
                 168;              2764800;            578960070;           0.005
                 169;              2764800;            579586594;           0.005
                 170;              2764800;            579743596;           0.005
                 171;              2764800;            580134532;           0.005
                 172;              2764800;            580065466;           0.005
                 173;              2764800;            579853282;           0.005
                 174;              2764800;            579764016;           0.005
                 175;              2764800;            578902994;           0.005
                 176;              2764800;            578982314;           0.005
                 177;              2764800;            579021210;           0.005
                 178;              2764800;            579219156;           0.005
                 179;              2764800;            579363806;           0.005
                 180;              2764800;            579547642;           0.005
                 181;              2764800;            579425730;           0.005
                 182;              2764800;            579394824;           0.005
                 183;              2764800;            579436236;           0.005
                 184;              2764800;            579566242;           0.005
                 185;              2764800;            578823996;           0.005
                 186;              2764800;            578811248;           0.005
                 187;              2764800;            578771146;           0.005
                 188;              2764800;            578904680;           0.005
                 189;              2764800;            578906568;           0.005
                 190;              2764800;            578935532;           0.005
                 191;              2764800;            578854720;           0.005
                 192;              2764800;            578924504;           0.005
                 193;              2764800;            578873966;           0.005
                 194;              2764800;            578874602;           0.005
                 195;              2764800;            578887074;           0.005
                 196;              2764800;            578847562;           0.005
                 197;              2764800;            578917464;           0.005
                 198;              2764800;            578924198;           0.005
                 199;              2764800;            579022088;           0.005
                 200;              2764800;            578869792;           0.005
                 201;              2764800;            578988718;           0.005
                 202;              2764800;            578805806;           0.005
                 203;              2764800;            578861636;           0.005
                 204;              2764800;            578787944;           0.005
                 205;              2764800;            578868460;           0.005
                 206;              2764800;            578852166;           0.005
                 207;              2764800;            578836794;           0.005
                 208;              2764800;            578788980;           0.005
                 209;              2764800;            578715566;           0.005
                 210;              2764800;            578835460;           0.005
                 211;              2764800;            578777044;           0.005
                 212;              2764800;            578795130;           0.005
                 213;              2764800;            578802906;           0.005
                 214;              2764800;            578861396;           0.005
                 215;              2764800;            578715952;           0.005
                 216;              2764800;            578730568;           0.005
                 217;              2764800;            578644948;           0.005
                 218;              2764800;            578669872;           0.005
                 219;              2764800;            578568724;           0.005
                 220;              2764800;            578748716;           0.005
                 221;              2764800;            578612678;           0.005
                 222;              2764800;            578525862;           0.005
                 223;              2764800;            578515408;           0.005
                 224;              2764800;            578590076;           0.005
                 225;              2764800;            578186414;           0.005
                 226;              2764800;            578412682;           0.005
                 227;              2764800;            578556042;           0.005
                 228;              2764800;            578589452;           0.005
                 229;              2764800;            578677954;           0.005
                 230;              2764800;            578712762;           0.005
                 231;              2764800;            578878432;           0.005
                 232;              2764800;            578868232;           0.005
                 233;              2764800;            578941544;           0.005
                 234;              2764800;            579084780;           0.005
                 235;              2764800;            579088018;           0.005
                 236;              2764800;            579184240;           0.005
                 237;              2764800;            578527058;           0.005
                 238;              2764800;            578759830;           0.005
                 239;              2764800;            579025820;           0.005
                 240;              2764800;            579043278;           0.005
                 241;              2764800;            579106758;           0.005
                 242;              2764800;            579151908;           0.005
                 243;              2764800;            579099234;           0.005
                 244;              2764800;            579177220;           0.005
                 245;              2764800;            579258012;           0.005
                 246;              2764800;            579252334;           0.005
                 247;              2764800;            579191854;           0.005
                 248;              2764800;            579293172;           0.005
                 249;              2764800;            579242454;           0.005
                 250;              2764800;            579215218;           0.005
                 251;              2764800;            579246252;           0.005
                 252;              2764800;            579270740;           0.005
                 253;              2764800;            579365448;           0.005
                 254;              2764800;            579240448;           0.005
                 255;              2764800;            579352798;           0.005
                 256;              2764800;            579265574;           0.005
                 257;              2764800;            579382106;           0.005
                 258;              2764800;            580331808;           0.005
                 259;              2764800;            579630098;           0.005
                 260;              2764800;            579368496;           0.005
                 261;              2764800;            579256816;           0.005
                 262;              2764800;            579409504;           0.005
                 263;              2764800;            579312724;           0.005
                 264;              2764800;            579288502;           0.005
                 265;              2764800;            579365598;           0.005
                 266;              2764800;            579516770;           0.005
                 267;              2764800;            579321872;           0.005
                 268;              2764800;            579433140;           0.005
                 269;              2764800;            579431352;           0.005
                 270;              2764800;            579212638;           0.005
                 271;              2764800;            579234144;           0.005
                 272;              2764800;            579126166;           0.005
                 273;              2764800;            579289618;           0.005
                 274;              2764800;            579229490;           0.005
                 275;              2764800;            579225892;           0.005
                 276;              2764800;            579125250;           0.005
                 277;              2764800;            579525034;           0.005
                 278;              2764800;            583489336;           0.005
                 279;              2764800;            582825896;           0.005
                 280;              2764800;            588378840;           0.005
                 281;              2764800;            582944208;           0.005
                 282;              2764800;            581332144;           0.005
                 283;              2764800;            581176996;           0.005
                 284;              2764800;            580090278;           0.005
                 285;              2764800;            579104362;           0.005
                 286;              2764800;            579135240;           0.005
                 287;              2764800;            579082342;           0.005
                 288;              2764800;            579160194;           0.005
                 289;              2764800;            579149786;           0.005
                 290;              2764800;            579244148;           0.005
                 291;              2764800;            579249432;           0.005
                 292;              2764800;            579135408;           0.005
                 293;              2764800;            579228970;           0.005
                 294;              2764800;            579176302;           0.005
                 295;              2764800;            579178548;           0.005
                 296;              2764800;            579231272;           0.005
                 297;              2764800;            579208660;           0.005
                 298;              2764800;            579286604;           0.005
                 299;              2764800;            579223104;           0.005
                 300;              2764800;            579239398;           0.005
                 301;              2764800;            579311110;           0.005
                 302;              2764800;            579268428;           0.005
                 303;              2764800;            579152690;           0.005
                 304;              2764800;            579447654;           0.005
                 305;              2764800;            579255792;           0.005
                 306;              2764800;            579240688;           0.005
                 307;              2764800;            579254208;           0.005
                 308;              2764800;            579244746;           0.005
                 309;              2764800;            579186276;           0.005
                 310;              2764800;            579290862;           0.005
                 311;              2764800;            579326656;           0.005
                 312;              2764800;            579345300;           0.005
                 313;              2764800;            579319072;           0.005
                 314;              2764800;            579307692;           0.005
                 315;              2764800;            579313850;           0.005
                 316;              2764800;            579275482;           0.005
                 317;              2764800;            579247218;           0.005
                 318;              2764800;            579266070;           0.005
                 319;              2764800;            579376300;           0.005
                 320;              2764800;            579168082;           0.005
                 321;              2764800;            579272110;           0.005
                 322;              2764800;            579245336;           0.005
                 323;              2764800;            579562120;           0.005
                 324;              2764800;            580047730;           0.005
                 325;              2764800;            579647818;           0.005
                 326;              2764800;            579342870;           0.005
                 327;              2764800;            579226782;           0.005
                 328;              2764800;            579218686;           0.005
                 329;              2764800;            579313622;           0.005
                 330;              2764800;            579264642;           0.005
                 331;              2764800;            579210226;           0.005
                 332;              2764800;            578801236;           0.005
                 333;              2764800;            578782918;           0.005
                 334;              2764800;            578861624;           0.005
                 335;              2764800;            578932046;           0.005
                 336;              2764800;            579002482;           0.005
                 337;              2764800;            578930618;           0.005
                 338;              2764800;            579039814;           0.005
                 339;              2764800;            579045890;           0.005
                 340;              2764800;            579115848;           0.005
                 341;              2764800;            579217004;           0.005
                 342;              2764800;            579029532;           0.005
                 343;              2764800;            579101176;           0.005
                 344;              2764800;            579085924;           0.005
                 345;              2764800;            579082202;           0.005
                 346;              2764800;            579125694;           0.005
                 347;              2764800;            579184506;           0.005
                 348;              2764800;            579083344;           0.005
                 349;              2764800;            579163696;           0.005
                 350;              2764800;            579080826;           0.005
                 351;              2764800;            579092888;           0.005
                 352;              2764800;            579133102;           0.005
                 353;              2764800;            579259582;           0.005
                 354;              2764800;            579106036;           0.005
                 355;              2764800;            579123338;           0.005
                 356;              2764800;            579157148;           0.005
                 357;              2764800;            579255184;           0.005
                 358;              2764800;            579281098;           0.005
                 359;              2764800;            579154012;           0.005

* Info: Process finished (host romeologin1.ro18.urca, process 42810)
* Info: Dumping samples (host romeologin1.ro18.urca, process 42810)
* Info: Dumping source info for callchain nodes (host romeologin1.ro18.urca, process 42810)
* Info: Building/writing metadata (host romeologin1.ro18.urca)
* Info: Finished collect step (host romeologin1.ro18.urca, process 42810)

Your experiment path is /home/antvidal/AOC/AOC-Computer-vision/maqao/sob_baseline/tools/lprof_npsu_run_0

To display your profiling results:
#################################################################################################
#    LEVEL    |     REPORT     |                            COMMAND                             #
#################################################################################################
#  Functions  |  Cluster-wide  |  maqao lprof -df xp=/home/antvidal/AOC/AOC-Computer-vision/ma  #
#  Functions  |  Per-node      |  maqao lprof -df -dn xp=/home/antvidal/AOC/AOC-Computer-visio  #
#  Functions  |  Per-process   |  maqao lprof -df -dp xp=/home/antvidal/AOC/AOC-Computer-visio  #
#  Functions  |  Per-thread    |  maqao lprof -df -dt xp=/home/antvidal/AOC/AOC-Computer-visio  #
#  Loops      |  Cluster-wide  |  maqao lprof -dl xp=/home/antvidal/AOC/AOC-Computer-vision/ma  #
#  Loops      |  Per-node      |  maqao lprof -dl -dn xp=/home/antvidal/AOC/AOC-Computer-visio  #
#  Loops      |  Per-process   |  maqao lprof -dl -dp xp=/home/antvidal/AOC/AOC-Computer-visio  #
#  Loops      |  Per-thread    |  maqao lprof -dl -dt xp=/home/antvidal/AOC/AOC-Computer-visio  #
#################################################################################################

