
* Info: Selecting the 'perf-low-ppn' engine for node knl07

* Info: Process launched (host knl07, process 388735)                   0;                  360;             25597614;           0.000
                   1;                  360;             24517388;           0.000
                   2;                  360;             24517934;           0.000
                   3;                  360;             24828482;           0.000
                   4;                  360;             24882942;           0.000
                   5;                  360;             24919538;           0.000
                   6;                  360;             25001144;           0.000
                   7;                  360;             25049962;           0.000
                   8;                  360;             24975496;           0.000
                   9;                  360;             25133220;           0.000
                  10;                  360;             25026708;           0.000
                  11;                  360;             24992380;           0.000
                  12;                  360;             25190536;           0.000
                  13;                  360;             25108258;           0.000
                  14;                  360;             25181520;           0.000
                  15;                  360;             25117722;           0.000
                  16;                  360;             25145218;           0.000
                  17;                  360;             25178160;           0.000
                  18;                  360;             25207490;           0.000
                  19;                  360;             25211074;           0.000
                  20;                  360;             25106676;           0.000
                  21;                  360;             25546794;           0.000
                  22;                  360;             25139030;           0.000
                  23;                  360;             25190466;           0.000
                  24;                  360;             25027310;           0.000
                  25;                  360;             25217416;           0.000
                  26;                  360;             25269594;           0.000
                  27;                  360;             25172756;           0.000
                  28;                  360;             25276874;           0.000
                  29;                  360;             25162200;           0.000
                  30;                  360;             25216478;           0.000
                  31;                  360;             24991918;           0.000
                  32;                  360;             24928288;           0.000
                  33;                  360;             30163056;           0.000
                  34;                  360;             25089960;           0.000
                  35;                  360;             24979066;           0.000
                  36;                  360;             24965892;           0.000
                  37;                  360;             24897572;           0.000
                  38;                  360;             24979682;           0.000
                  39;                  360;             24914204;           0.000
                  40;                  360;             24891398;           0.000
                  41;                  360;             25053322;           0.000
                  42;                  360;             25277700;           0.000
                  43;                  360;             47987632;           0.000
                  44;                  360;             24967712;           0.000
                  45;                  360;             25028486;           0.000
                  46;                  360;             24852884;           0.000
                  47;                  360;             25054134;           0.000
                  48;                  360;             25006772;           0.000
                  49;                  360;             24868676;           0.000
                  50;                  360;             25060672;           0.000
                  51;                  360;             24979934;           0.000
                  52;                  360;             24884944;           0.000
                  53;                  360;             25000444;           0.000
                  54;                  360;             24812242;           0.000
                  55;                  360;             24800454;           0.000
                  56;                  360;             24997812;           0.000
                  57;                  360;             24864252;           0.000
                  58;                  360;             24810030;           0.000
                  59;                  360;             25072572;           0.000
                  60;                  360;             24895402;           0.000
                  61;                  360;             24914960;           0.000
                  62;                  360;             24931914;           0.000
                  63;                  360;             24902878;           0.000
                  64;                  360;             25026932;           0.000
                  65;                  360;             24884062;           0.000
                  66;                  360;             25107936;           0.000
                  67;                  360;             24993346;           0.000
                  68;                  360;             24951192;           0.000
                  69;                  360;             24945788;           0.000
                  70;                  360;             24860696;           0.000
                  71;                  360;             25341736;           0.000
                  72;                  360;             24891790;           0.000
                  73;                  360;             24905580;           0.000
                  74;                  360;             25043886;           0.000
                  75;                  360;             24941000;           0.000
                  76;                  360;             24956190;           0.000
                  77;                  360;             24933608;           0.000
                  78;                  360;             24979444;           0.000
                  79;                  360;             24910242;           0.000
                  80;                  360;             24841964;           0.000
                  81;                  360;             24949694;           0.000
                  82;                  360;             25051208;           0.000
                  83;                  360;             24853864;           0.000
                  84;                  360;             24855264;           0.000
                  85;                  360;             25342226;           0.000
                  86;                  360;             24914568;           0.000
                  87;                  360;             24902948;           0.000
                  88;                  360;             24934140;           0.000
                  89;                  360;             24820880;           0.000
                  90;                  360;             24986038;           0.000
                  91;                  360;             24982132;           0.000
                  92;                  360;             24837302;           0.000
                  93;                  360;             25239102;           0.000
                  94;                  360;             24889312;           0.000
                  95;                  360;             51779616;           0.000
                  96;                  360;             24884790;           0.000
                  97;                  360;             24953012;           0.000
                  98;                  360;             24836056;           0.000
                  99;                  360;             24931774;           0.000
                 100;                  360;             24866030;           0.000
                 101;                  360;             24492090;           0.000
                 102;                  360;             24476564;           0.000
                 103;                  360;             24584238;           0.000
                 104;                  360;             24677842;           0.000
                 105;                  360;             24731448;           0.000
                 106;                  360;             24686816;           0.000
                 107;                  360;             24796464;           0.000
                 108;                  360;             25015830;           0.000
                 109;                  360;             24873394;           0.000
                 110;                  360;             24912762;           0.000
                 111;                  360;             24776612;           0.000
                 112;                  360;             25031790;           0.000
                 113;                  360;             24944850;           0.000
                 114;                  360;             24809694;           0.000
                 115;                  360;             25049780;           0.000
                 116;                  360;             24966508;           0.000
                 117;                  360;             24919706;           0.000
                 118;                  360;             25392094;           0.000
                 119;                  360;             24917228;           0.000
                 120;                  360;             33690048;           0.000
                 121;                  360;             24782464;           0.000
                 122;                  360;             25259962;           0.000
                 123;                  360;             24759098;           0.000
                 124;                  360;             24926258;           0.000
                 125;                  360;             24928820;           0.000
                 126;                  360;             24927280;           0.000
                 127;                  360;             25041940;           0.000
                 128;                  360;             24947356;           0.000
                 129;                  360;             24844512;           0.000
                 130;                  360;             25220972;           0.000
                 131;                  360;             24884440;           0.000
                 132;                  360;             24978366;           0.000
                 133;                  360;             24883432;           0.000
                 134;                  360;             29401344;           0.000
                 135;                  360;             24931746;           0.000
                 136;                  360;             25143524;           0.000
                 137;                  360;             25055436;           0.000
                 138;                  360;             24991008;           0.000
                 139;                  360;             24825640;           0.000
                 140;                  360;             24891160;           0.000
                 141;                  360;             25373082;           0.000
                 142;                  360;             24809904;           0.000
                 143;                  360;             24919972;           0.000
                 144;                  360;             24887240;           0.000
                 145;                  360;             24891132;           0.000
                 146;                  360;             24944584;           0.000
                 147;                  360;             24857882;           0.000
                 148;                  360;             24998848;           0.000
                 149;                  360;             24909808;           0.000
                 150;                  360;             24867948;           0.000
                 151;                  360;             24968188;           0.000
                 152;                  360;             25031930;           0.000
                 153;                  360;             24861606;           0.000
                 154;                  360;             51946398;           0.000
                 155;                  360;             24871140;           0.000
                 156;                  360;             25280962;           0.000
                 157;                  360;             24849762;           0.000
                 158;                  360;             24665676;           0.000
                 159;                  360;             25085578;           0.000
                 160;                  360;             24760862;           0.000
                 161;                  360;             24630536;           0.000
                 162;                  360;             24651200;           0.000
                 163;                  360;             24775674;           0.000
                 164;                  360;             24638292;           0.000
                 165;                  360;             24827348;           0.000
                 166;                  360;             24993360;           0.000
                 167;                  360;             24597804;           0.000
                 168;                  360;             24932082;           0.000
                 169;                  360;             24729012;           0.000
                 170;                  360;             24835986;           0.000
                 171;                  360;             24784620;           0.000
                 172;                  360;             24815364;           0.000
                 173;                  360;             24706962;           0.000
                 174;                  360;             24697736;           0.000
                 175;                  360;             24698744;           0.000
                 176;                  360;             24715194;           0.000
                 177;                  360;             24800622;           0.000
                 178;                  360;             24648834;           0.000
                 179;                  360;             24697330;           0.000
                 180;                  360;             24776542;           0.000
                 181;                  360;             24891370;           0.000
                 182;                  360;             24640686;           0.000
                 183;                  360;             24739876;           0.000
                 184;                  360;             24731854;           0.000
                 185;                  360;             24691688;           0.000
                 186;                  360;             25219670;           0.000
                 187;                  360;             24636290;           0.000
                 188;                  360;             24700690;           0.000
                 189;                  360;             41360438;           0.000
                 190;                  360;             24023356;           0.000
                 191;                  360;             24022978;           0.000
                 192;                  360;             24052308;           0.000
                 193;                  360;             24048122;           0.000
                 194;                  360;             24351600;           0.000
                 195;                  360;             24122868;           0.000
                 196;                  360;             24080840;           0.000
                 197;                  360;             24174640;           0.000
                 198;                  360;             24290462;           0.000
                 199;                  360;             24222604;           0.000
                 200;                  360;             24201716;           0.000
                 201;                  360;             24264996;           0.000
                 202;                  360;             24351026;           0.000
                 203;                  360;             24332448;           0.000
                 204;                  360;             24206980;           0.000
                 205;                  360;             24226272;           0.000
                 206;                  360;             24382456;           0.000
                 207;                  360;             24263106;           0.000
                 208;                  360;             24226804;           0.000
                 209;                  360;             24263400;           0.000
                 210;                  360;             24417498;           0.000
                 211;                  360;             24242890;           0.000
                 212;                  360;             24277904;           0.000
                 213;                  360;             24320702;           0.000
                 214;                  360;             24311308;           0.000
                 215;                  360;             24350536;           0.000
                 216;                  360;             24353490;           0.000
                 217;                  360;             27666590;           0.000
                 218;                  360;             24930682;           0.000
                 219;                  360;             24928456;           0.000
                 220;                  360;             24841614;           0.000
                 221;                  360;             25003958;           0.000
                 222;                  360;             24487134;           0.000
                 223;                  360;             23939622;           0.000
                 224;                  360;             23945614;           0.000
                 225;                  360;             24171280;           0.000
                 226;                  360;             24112186;           0.000
                 227;                  360;             24040492;           0.000
                 228;                  360;             24006220;           0.000
                 229;                  360;             24019828;           0.000
                 230;                  360;             24095610;           0.000
                 231;                  360;             24149594;           0.000
                 232;                  360;             24100314;           0.000
                 233;                  360;             24133018;           0.000
                 234;                  360;             24108000;           0.000
                 235;                  360;             24244486;           0.000
                 236;                  360;             24210844;           0.000
                 237;                  360;             32496296;           0.000
                 238;                  360;             24295236;           0.000
                 239;                  360;             24225922;           0.000
                 240;                  360;             24278212;           0.000
                 241;                  360;             24338132;           0.000
                 242;                  360;             24372796;           0.000
                 243;                  360;             24311826;           0.000
                 244;                  360;             24241378;           0.000
                 245;                  360;             24400642;           0.000
                 246;                  360;             24251290;           0.000
                 247;                  360;             24252760;           0.000
                 248;                  360;             24248364;           0.000
                 249;                  360;             24356234;           0.000
                 250;                  360;             24259256;           0.000
                 251;                  360;             24287928;           0.000
                 252;                  360;             24315928;           0.000
                 253;                  360;             24396708;           0.000
                 254;                  360;             24265122;           0.000
                 255;                  360;             24285604;           0.000
                 256;                  360;             24180772;           0.000
                 257;                  360;             24353602;           0.000
                 258;                  360;             24307752;           0.000
                 259;                  360;             24222366;           0.000
                 260;                  360;             24280914;           0.000
                 261;                  360;             24397464;           0.000
                 262;                  360;             24236212;           0.000
                 263;                  360;             24265962;           0.000
                 264;                  360;             24278030;           0.000
                 265;                  360;             24361568;           0.000
                 266;                  360;             24278310;           0.000
                 267;                  360;             24266816;           0.000
                 268;                  360;             24406032;           0.000
                 269;                  360;             24372572;           0.000
                 270;                  360;             24278100;           0.000
                 271;                  360;             24296174;           0.000
                 272;                  360;             24228148;           0.000
                 273;                  360;             24405878;           0.000
                 274;                  360;             24302180;           0.000
                 275;                  360;             24311588;           0.000
                 276;                  360;             24419248;           0.000
                 277;                  360;             24328150;           0.000
                 278;                  360;             24201058;           0.000
                 279;                  360;             24288222;           0.000
                 280;                  360;             24403680;           0.000
                 281;                  360;             35713678;           0.000
                 282;                  360;             24233370;           0.000
                 283;                  360;             24290910;           0.000
                 284;                  360;             24393978;           0.000
                 285;                  360;             24302418;           0.000
                 286;                  360;             24312512;           0.000
                 287;                  360;             24269028;           0.000
                 288;                  360;             24328976;           0.000
                 289;                  360;             24296986;           0.000
                 290;                  360;             24207554;           0.000
                 291;                  360;             24327688;           0.000
                 292;                  360;             24362772;           0.000
                 293;                  360;             24222002;           0.000
                 294;                  360;             24283224;           0.000
                 295;                  360;             24292982;           0.000
                 296;                  360;             24341912;           0.000
                 297;                  360;             24332490;           0.000
                 298;                  360;             24282888;           0.000
                 299;                  360;             24374980;           0.000
                 300;                  360;             24394706;           0.000
                 301;                  360;             24290672;           0.000
                 302;                  360;             24303860;           0.000
                 303;                  360;             24314892;           0.000
                 304;                  360;             24378760;           0.000
                 305;                  360;             24423770;           0.000
                 306;                  360;             24704848;           0.000
                 307;                  360;             24314360;           0.000
                 308;                  360;             24319750;           0.000
                 309;                  360;             24346490;           0.000
                 310;                  360;             24286472;           0.000
                 311;                  360;             24330628;           0.000
                 312;                  360;             24278562;           0.000
                 313;                  360;             24194534;           0.000
                 314;                  360;             24320870;           0.000
                 315;                  360;             24293794;           0.000
                 316;                  360;             24158876;           0.000
                 317;                  360;             24258654;           0.000
                 318;                  360;             24350746;           0.000
                 319;                  360;             24186680;           0.000
                 320;                  360;             24235120;           0.000
                 321;                  360;             24410288;           0.000
                 322;                  360;             24208996;           0.000
                 323;                  360;             24228302;           0.000
                 324;                  360;             24291064;           0.000
                 325;                  360;             24350746;           0.000
                 326;                  360;             24240216;           0.000
                 327;                  360;             24274572;           0.000
                 328;                  360;             33210394;           0.000
                 329;                  360;             24271828;           0.000
                 330;                  360;             24442432;           0.000
                 331;                  360;             24243296;           0.000
                 332;                  360;             24273774;           0.000
                 333;                  360;             24418814;           0.000
                 334;                  360;             24293892;           0.000
                 335;                  360;             24221288;           0.000
                 336;                  360;             24244892;           0.000
                 337;                  360;             24276938;           0.000
                 338;                  360;             24190026;           0.000
                 339;                  360;             24276756;           0.000
                 340;                  360;             24350074;           0.000
                 341;                  360;             24265584;           0.000
                 342;                  360;             24265850;           0.000
                 343;                  360;             24333806;           0.000
                 344;                  360;             24354596;           0.000
                 345;                  360;             24285912;           0.000
                 346;                  360;             24653384;           0.000
                 347;                  360;             24308144;           0.000
                 348;                  360;             24195654;           0.000
                 349;                  360;             24252998;           0.000
                 350;                  360;             24478048;           0.000
                 351;                  360;             24337194;           0.000
                 352;                  360;             24291526;           0.000
                 353;                  360;             24161844;           0.000
                 354;                  360;             24346700;           0.000
                 355;                  360;             24320212;           0.000
                 356;                  360;             24202052;           0.000
                 357;                  360;             24368806;           0.000
                 358;                  360;             24233482;           0.000
                 359;                  360;             24179862;           0.000

* Info: Process finished (host knl07, process 388735)
* Info: Dumping samples (host knl07, process 388735)
* Info: Dumping source info for callchain nodes (host knl07, process 388735)
* Info: Building/writing metadata (host knl07)
* Info: Finished collect step (host knl07, process 388735)

Your experiment path is /scratch/chps/users/user22024/Projet/AOC-Computer-vision/maqao/sobel_v3/tools/lprof_npsu_run_0

To display your profiling results:
##########################################################################################################################################################
#    LEVEL    |     REPORT     |                                                         COMMAND                                                         #
##########################################################################################################################################################
#  Functions  |  Cluster-wide  |  maqao lprof -df xp=/scratch/chps/users/user22024/Projet/AOC-Computer-vision/maqao/sobel_v3/tools/lprof_npsu_run_0      #
#  Functions  |  Per-node      |  maqao lprof -df -dn xp=/scratch/chps/users/user22024/Projet/AOC-Computer-vision/maqao/sobel_v3/tools/lprof_npsu_run_0  #
#  Functions  |  Per-process   |  maqao lprof -df -dp xp=/scratch/chps/users/user22024/Projet/AOC-Computer-vision/maqao/sobel_v3/tools/lprof_npsu_run_0  #
#  Functions  |  Per-thread    |  maqao lprof -df -dt xp=/scratch/chps/users/user22024/Projet/AOC-Computer-vision/maqao/sobel_v3/tools/lprof_npsu_run_0  #
#  Loops      |  Cluster-wide  |  maqao lprof -dl xp=/scratch/chps/users/user22024/Projet/AOC-Computer-vision/maqao/sobel_v3/tools/lprof_npsu_run_0      #
#  Loops      |  Per-node      |  maqao lprof -dl -dn xp=/scratch/chps/users/user22024/Projet/AOC-Computer-vision/maqao/sobel_v3/tools/lprof_npsu_run_0  #
#  Loops      |  Per-process   |  maqao lprof -dl -dp xp=/scratch/chps/users/user22024/Projet/AOC-Computer-vision/maqao/sobel_v3/tools/lprof_npsu_run_0  #
#  Loops      |  Per-thread    |  maqao lprof -dl -dt xp=/scratch/chps/users/user22024/Projet/AOC-Computer-vision/maqao/sobel_v3/tools/lprof_npsu_run_0  #
##########################################################################################################################################################

