
* Info: Selecting the 'perf-low-ppn' engine for node knl07

* Info: Process launched (host knl07, process 357913)                   0;                  360;             17323348;           0.000
                   0;                  360;             17407390;           0.000
                   0;                  360;             17424484;           0.000
                   0;                  360;             17448424;           0.000
                   4;                  360;             36732766;           0.000
                   4;                  360;             36781248;           0.000
                   5;                  360;             36804698;           0.000
                   7;                  360;             36870526;           0.000
                   7;                  360;             36944754;           0.000
                   7;                  360;             36962450;           0.000
                   9;                  360;             37010372;           0.000
                   7;                  360;             36875958;           0.000
                  10;                  360;             37041074;           0.000
                   7;                  360;             36952188;           0.000
                  10;                  360;             37028572;           0.000
                  10;                  360;             37025646;           0.000
                  15;                  360;             37227778;           0.000
                  16;                  360;             37282336;           0.000
                   4;                  360;             36739878;           0.000
                  15;                  360;             37213624;           0.000
                  19;                  360;             37400356;           0.000
                  21;                  360;             37442748;           0.000
                  15;                  360;             37232930;           0.000
                  11;                  360;             37065448;           0.000
                  24;                  360;             37633470;           0.000
                  19;                  360;             37387518;           0.000
                  19;                  360;             37387350;           0.000
                  18;                  360;             37314606;           0.000
                  27;                  360;             37850638;           0.000
                  22;                  360;             37482984;           0.000
                  23;                  360;             37567348;           0.000
                  25;                  360;             37682778;           0.000
                  32;                  360;              1148434;           0.000
                  33;                  360;              1269856;           0.000
                  34;                  360;              1309770;           0.000
                  35;                  360;              1419740;           0.000
                  36;                  360;              9994614;           0.000
                  36;                  360;             10001712;           0.000
                  38;                  360;             10303048;           0.000
                  39;                  360;             10339154;           0.000
                  40;                  360;             10426486;           0.000
                  41;                  360;             10478580;           0.000
                  41;                  360;             10500322;           0.000
                  43;                  360;             10558590;           0.000
                  44;                  360;             10587178;           0.000
                  45;                  360;             10692192;           0.000
                  45;                  360;             10720710;           0.000
                  46;                  360;             10756466;           0.000
                  46;                  360;             10778264;           0.000
                  49;                  360;             10850896;           0.000
                  49;                  360;             10865778;           0.000
                  46;                  360;             10744370;           0.000
                  49;                  360;             10846822;           0.000
                  49;                  360;             10884216;           0.000
                  49;                  360;             10871504;           0.000
                  52;                  360;             11021878;           0.000
                  55;                  360;             11174324;           0.000
                  56;                  360;             11205866;           0.000
                  55;                  360;             11144112;           0.000
                  59;                  360;             11333938;           0.000
                  56;                  360;             11219012;           0.000
                  61;                  360;             11405702;           0.000
                  61;                  360;             11423230;           0.000
                  55;                  360;             11185860;           0.000
                  64;                  360;             24527986;           0.000
                  64;                  360;             24592260;           0.000
                  66;                  360;             24671052;           0.000
                  66;                  360;             24673460;           0.000
                  68;                  360;             24629822;           0.000
                  69;                  360;             24702286;           0.000
                  70;                  360;             24778908;           0.000
                  71;                  360;             25001858;           0.000
                  72;                  360;             27754230;           0.000
                  73;                  360;             27935866;           0.000
                  74;                  360;             28178416;           0.000
                  74;                  360;             28266252;           0.000
                  74;                  360;             28284522;           0.000
                  77;                  360;             28391888;           0.000
                  77;                  360;             28417732;           0.000
                  74;                  360;             28186578;           0.000
                  77;                  360;             28398020;           0.000
                  74;                  360;             28199654;           0.000
                  82;                  360;             28645414;           0.000
                  79;                  360;             28527044;           0.000
                  83;                  360;             28700532;           0.000
                  79;                  360;             28529368;           0.000
                  85;                  360;             28763070;           0.000
                  87;                  360;             28899052;           0.000
                  87;                  360;             28933968;           0.000
                  87;                  360;             28954940;           0.000
                  89;                  360;             28982030;           0.000
                  87;                  360;             28912044;           0.000
                  92;                  360;             29053444;           0.000
                  93;                  360;             29072344;           0.000
                  94;                  360;             29147566;           0.000
                  89;                  360;             28965622;           0.000
                  95;                  360;             29211336;           0.000
                  97;                  360;             29242514;           0.000
                  93;                  360;             29097754;           0.000
                  99;                  360;             29447124;           0.000
                 100;                  360;             12084408;           0.000
                 101;                  360;             12248446;           0.000
                 101;                  360;             12262530;           0.000
                 103;                  360;             12549390;           0.000
                 104;                  360;             33037088;           0.000
                 105;                  360;             33342918;           0.000
                 106;                  360;             33374306;           0.000
                 106;                  360;             33395516;           0.000
                 108;                  360;             33724586;           0.000
                 108;                  360;             33752404;           0.000
                 110;                  360;             33809846;           0.000
                 110;                  360;             33845056;           0.000
                 112;                  360;             33946346;           0.000
                 112;                  360;             33969670;           0.000
                 113;                  360;                31738;           0.011
                 110;                  360;             33814900;           0.000
                 116;                  360;                 3458;           0.104
                 116;                  360;                 8008;           0.045
                 115;                  360;                73276;           0.005
                 119;                  360;                68908;           0.005
                 119;                  360;                85456;           0.004
                 120;                  360;               115416;           0.003
                 122;                  360;               207550;           0.002
                 122;                  360;               261240;           0.001
                 119;                  360;                88494;           0.004
                 124;                  360;                37968;           0.009
                 126;                  360;                97846;           0.004
                 124;                  360;                19278;           0.019
                 128;                  360;               198198;           0.002
                 129;                  360;               303310;           0.001
                 130;                  360;               356972;           0.001
                 131;                  360;               743204;           0.000
                 132;                  360;             24081428;           0.000
                 133;                  360;             24256960;           0.000
                 134;                  360;             24284932;           0.000
                 135;                  360;             24610614;           0.000
                 136;                  360;             16241778;           0.000
                 137;                  360;             16744336;           0.000
                 138;                  360;             17064250;           0.000
                 138;                  360;             17153220;           0.000
                 138;                  360;             17083710;           0.000
                 140;                  360;             17313520;           0.000
                 138;                  360;             17189662;           0.000
                 142;                  360;             17394384;           0.000
                 139;                  360;             17269014;           0.000
                 142;                  360;             17373314;           0.000
                 146;                  360;             17686046;           0.000
                 147;                  360;             17777284;           0.000
                 148;                  360;             17860990;           0.000
                 149;                  360;             17922310;           0.000
                 150;                  360;             17961538;           0.000
                 151;                  360;             18014024;           0.000
                 152;                  360;             18054134;           0.000
                 153;                  360;             18121404;           0.000
                 154;                  360;             18169900;           0.000
                 154;                  360;             18249896;           0.000
                 154;                  360;             18175248;           0.000
                 157;                  360;             18419744;           0.000
                 158;                  360;             18463438;           0.000
                 158;                  360;             18527194;           0.000
                 158;                  360;             18475576;           0.000
                 161;                  360;             18662952;           0.000
                 162;                  360;             18883410;           0.000
                 163;                  360;             19236014;           0.000
                 164;                  360;             24210704;           0.000
                 165;                  360;             24498740;           0.000
                 165;                  360;             24506118;           0.000
                 167;                  360;             24810282;           0.000
                 168;                  360;             22271354;           0.000
                 169;                  360;             22624672;           0.000
                 170;                  360;             22669486;           0.000
                 171;                  360;             22888978;           0.000
                 172;                  360;             31971506;           0.000
                 173;                  360;             32417882;           0.000
                 174;                  360;             32933740;           0.000
                 175;                  360;             33037746;           0.000
                 176;                  360;             33110140;           0.000
                 176;                  360;             33134654;           0.000
                 177;                  360;             33222280;           0.000
                 177;                  360;             33251834;           0.000
                 180;                  360;             33308562;           0.000
                 177;                  360;             33153708;           0.000
                 182;                  360;             33523952;           0.000
                 182;                  360;             33550342;           0.000
                 184;                  360;             33718216;           0.000
                 185;                  360;             33962642;           0.000
                 186;                  360;             33985140;           0.000
                 187;                  360;             34109124;           0.000
                 187;                  360;             34186180;           0.000
                 188;                  360;             34248214;           0.000
                 187;                  360;             34126316;           0.000
                 191;                  360;             34335378;           0.000
                 187;                  360;             34184612;           0.000
                 193;                  360;             34500564;           0.000
                 193;                  360;             34516916;           0.000
                 195;                  360;             34582646;           0.000
                 196;                  360;             34810118;           0.000
                 197;                  360;             34997676;           0.000
                 198;                  360;             35257810;           0.000
                 199;                  360;             35567560;           0.000
                 200;                  360;              3673292;           0.000
                 201;                  360;              3984344;           0.000
                 202;                  360;              4024636;           0.000
                 203;                  360;              4213594;           0.000
                 204;                  360;              5211290;           0.000
                 205;                  360;              5490114;           0.000
                 206;                  360;              6036128;           0.000
                 207;                  360;              6138412;           0.000
                 207;                  360;              6186908;           0.000
                 208;                  360;              6223518;           0.000
                 207;                  360;              6148366;           0.000
                 210;                  360;              6341552;           0.000
                 212;                  360;              6590612;           0.000
                 213;                  360;              6873692;           0.000
                 213;                  360;              6878102;           0.000
                 215;                  360;              7120288;           0.000
                 213;                  360;              6891500;           0.000
                 216;                  360;              7227948;           0.000
                 218;                  360;              7546336;           0.000
                 218;                  360;              7583520;           0.000
                 219;                  360;              7608146;           0.000
                 218;                  360;              7567000;           0.000
                 221;                  360;              7718620;           0.000
                 222;                  360;              7791280;           0.000
                 224;                  360;              7818986;           0.000
                 221;                  360;              7731094;           0.000
                 221;                  360;              7736078;           0.000
                 226;                  360;              7959350;           0.000
                 228;                  360;              8382654;           0.000
                 229;                  360;              8610518;           0.000
                 229;                  360;              8621130;           0.000
                 231;                  360;              9339764;           0.000
                 232;                  360;             24322214;           0.000
                 233;                  360;             24560354;           0.000
                 234;                  360;             24650682;           0.000
                 235;                  360;             24794896;           0.000
                 236;                  360;             22960714;           0.000
                 237;                  360;             23182096;           0.000
                 238;                  360;             23856616;           0.000
                 239;                  360;             23922724;           0.000
                 240;                  360;             24103240;           0.000
                 241;                  360;             24132640;           0.000
                 241;                  360;             24131016;           0.000
                 243;                  360;             24377262;           0.000
                 244;                  360;             24550946;           0.000
                 245;                  360;             24615234;           0.000
                 246;                  360;             24658102;           0.000
                 247;                  360;             24863510;           0.000
                 248;                  360;             24880884;           0.000
                 249;                  360;             24909668;           0.000
                 250;                  360;             25082568;           0.000
                 251;                  360;             25118660;           0.000
                 252;                  360;             25362008;           0.000
                 253;                  360;             25645886;           0.000
                 253;                  360;             25698456;           0.000
                 253;                  360;             25720548;           0.000
                 256;                  360;             25801272;           0.000
                 253;                  360;             25663526;           0.000
                 253;                  360;             25710608;           0.000
                 258;                  360;             25888576;           0.000
                 260;                  360;             26041036;           0.000
                 261;                  360;             26133618;           0.000
                 262;                  360;             26162514;           0.000
                 263;                  360;             26244904;           0.000
                 264;                  360;             26703586;           0.000
                 265;                  360;             27017382;           0.000
                 265;                  360;             27040202;           0.000
                 267;                  360;             27589716;           0.000
                 268;                  360;             14136850;           0.000
                 269;                  360;             14264222;           0.000
                 270;                  360;             14371546;           0.000
                 271;                  360;             14556864;           0.000
                 272;                  360;             30023518;           0.000
                 273;                  360;             30551584;           0.000
                 274;                  360;             31028942;           0.000
                 275;                  360;             31251290;           0.000
                 275;                  360;             31255980;           0.000
                 276;                  360;             31425072;           0.000
                 278;                  360;             31448970;           0.000
                 279;                  360;             31699738;           0.000
                 280;                  360;             32058656;           0.000
                 281;                  360;             32371738;           0.000
                 282;                  360;             33067342;           0.000
                 282;                  360;             33138910;           0.000
                 283;                  360;             33197010;           0.000
                 282;                  360;             33076008;           0.000
                 282;                  360;             33137678;           0.000
                 287;                  360;             33403636;           0.000
                 288;                  360;             33471592;           0.000
                 289;                  360;             33570124;           0.000
                 288;                  360;             33491164;           0.000
                 290;                  360;             33682936;           0.000
                 285;                  360;             33264574;           0.000
                 293;                  360;             33844202;           0.000
                 294;                  360;             33968550;           0.000
                 294;                  360;             33969488;           0.000
                 296;                  360;             34761552;           0.000
                 297;                  360;             34856724;           0.000
                 298;                  360;             34937308;           0.000
                 299;                  360;             35336742;           0.000
                 300;                  360;             21712040;           0.000
                 300;                  360;             21809998;           0.000
                 300;                  360;             21722680;           0.000
                 303;                  360;             22090362;           0.000
                 304;                  360;             22273524;           0.000
                 304;                  360;             22302000;           0.000
                 306;                  360;             23224460;           0.000
                 307;                  360;             23258242;           0.000
                 308;                  360;             29610168;           0.000
                 309;                  360;             30251900;           0.000
                 310;                  360;             31077718;           0.000
                 311;                  360;             32034268;           0.000
                 312;                  360;             32845806;           0.000
                 313;                  360;             32974284;           0.000
                 313;                  360;             32974424;           0.000
                 314;                  360;             33161730;           0.000
                 316;                  360;             33215196;           0.000
                 316;                  360;             33235748;           0.000
                 316;                  360;             33235524;           0.000
                 318;                  360;             33606972;           0.000
                 319;                  360;             33636218;           0.000
                 317;                  360;             33354118;           0.000
                 322;                  360;             33899586;           0.000
                 322;                  360;             33948796;           0.000
                 324;                  360;             34555010;           0.000
                 325;                  360;             34658876;           0.000
                 326;                  360;             35176638;           0.000
                 327;                  360;             35635096;           0.000
                 328;                  360;              3101966;           0.000
                 329;                  360;              3141866;           0.000
                 330;                  360;              3199896;           0.000
                 331;                  360;              3335934;           0.000
                 332;                  360;              3580794;           0.000
                 332;                  360;              3604146;           0.000
                 334;                  360;              4428060;           0.000
                 335;                  360;              4496688;           0.000
                 336;                  360;             29060738;           0.000
                 337;                  360;             29624014;           0.000
                 338;                  360;             30643256;           0.000
                 339;                  360;             31611342;           0.000
                 340;                  360;             32125156;           0.000
                 341;                  360;             32719218;           0.000
                 342;                  360;             32800600;           0.000
                 342;                  360;             32907798;           0.000
                 342;                  360;             32817022;           0.000
                 342;                  360;             32915400;           0.000
                 345;                  360;             33059446;           0.000
                 345;                  360;             33067776;           0.000
                 348;                  360;             33405232;           0.000
                 348;                  360;             33409264;           0.000
                 350;                  360;             33739944;           0.000
                 351;                  360;             33805492;           0.000
                 352;                  360;             34435786;           0.000
                 353;                  360;             34671658;           0.000
                 354;                  360;             35123536;           0.000
                 355;                  360;             35543200;           0.000
                 356;                  360;             20687394;           0.000
                 357;                  360;             23770124;           0.000
                 358;                  360;             24268132;           0.000
                 359;                  360;             24507854;           0.000

* Info: Process finished (host knl07, process 357913)
* Info: Dumping samples (host knl07, process 357913)
* Info: Dumping source info for callchain nodes (host knl07, process 357913)
* Info: Building/writing metadata (host knl07)
* Info: Finished collect step (host knl07, process 357913)

Your experiment path is /scratch/chps/users/user22024/Projet/AOC-Computer-vision/maqao/sobel_v3/tools/lprof_npsu_run_5

To display your profiling results:
##########################################################################################################################################################
#    LEVEL    |     REPORT     |                                                         COMMAND                                                         #
##########################################################################################################################################################
#  Functions  |  Cluster-wide  |  maqao lprof -df xp=/scratch/chps/users/user22024/Projet/AOC-Computer-vision/maqao/sobel_v3/tools/lprof_npsu_run_5      #
#  Functions  |  Per-node      |  maqao lprof -df -dn xp=/scratch/chps/users/user22024/Projet/AOC-Computer-vision/maqao/sobel_v3/tools/lprof_npsu_run_5  #
#  Functions  |  Per-process   |  maqao lprof -df -dp xp=/scratch/chps/users/user22024/Projet/AOC-Computer-vision/maqao/sobel_v3/tools/lprof_npsu_run_5  #
#  Functions  |  Per-thread    |  maqao lprof -df -dt xp=/scratch/chps/users/user22024/Projet/AOC-Computer-vision/maqao/sobel_v3/tools/lprof_npsu_run_5  #
#  Loops      |  Cluster-wide  |  maqao lprof -dl xp=/scratch/chps/users/user22024/Projet/AOC-Computer-vision/maqao/sobel_v3/tools/lprof_npsu_run_5      #
#  Loops      |  Per-node      |  maqao lprof -dl -dn xp=/scratch/chps/users/user22024/Projet/AOC-Computer-vision/maqao/sobel_v3/tools/lprof_npsu_run_5  #
#  Loops      |  Per-process   |  maqao lprof -dl -dp xp=/scratch/chps/users/user22024/Projet/AOC-Computer-vision/maqao/sobel_v3/tools/lprof_npsu_run_5  #
#  Loops      |  Per-thread    |  maqao lprof -dl -dt xp=/scratch/chps/users/user22024/Projet/AOC-Computer-vision/maqao/sobel_v3/tools/lprof_npsu_run_5  #
##########################################################################################################################################################

